2015-01-02 14:26:27,241 - __main__ - INFO - Input DDI file: ddi_examples_40_60_over2top_diff_name_2014.txt
2015-01-02 14:26:27,241 - __main__ - INFO - DL: 1
2015-01-02 14:26:27,242 - __main__ - INFO - SVM: 1
2015-01-02 14:26:27,242 - __main__ - INFO - fisher_mode: FisherM1ONLY
2015-01-02 14:26:27,242 - __main__ - INFO - SAE_SVM_RBF_COMBO: 1
2015-01-02 14:26:27,242 - __main__ - INFO - SAE_SVM_COMBO: 1
2015-01-02 14:26:27,242 - __main__ - INFO - DL_U: 0
2015-01-02 14:26:27,242 - __main__ - INFO - DL_S: 0
2015-01-02 14:26:27,242 - __main__ - INFO - corruption_levels: [0, 0]
2015-01-02 14:26:27,242 - __main__ - INFO - SVM_RBF: 1
2015-01-02 14:26:27,243 - __main__ - INFO - SVM_POLY: 0
2015-01-02 14:26:27,243 - __main__ - INFO - reduce_ratio: 1
2015-01-02 14:26:27,243 - __main__ - INFO - filename: ddi_examples_40_60_over2top_diff_name_2014.txt
2015-01-02 14:26:27,243 - __main__ - INFO - pretraining_interations: 5001
2015-01-02 14:26:27,243 - __main__ - INFO - batch_size: 100
2015-01-02 14:26:27,243 - __main__ - INFO - SAE_SVM_RBF: 1
2015-01-02 14:26:27,243 - __main__ - INFO - with_auc_score: False
2015-01-02 14:26:27,243 - __main__ - INFO - pretrain_lr: 0.001
2015-01-02 14:26:27,244 - __main__ - INFO - training_epochs: 1500
2015-01-02 14:26:27,244 - __main__ - INFO - finetune_lr: 1
2015-01-02 14:26:27,244 - __main__ - INFO - hidden_layers_sizes: [100, 100]
2015-01-02 14:26:27,244 - __main__ - INFO - SAE_SVM: 1
2015-01-02 14:26:27,244 - __main__ - INFO - DDI: RNA_pol_Rpb1_5_int_RNA_pol_Rpb5_N
2015-01-02 14:26:33,607 - __main__ - INFO - Input DDI file: ddi_examples_40_60_over2top_diff_name_2014.txt
2015-01-02 14:26:33,607 - __main__ - INFO - DL: 1
2015-01-02 14:26:33,607 - __main__ - INFO - SVM: 1
2015-01-02 14:26:33,607 - __main__ - INFO - fisher_mode: FisherM1
2015-01-02 14:26:33,607 - __main__ - INFO - SAE_SVM_RBF_COMBO: 1
2015-01-02 14:26:33,608 - __main__ - INFO - SAE_SVM_COMBO: 1
2015-01-02 14:26:33,608 - __main__ - INFO - DL_U: 0
2015-01-02 14:26:33,608 - __main__ - INFO - DL_S: 0
2015-01-02 14:26:33,608 - __main__ - INFO - corruption_levels: [0, 0]
2015-01-02 14:26:33,608 - __main__ - INFO - SVM_RBF: 1
2015-01-02 14:26:33,608 - __main__ - INFO - SVM_POLY: 0
2015-01-02 14:26:33,609 - __main__ - INFO - reduce_ratio: 1
2015-01-02 14:26:33,609 - __main__ - INFO - filename: ddi_examples_40_60_over2top_diff_name_2014.txt
2015-01-02 14:26:33,609 - __main__ - INFO - pretraining_interations: 5003
2015-01-02 14:26:33,609 - __main__ - INFO - batch_size: 100
2015-01-02 14:26:33,609 - __main__ - INFO - SAE_SVM_RBF: 1
2015-01-02 14:26:33,609 - __main__ - INFO - with_auc_score: False
2015-01-02 14:26:33,609 - __main__ - INFO - pretrain_lr: 0.001
2015-01-02 14:26:33,610 - __main__ - INFO - training_epochs: 1503
2015-01-02 14:26:33,610 - __main__ - INFO - finetune_lr: 1
2015-01-02 14:26:33,610 - __main__ - INFO - hidden_layers_sizes: [100, 100]
2015-01-02 14:26:33,610 - __main__ - INFO - SAE_SVM: 1
2015-01-02 14:26:33,610 - __main__ - INFO - DDI: RNA_pol_Rpb1_5_int_RNA_pol_Rpb5_N
2015-01-02 15:02:40,688 - __main__ - INFO - DDI: NTP_transf_2_int_tRNA_NucTransf2
2015-01-02 15:53:02,885 - __main__ - INFO - DDI: Pkinase_int_TGF_beta_GS
2015-01-02 16:10:14,868 - __main__ - INFO - DDI: NTP_transf_2_int_tRNA_NucTransf2
2015-01-02 17:02:43,076 - __main__ - INFO - DDI: Eno-Rase_FAD_bd_int_Enoyl_reductase
2015-01-02 18:05:37,886 - __main__ - INFO - DDI: Pkinase_int_TGF_beta_GS
2015-01-02 19:01:27,235 - __main__ - INFO - DDI: C2-set_2_int_V-set
2015-01-02 19:53:02,342 - __main__ - INFO - DDI: LRR_1_int_LRR_7
2015-01-02 19:53:11,599 - __main__ - DEBUG - There is a error in this ddi: LRR_1_int_LRR_7
2015-01-02 19:53:11,600 - __main__ - INFO - [Errno 2] No such file or directory: '/big/du/Protein_Protein_Interaction_Project/Contact_Matrix_Project/Vectors_Fishers_aaIndex_raw_2014_paper/LRR_1_int_LRR_7/F0_20_F1_20_Sliding_17_11_F0_20_F1_20_Sliding_17_11_ouput_20.txt'
2015-01-02 19:53:11,600 - __main__ - INFO - DDI: PSII_int_PsbU
2015-01-02 20:20:31,516 - __main__ - INFO - DDI: Eno-Rase_FAD_bd_int_Enoyl_reductase
2015-01-02 20:45:24,800 - __main__ - INFO - DDI: Skp1_int_Skp1_POZ
2015-01-02 22:23:35,515 - __main__ - INFO - DDI: Lyase_8_int_Lyase_8_N
2015-01-02 23:28:59,944 - __main__ - INFO - DDI: C2-set_2_int_V-set
2015-01-03 00:52:54,170 - __main__ - INFO - DDI: Lyase_8_int_Lyase_8_C
2015-01-03 01:17:54,797 - __main__ - INFO - DDI: LRR_1_int_LRR_7
2015-01-03 01:18:01,835 - __main__ - DEBUG - There is a error in this ddi: LRR_1_int_LRR_7
2015-01-03 01:18:01,835 - __main__ - INFO - [Errno 2] No such file or directory: '/big/du/Protein_Protein_Interaction_Project/Contact_Matrix_Project/Vectors_Fishers_aaIndex_raw_2014_paper/LRR_1_int_LRR_7/F0_20_F1_20_Sliding_17_11_F0_20_F1_20_Sliding_17_11_ouput_20.txt'
2015-01-03 01:18:01,835 - __main__ - INFO - DDI: PSII_int_PsbU
2015-01-03 03:00:22,162 - __main__ - INFO - DDI: OKR_DC_1_int_OKR_DC_1_N
2015-01-03 03:05:11,945 - __main__ - INFO - DDI: Skp1_int_Skp1_POZ
2015-01-03 03:52:05,703 - __main__ - INFO - DDI: SUFU_int_SUFU_C
2015-01-03 04:43:43,028 - __main__ - INFO - DDI: Alpha-amylase_int_DUF3459
2015-01-03 05:48:02,685 - __main__ - INFO - DDI: Lyase_8_int_Lyase_8_N
2015-01-03 07:14:25,502 - __main__ - INFO - DDI: Sigma70_r2_int_Sigma70_r3
2015-01-03 08:01:31,395 - __main__ - INFO - DDI: FXa_inhibition_int_Ldl_recept_b
2015-01-03 08:57:17,855 - __main__ - INFO - DDI: Fn3-like_int_Glyco_hydro_3
2015-01-03 09:43:54,309 - __main__ - INFO - DDI: Lyase_8_int_Lyase_8_C
2015-01-03 10:06:35,712 - __main__ - INFO - DDI: GT36_AF_int_Glyco_transf_36
2015-01-03 12:58:41,388 - __main__ - INFO - DDI: ERAP1_C_int_Peptidase_M1
2015-01-03 13:14:22,998 - __main__ - INFO - DDI: OKR_DC_1_int_OKR_DC_1_N
2015-01-03 14:47:51,959 - __main__ - INFO - DDI: DNA_PPF_int_gp45-slide_C
2015-01-03 15:00:58,034 - __main__ - INFO - DDI: SUFU_int_SUFU_C
2015-01-03 15:54:26,118 - __main__ - INFO - DDI: Asn_synthase_int_GATase_7
2015-01-03 16:48:48,369 - __main__ - INFO - DDI: Hemocyanin_M_int_Hemocyanin_N
2015-01-03 16:50:30,483 - __main__ - INFO - DDI: Alpha-amylase_int_DUF3459
2015-01-03 18:32:24,370 - __main__ - INFO - DDI: Colicin-DNase_int_Colicin_Pyocin
2015-01-03 19:33:53,855 - __main__ - INFO - DDI: FERM_C_int_FERM_N
2015-01-03 20:29:10,074 - __main__ - INFO - DDI: FERM_C_int_FERM_M
2015-01-03 20:41:13,457 - __main__ - INFO - DDI: Sigma70_r2_int_Sigma70_r3
2015-01-03 21:32:33,872 - __main__ - INFO - DDI: TetR_C_2_int_TetR_N
2015-01-03 22:23:36,247 - __main__ - INFO - DDI: FXa_inhibition_int_Ldl_recept_b
2015-01-03 22:33:12,622 - __main__ - INFO - DDI: FG-GAP_int_Integrin_beta
2015-01-03 22:33:12,649 - __main__ - DEBUG - There is a error in this ddi: FG-GAP_int_Integrin_beta
2015-01-03 22:33:12,649 - __main__ - INFO - [Errno 2] No such file or directory: '/big/du/Protein_Protein_Interaction_Project/Contact_Matrix_Project/Vectors_Fishers_aaIndex_raw_2014_paper/FG-GAP_int_Integrin_beta/F0_20_F1_20_Sliding_17_11_F0_20_F1_20_Sliding_17_11_ouput_1.txt'
2015-01-03 22:33:12,650 - __main__ - INFO - DDI: Trypsin_int_V-set
2015-01-03 23:37:56,289 - __main__ - INFO - DDI: Arg_repressor_int_Arg_repressor_C
2015-01-04 00:15:24,589 - __main__ - INFO - DDI: Fn3-like_int_Glyco_hydro_3
2015-01-04 00:27:26,057 - __main__ - INFO - DDI: Peptidase_S9_int_Peptidase_S9_N
2015-01-04 02:24:40,194 - __main__ - INFO - DDI: GT36_AF_int_Glyco_transf_36
2015-01-04 05:46:26,005 - __main__ - INFO - DDI: GAF_int_PHY
2015-01-04 06:53:34,629 - __main__ - INFO - DDI: ERAP1_C_int_Peptidase_M1
2015-01-04 06:56:29,643 - __main__ - INFO - DDI: RNA_pol_Rpb2_6_int_Sigma70_r4
2015-01-04 07:41:11,331 - __main__ - INFO - DDI: PQQ_int_PQQ_2
2015-01-04 08:40:31,599 - __main__ - INFO - DDI: MutS_II_int_MutS_III
2015-01-04 09:49:48,140 - __main__ - INFO - DDI: EFG_IV_int_Exotox-A_cataly
2015-01-04 09:57:26,104 - __main__ - INFO - DDI: DNA_PPF_int_gp45-slide_C
2015-01-04 10:43:25,729 - __main__ - INFO - DDI: IlvC_int_IlvN
2015-01-04 11:58:51,061 - __main__ - INFO - DDI: Cytochrom_B_N_2_int_Rieske
2015-01-04 12:02:26,353 - __main__ - INFO - DDI: Asn_synthase_int_GATase_7
2015-01-04 12:45:08,431 - __main__ - INFO - DDI: RNA_pol_Rpb2_7_int_Sigma70_r3
2015-01-04 13:30:51,280 - __main__ - INFO - DDI: ABC_tran_int_CFTR_R
2015-01-04 13:53:50,634 - __main__ - INFO - DDI: Hemocyanin_M_int_Hemocyanin_N
2015-01-04 14:20:06,403 - __main__ - INFO - DDI: CBM_X_int_GT36_AF
2015-01-04 15:14:27,421 - __main__ - INFO - DDI: EFG_II_int_GTP_EFTU_D2
2015-01-04 15:58:00,038 - __main__ - INFO - DDI: Amidase_int_Glu-tRNAGln
2015-01-04 16:59:15,401 - __main__ - INFO - DDI: Colicin-DNase_int_Colicin_Pyocin
2015-01-04 17:38:18,283 - __main__ - INFO - DDI: Glyco_hydro_4_int_Glyco_hydro_4C
2015-01-04 18:58:36,740 - __main__ - INFO - DDI: FERM_C_int_FERM_N
2015-01-04 20:48:48,546 - __main__ - INFO - DDI: FERM_C_int_FERM_M
2015-01-04 21:54:05,289 - __main__ - INFO - DDI: ATLF_int_Anthrax-tox_M
2015-01-04 22:51:02,091 - __main__ - INFO - DDI: TetR_C_2_int_TetR_N
2015-01-04 23:12:21,240 - __main__ - INFO - DDI: Transglut_N_int_Transglut_core
2015-01-04 23:55:35,939 - __main__ - INFO - DDI: PDZ_2_int_Trypsin_2
2015-01-05 00:43:13,013 - __main__ - INFO - DDI: Stap_Strp_tox_C_int_V-set
2015-01-05 00:53:47,113 - __main__ - INFO - DDI: FG-GAP_int_Integrin_beta
2015-01-05 00:53:47,137 - __main__ - DEBUG - There is a error in this ddi: FG-GAP_int_Integrin_beta
2015-01-05 00:53:47,137 - __main__ - INFO - [Errno 2] No such file or directory: '/big/du/Protein_Protein_Interaction_Project/Contact_Matrix_Project/Vectors_Fishers_aaIndex_raw_2014_paper/FG-GAP_int_Integrin_beta/F0_20_F1_20_Sliding_17_11_F0_20_F1_20_Sliding_17_11_ouput_1.txt'
2015-01-05 00:53:47,137 - __main__ - INFO - DDI: Trypsin_int_V-set
2015-01-05 01:29:29,083 - __main__ - INFO - DDI: PNPase_int_RNase_PH
2015-01-05 02:16:52,293 - __main__ - INFO - DDI: AAA_int_CDC48_N
2015-01-05 02:55:47,408 - __main__ - INFO - DDI: Arg_repressor_int_Arg_repressor_C
2015-01-05 03:02:39,980 - __main__ - INFO - DDI: CK_II_beta_int_Pkinase
2015-01-05 03:52:54,970 - __main__ - INFO - DDI: Fucose_iso_N1_int_Fucose_iso_N2
2015-01-05 04:40:01,564 - __main__ - INFO - DDI: Peptidase_S9_int_Peptidase_S9_N
2015-01-05 04:53:57,702 - __main__ - INFO - DDI: POR_N_int_TPP_enzyme_C
2015-01-05 05:45:30,901 - __main__ - INFO - DDI: Alpha-amylase_C_int_TIG
2015-01-05 06:30:11,129 - __main__ - INFO - DDI: RNA_pol_Rpb2_7_int_RNA_pol_Rpb6
2015-01-05 07:14:09,979 - __main__ - INFO - DDI: GCV_T_int_GCV_T_C
2015-01-05 07:14:15,808 - __main__ - DEBUG - There is a error in this ddi: GCV_T_int_GCV_T_C
2015-01-05 07:14:15,809 - __main__ - INFO - [Errno 2] No such file or directory: '/big/du/Protein_Protein_Interaction_Project/Contact_Matrix_Project/Vectors_Fishers_aaIndex_raw_2014_paper/GCV_T_int_GCV_T_C/F0_20_F1_20_Sliding_17_11_F0_20_F1_20_Sliding_17_11_ouput_5.txt'
2015-01-05 07:14:15,809 - __main__ - INFO - DDI: EF-hand_7_int_Pkinase
2015-01-05 07:14:18,483 - __main__ - DEBUG - There is a error in this ddi: EF-hand_7_int_Pkinase
2015-01-05 07:14:18,484 - __main__ - INFO - [Errno 2] No such file or directory: '/big/du/Protein_Protein_Interaction_Project/Contact_Matrix_Project/Vectors_Fishers_aaIndex_raw_2014_paper/EF-hand_7_int_Pkinase/F0_20_F1_20_Sliding_17_11_F0_20_F1_20_Sliding_17_11_ouput_40.txt'
2015-01-05 07:14:18,484 - __main__ - INFO - DDI: RNA_pol_Rpb1_5_int_RNA_pol_Rpb2_5
2015-01-05 07:14:18,498 - __main__ - DEBUG - There is a error in this ddi: RNA_pol_Rpb1_5_int_RNA_pol_Rpb2_5
2015-01-05 07:14:18,499 - __main__ - INFO - [Errno 2] No such file or directory: '/big/du/Protein_Protein_Interaction_Project/Contact_Matrix_Project/Vectors_Fishers_aaIndex_raw_2014_paper/RNA_pol_Rpb1_5_int_RNA_pol_Rpb2_5/F0_20_F1_20_Sliding_17_11_F0_20_F1_20_Sliding_17_11_ouput_1.txt'
2015-01-05 07:14:18,499 - __main__ - INFO - DDI: Pkinase_int_Ribonuc_2-5A
2015-01-05 08:06:12,747 - __main__ - INFO - DDI: HATPase_c_int_HisKA
2015-01-05 09:04:18,146 - __main__ - INFO - DDI: PolyA_pol_int_PolyA_pol_RNAbd
2015-01-05 09:55:35,180 - __main__ - INFO - DDI: Bromodomain_int_PHD
2015-01-05 10:57:41,134 - __main__ - INFO - DDI: GTP_EFTU_int_eIF2_C
2015-01-05 12:05:27,558 - __main__ - INFO - DDI: DHO_dh_int_Fer4_20
2015-01-05 12:09:23,593 - __main__ - DEBUG - There is a error in this ddi: DHO_dh_int_Fer4_20
2015-01-05 12:09:23,593 - __main__ - INFO - [Errno 2] No such file or directory: '/home/du/.theano/compiledir_Linux-3.14.22-100.fc19.x86_64-x86_64-with-fedora-19-Schr\xc3\xb6dinger\xe2\x80\x99s_Cat-x86_64-2.7.5-64/tmpbaBOu2'
2015-01-05 12:09:23,593 - __main__ - INFO - DDI: NAD_Gly3P_dh_C_int_NAD_Gly3P_dh_N
2015-01-05 12:10:00,527 - __main__ - DEBUG - There is a error in this ddi: NAD_Gly3P_dh_C_int_NAD_Gly3P_dh_N
2015-01-05 12:10:00,527 - __main__ - INFO - [Errno 2] No such file or directory: '/home/du/.theano/compiledir_Linux-3.14.22-100.fc19.x86_64-x86_64-with-fedora-19-Schr\xc3\xb6dinger\xe2\x80\x99s_Cat-x86_64-2.7.5-64/tmpzx765v'
2015-01-05 12:10:00,527 - __main__ - INFO - DDI: LRR_4_int_LRR_6
2015-01-05 12:10:15,281 - __main__ - DEBUG - There is a error in this ddi: LRR_4_int_LRR_6
2015-01-05 12:10:15,282 - __main__ - INFO - [Errno 2] No such file or directory: '/big/du/Protein_Protein_Interaction_Project/Contact_Matrix_Project/Vectors_Fishers_aaIndex_raw_2014_paper/LRR_4_int_LRR_6/F0_20_F1_20_Sliding_17_11_F0_20_F1_20_Sliding_17_11_ouput_19.txt'
2015-01-05 12:10:15,282 - __main__ - INFO - DDI: LRR_4_int_LRR_7
2015-01-05 12:10:50,733 - __main__ - DEBUG - There is a error in this ddi: LRR_4_int_LRR_7
2015-01-05 12:10:50,733 - __main__ - INFO - [Errno 2] No such file or directory: '/home/du/.theano/compiledir_Linux-3.14.22-100.fc19.x86_64-x86_64-with-fedora-19-Schr\xc3\xb6dinger\xe2\x80\x99s_Cat-x86_64-2.7.5-64/tmpcDR4JA'
2015-01-05 12:10:50,733 - __main__ - INFO - DDI: RNA_pol_L_2_int_RNA_pol_Rpb8
2015-01-05 12:10:52,891 - __main__ - DEBUG - There is a error in this ddi: RNA_pol_L_2_int_RNA_pol_Rpb8
2015-01-05 12:10:52,891 - __main__ - INFO - [Errno 2] No such file or directory: '/home/du/.theano/compiledir_Linux-3.14.22-100.fc19.x86_64-x86_64-with-fedora-19-Schr\xc3\xb6dinger\xe2\x80\x99s_Cat-x86_64-2.7.5-64/tmpSPrL4H'
2015-01-05 12:10:52,892 - __main__ - INFO - DDI: RNA_pol_Rpb1_5_int_RNA_pol_Rpb2_45
2015-01-05 12:10:55,474 - __main__ - DEBUG - There is a error in this ddi: RNA_pol_Rpb1_5_int_RNA_pol_Rpb2_45
2015-01-05 12:10:55,474 - __main__ - INFO - [Errno 2] No such file or directory: '/home/du/.theano/compiledir_Linux-3.14.22-100.fc19.x86_64-x86_64-with-fedora-19-Schr\xc3\xb6dinger\xe2\x80\x99s_Cat-x86_64-2.7.5-64/tmp8Mi2JT'
2015-01-05 12:10:55,474 - __main__ - INFO - DDI: G6PD_C_int_G6PD_N
2015-01-05 12:28:53,561 - __main__ - INFO - DDI: GAF_int_PHY
2015-01-05 14:30:07,218 - __main__ - INFO - DDI: Pkinase_int_Pkinase_Tyr
2015-01-05 14:38:41,490 - __main__ - INFO - DDI: RNA_pol_Rpb2_6_int_Sigma70_r4
2015-01-05 15:54:51,362 - __main__ - INFO - DDI: MutS_I_int_MutS_II
2015-01-05 16:17:28,343 - __main__ - INFO - DDI: PQQ_int_PQQ_2
2015-01-05 17:04:53,269 - __main__ - INFO - DDI: PGM_PMM_III_int_PGM_PMM_IV
2015-01-05 18:13:12,006 - __main__ - INFO - DDI: MutS_II_int_MutS_III
2015-01-05 18:14:24,592 - __main__ - INFO - DDI: Cbl_N2_int_Cbl_N3
2015-01-05 19:32:05,826 - __main__ - INFO - DDI: MaoC_dehydrat_N_int_MaoC_dehydratas
2015-01-05 20:27:33,855 - __main__ - INFO - DDI: EFG_IV_int_Exotox-A_cataly
2015-01-05 21:18:15,355 - __main__ - INFO - DDI: UreE_C_int_UreE_N
2015-01-05 22:10:38,868 - __main__ - INFO - DDI: DUF1205_int_Glyco_transf_28
2015-01-05 22:17:24,682 - __main__ - INFO - DDI: IlvC_int_IlvN
2015-01-05 23:09:58,268 - __main__ - INFO - DDI: Synapsin_int_Synapsin_C
2015-01-06 00:32:34,907 - __main__ - INFO - DDI: Cytochrom_B_N_2_int_Rieske
2015-01-06 00:42:31,539 - __main__ - INFO - DDI: Pyr_redox_int_Pyr_redox_dim
2015-01-06 02:04:34,513 - __main__ - INFO - DDI: EF-hand_7_int_GFP
2015-01-06 02:16:58,888 - __main__ - INFO - DDI: RNA_pol_Rpb2_7_int_Sigma70_r3
2015-01-06 03:10:01,184 - __main__ - INFO - DDI: BCDHK_Adom3_int_HATPase_c
2015-01-06 03:58:48,054 - __main__ - INFO - DDI: ABC_tran_int_CFTR_R
2015-01-06 04:50:29,310 - __main__ - INFO - DDI: UCR_hinge_int_UcrQ
2015-01-06 05:41:43,846 - __main__ - INFO - DDI: Dynamin_M_int_Dynamin_N
2015-01-06 05:44:11,588 - __main__ - INFO - DDI: CBM_X_int_GT36_AF
2015-01-06 07:36:55,176 - __main__ - INFO - DDI: EFG_II_int_GTP_EFTU_D2
2015-01-06 07:40:20,800 - __main__ - INFO - DDI: Cytochrom_D1_int_Cytochrome_CBB3
2015-01-06 08:27:33,172 - __main__ - INFO - DDI: THDPS_M_int_THDPS_N
2015-01-06 09:14:35,975 - __main__ - INFO - DDI: Amidase_int_Glu-tRNAGln
2015-01-06 09:16:46,941 - __main__ - INFO - DDI: End_beta_propel_int_End_tail_spike
2015-01-06 10:33:54,610 - __main__ - INFO - DDI: Ephrin_int_Ephrin_lbd
2015-01-06 11:53:25,411 - __main__ - INFO - DDI: Fn3-like_int_Glyco_hydro_3_C
2015-01-06 11:53:26,996 - __main__ - DEBUG - There is a error in this ddi: Fn3-like_int_Glyco_hydro_3_C
2015-01-06 11:53:26,997 - __main__ - INFO - [Errno 2] No such file or directory: '/big/du/Protein_Protein_Interaction_Project/Contact_Matrix_Project/Vectors_Fishers_aaIndex_raw_2014_paper/Fn3-like_int_Glyco_hydro_3_C/F0_20_F1_20_Sliding_17_11_F0_20_F1_20_Sliding_17_11_ouput_9.txt'
2015-01-06 11:53:26,997 - __main__ - INFO - DDI: Hemocyanin_C_int_Hemocyanin_N
2015-01-06 12:14:56,563 - __main__ - INFO - DDI: Glyco_hydro_4_int_Glyco_hydro_4C
2015-01-06 13:05:55,153 - __main__ - INFO - DDI: ATP-sulfurylase_int_PUA_2
2015-01-06 15:03:43,380 - __main__ - INFO - DDI: SNARE_int_Synaptobrevin
2015-01-06 16:50:46,268 - __main__ - INFO - DDI: V-set_int_VWA
2015-01-06 17:46:37,892 - __main__ - INFO - DDI: Cytochrom_B559a_int_Photo_RC
2015-01-06 18:41:56,579 - __main__ - INFO - DDI: ATLF_int_Anthrax-tox_M
2015-01-06 18:42:52,619 - __main__ - INFO - DDI: GST_C_2_int_GST_N
2015-01-06 18:42:54,490 - __main__ - DEBUG - There is a error in this ddi: GST_C_2_int_GST_N
2015-01-06 18:42:54,491 - __main__ - INFO - [Errno 2] No such file or directory: '/big/du/Protein_Protein_Interaction_Project/Contact_Matrix_Project/Vectors_Fishers_aaIndex_raw_2014_paper/GST_C_2_int_GST_N/F0_20_F1_20_Sliding_17_11_F0_20_F1_20_Sliding_17_11_ouput_45.txt'
2015-01-06 18:42:54,491 - __main__ - INFO - DDI: RNA_pol_Rpb2_1_int_Sigma70_r3
2015-01-06 19:31:40,450 - __main__ - INFO - DDI: Topoisom_bac_int_Toprim
2015-01-06 19:31:56,605 - __main__ - DEBUG - There is a error in this ddi: Topoisom_bac_int_Toprim
2015-01-06 19:31:56,606 - __main__ - INFO - [Errno 2] No such file or directory: '/big/du/Protein_Protein_Interaction_Project/Contact_Matrix_Project/Vectors_Fishers_aaIndex_raw_2014_paper/Topoisom_bac_int_Toprim/F0_20_F1_20_Sliding_17_11_F0_20_F1_20_Sliding_17_11_ouput_20.txt'
2015-01-06 19:31:56,606 - __main__ - INFO - DDI: RNA_pol_Rpb1_3_int_RNA_pol_Rpb6
2015-01-06 20:14:41,560 - __main__ - INFO - DDI: Molybdop_Fe4S4_int_Molydop_binding
2015-01-06 21:04:43,339 - __main__ - INFO - DDI: Transglut_N_int_Transglut_core
2015-01-06 21:15:24,361 - __main__ - INFO - DDI: Peptidase_S41_int_Tricorn_C1
2015-01-06 22:40:34,568 - __main__ - INFO - DDI: PDZ_2_int_Trypsin_2
2015-01-06 22:44:25,539 - __main__ - INFO - DDI: UvrD-helicase_int_UvrD_C
2015-01-07 00:20:08,895 - __main__ - INFO - DDI: Stap_Strp_tox_C_int_V-set
2015-01-07 00:46:08,223 - __main__ - INFO - DDI: Neur_chan_LBD_int_V-set
2015-01-07 01:36:19,826 - __main__ - INFO - DDI: Lipase3_N_int_Lipase_3
2015-01-07 02:01:51,689 - __main__ - INFO - DDI: PNPase_int_RNase_PH
2015-01-07 02:59:43,631 - __main__ - INFO - DDI: RNA_pol_Rpb1_1_int_Sigma70_r1_2
2015-01-07 03:47:42,974 - __main__ - INFO - DDI: Fimbrial_int_PapD_C
2015-01-07 03:48:54,034 - __main__ - INFO - DDI: AAA_int_CDC48_N
2015-01-07 04:39:13,972 - __main__ - INFO - DDI: Fimbrial_int_PapD_N
2015-01-07 05:35:26,250 - __main__ - INFO - DDI: CK_II_beta_int_Pkinase
2015-01-07 07:04:25,270 - __main__ - INFO - DDI: GHMP_kinases_C_int_GHMP_kinases_N
2015-01-07 07:21:00,554 - __main__ - INFO - DDI: Fucose_iso_N1_int_Fucose_iso_N2
2015-01-07 07:50:17,233 - __main__ - INFO - DDI: Med11_int_Med22
2015-01-07 08:58:50,083 - __main__ - INFO - DDI: Cohesin_int_Dockerin_1
2015-01-07 09:20:24,196 - __main__ - INFO - DDI: POR_N_int_TPP_enzyme_C
2015-01-07 09:59:23,816 - __main__ - INFO - DDI: AlkA_N_int_HhH-GPD
2015-01-07 11:01:45,499 - __main__ - INFO - DDI: PDGF_int_V-set
2015-01-07 11:07:34,607 - __main__ - INFO - DDI: Alpha-amylase_C_int_TIG
2015-01-07 11:56:36,561 - __main__ - INFO - DDI: EFG_II_int_GTP_EFTU
2015-01-07 12:50:27,684 - __main__ - INFO - DDI: Adaptin_N_int_Clat_adaptor_s
2015-01-07 12:51:17,285 - __main__ - INFO - DDI: RNA_pol_Rpb2_7_int_RNA_pol_Rpb6
2015-01-07 14:32:07,082 - __main__ - INFO - DDI: GCV_T_int_GCV_T_C
2015-01-07 14:32:12,194 - __main__ - DEBUG - There is a error in this ddi: GCV_T_int_GCV_T_C
2015-01-07 14:32:12,194 - __main__ - INFO - [Errno 2] No such file or directory: '/big/du/Protein_Protein_Interaction_Project/Contact_Matrix_Project/Vectors_Fishers_aaIndex_raw_2014_paper/GCV_T_int_GCV_T_C/F0_20_F1_20_Sliding_17_11_F0_20_F1_20_Sliding_17_11_ouput_5.txt'
2015-01-07 14:32:12,194 - __main__ - INFO - DDI: EF-hand_7_int_Pkinase
2015-01-07 14:32:15,086 - __main__ - DEBUG - There is a error in this ddi: EF-hand_7_int_Pkinase
2015-01-07 14:32:15,087 - __main__ - INFO - [Errno 2] No such file or directory: '/big/du/Protein_Protein_Interaction_Project/Contact_Matrix_Project/Vectors_Fishers_aaIndex_raw_2014_paper/EF-hand_7_int_Pkinase/F0_20_F1_20_Sliding_17_11_F0_20_F1_20_Sliding_17_11_ouput_40.txt'
2015-01-07 14:32:15,087 - __main__ - INFO - DDI: RNA_pol_Rpb1_5_int_RNA_pol_Rpb2_5
2015-01-07 14:32:15,102 - __main__ - DEBUG - There is a error in this ddi: RNA_pol_Rpb1_5_int_RNA_pol_Rpb2_5
2015-01-07 14:32:15,102 - __main__ - INFO - [Errno 2] No such file or directory: '/big/du/Protein_Protein_Interaction_Project/Contact_Matrix_Project/Vectors_Fishers_aaIndex_raw_2014_paper/RNA_pol_Rpb1_5_int_RNA_pol_Rpb2_5/F0_20_F1_20_Sliding_17_11_F0_20_F1_20_Sliding_17_11_ouput_1.txt'
2015-01-07 14:32:15,102 - __main__ - INFO - DDI: Pkinase_int_Ribonuc_2-5A
2015-01-07 14:41:11,309 - __main__ - INFO - DDI: GP120_int_ig
2015-01-07 14:41:11,330 - __main__ - DEBUG - There is a error in this ddi: GP120_int_ig
2015-01-07 14:41:11,331 - __main__ - INFO - [Errno 2] No such file or directory: '/big/du/Protein_Protein_Interaction_Project/Contact_Matrix_Project/Vectors_Fishers_aaIndex_raw_2014_paper/GP120_int_ig/F0_20_F1_20_Sliding_17_11_F0_20_F1_20_Sliding_17_11_ouput_1.txt'
2015-01-07 14:41:11,331 - __main__ - INFO - DDI: FAD_binding_1_int_NAD_binding_1
2015-01-07 16:11:01,730 - __main__ - INFO - DDI: Ecotin_int_Trypsin
2015-01-07 16:21:42,268 - __main__ - INFO - DDI: HATPase_c_int_HisKA
2015-01-07 17:49:46,604 - __main__ - INFO - DDI: OTCace_int_PyrI_C
2015-01-07 18:18:27,293 - __main__ - INFO - DDI: PolyA_pol_int_PolyA_pol_RNAbd
2015-01-07 18:33:53,494 - __main__ - INFO - DDI: Lipoprot_C_int_Sushi
2015-01-07 19:28:05,643 - __main__ - INFO - DDI: Pre-SET_int_SET
