2015-04-21 13:52:20,557 - __main__ - INFO - Input DDI file: testDDI.txt
2015-04-21 13:52:20,557 - __main__ - INFO - DL: 1
2015-04-21 13:52:20,558 - __main__ - INFO - SAE_SVM_RBF_COMBO: 0
2015-04-21 13:52:20,558 - __main__ - INFO - DL_S: 1
2015-04-21 13:52:20,558 - __main__ - INFO - DL_U: 0
2015-04-21 13:52:20,558 - __main__ - INFO - SVM_POLY: 0
2015-04-21 13:52:20,559 - __main__ - INFO - reduce_ratio: 1
2015-04-21 13:52:20,559 - __main__ - INFO - pretrain_lr: 0.001
2015-04-21 13:52:20,559 - __main__ - INFO - hidden_layers_sizes: [200, 200]
2015-04-21 13:52:20,559 - __main__ - INFO - corruption_levels: [0, 0]
2015-04-21 13:52:20,560 - __main__ - INFO - filename: testDDI.txt
2015-04-21 13:52:20,560 - __main__ - INFO - SVM: 1
2015-04-21 13:52:20,560 - __main__ - INFO - SVM_RBF: 1
2015-04-21 13:52:20,561 - __main__ - INFO - batch_size: 10000
2015-04-21 13:52:20,561 - __main__ - INFO - SAE_SVM_RBF: 1
2015-04-21 13:52:20,561 - __main__ - INFO - SAE_SVM: 1
2015-04-21 13:52:20,561 - __main__ - INFO - pretraining_interations: 10001
2015-04-21 13:52:20,562 - __main__ - INFO - fisher_mode: FisherM1ONLY
2015-04-21 13:52:20,562 - __main__ - INFO - SAE_SVM_COMBO: 0
2015-04-21 13:52:20,562 - __main__ - INFO - finetune_lr: 10
2015-04-21 13:52:20,562 - __main__ - INFO - n_cores: 1
2015-04-21 13:52:20,563 - __main__ - INFO - with_auc_score: False
2015-04-21 13:52:20,563 - __main__ - INFO - training_epochs: 10001
2015-04-21 13:52:21,913 - __main__ - INFO - DDI: Trypsin_int_V-set
