2015-05-05 00:27:50,943 - __main__ - INFO - Input DDI file: testDDI.txt
2015-05-05 00:27:50,943 - __main__ - INFO - DL: 1
2015-05-05 00:27:50,943 - __main__ - INFO - SAE_SVM_RBF_COMBO: 0
2015-05-05 00:27:50,943 - __main__ - INFO - DL_S: 1
2015-05-05 00:27:50,943 - __main__ - INFO - DL_U: 0
2015-05-05 00:27:50,943 - __main__ - INFO - SVM_POLY: 0
2015-05-05 00:27:50,943 - __main__ - INFO - reduce_ratio: 1
2015-05-05 00:27:50,943 - __main__ - INFO - pretrain_lr: 0.001
2015-05-05 00:27:50,943 - __main__ - INFO - hidden_layers_sizes: [200, 200]
2015-05-05 00:27:50,943 - __main__ - INFO - corruption_levels: [0, 0]
2015-05-05 00:27:50,943 - __main__ - INFO - filename: testDDI.txt
2015-05-05 00:27:50,943 - __main__ - INFO - SVM: 1
2015-05-05 00:27:50,943 - __main__ - INFO - SVM_RBF: 0
2015-05-05 00:27:50,943 - __main__ - INFO - batch_size: 100
2015-05-05 00:27:50,943 - __main__ - INFO - DL_xy: 1
2015-05-05 00:27:50,943 - __main__ - INFO - SAE_SVM_RBF: 0
2015-05-05 00:27:50,943 - __main__ - INFO - SAE_SVM: 0
2015-05-05 00:27:50,944 - __main__ - INFO - pretraining_interations: 10001
2015-05-05 00:27:50,944 - __main__ - INFO - fisher_mode: FisherM1ONLY
2015-05-05 00:27:50,944 - __main__ - INFO - SAE_SVM_COMBO: 0
2015-05-05 00:27:50,944 - __main__ - INFO - finetune_lr: 1
2015-05-05 00:27:50,944 - __main__ - INFO - n_cores: 1
2015-05-05 00:27:50,944 - __main__ - INFO - with_auc_score: False
2015-05-05 00:27:50,944 - __main__ - INFO - training_epochs: 10001
2015-05-05 00:27:50,947 - __main__ - INFO - DDI: Trypsin_int_V-set
2015-05-05 00:40:41,594 - __main__ - INFO - Input DDI file: testDDI.txt
2015-05-05 00:40:41,594 - __main__ - INFO - DL: 1
2015-05-05 00:40:41,594 - __main__ - INFO - SAE_SVM_RBF_COMBO: 0
2015-05-05 00:40:41,594 - __main__ - INFO - DL_S: 1
2015-05-05 00:40:41,594 - __main__ - INFO - DL_U: 0
2015-05-05 00:40:41,594 - __main__ - INFO - SVM_POLY: 0
2015-05-05 00:40:41,594 - __main__ - INFO - reduce_ratio: 1
2015-05-05 00:40:41,594 - __main__ - INFO - pretrain_lr: 0.001
2015-05-05 00:40:41,594 - __main__ - INFO - hidden_layers_sizes: [200, 200]
2015-05-05 00:40:41,594 - __main__ - INFO - corruption_levels: [0, 0]
2015-05-05 00:40:41,594 - __main__ - INFO - filename: testDDI.txt
2015-05-05 00:40:41,594 - __main__ - INFO - SVM: 1
2015-05-05 00:40:41,594 - __main__ - INFO - SVM_RBF: 0
2015-05-05 00:40:41,594 - __main__ - INFO - batch_size: 100
2015-05-05 00:40:41,594 - __main__ - INFO - DL_xy: 1
2015-05-05 00:40:41,595 - __main__ - INFO - SAE_SVM_RBF: 0
2015-05-05 00:40:41,595 - __main__ - INFO - SAE_SVM: 0
2015-05-05 00:40:41,595 - __main__ - INFO - pretraining_interations: 10001
2015-05-05 00:40:41,595 - __main__ - INFO - fisher_mode: FisherM1ONLY
2015-05-05 00:40:41,595 - __main__ - INFO - SAE_SVM_COMBO: 0
2015-05-05 00:40:41,595 - __main__ - INFO - finetune_lr: 1
2015-05-05 00:40:41,595 - __main__ - INFO - n_cores: 1
2015-05-05 00:40:41,595 - __main__ - INFO - with_auc_score: False
2015-05-05 00:40:41,595 - __main__ - INFO - Sda_new: 1
2015-05-05 00:40:41,595 - __main__ - INFO - training_epochs: 10001
2015-05-05 00:40:41,598 - __main__ - INFO - DDI: Trypsin_int_V-set
2015-05-05 00:42:55,220 - __main__ - INFO - Input DDI file: testDDI.txt
2015-05-05 00:42:55,220 - __main__ - INFO - DL: 1
2015-05-05 00:42:55,220 - __main__ - INFO - SAE_SVM_RBF_COMBO: 0
2015-05-05 00:42:55,220 - __main__ - INFO - DL_S: 1
2015-05-05 00:42:55,220 - __main__ - INFO - DL_U: 0
2015-05-05 00:42:55,220 - __main__ - INFO - SVM_POLY: 0
2015-05-05 00:42:55,221 - __main__ - INFO - reduce_ratio: 1
2015-05-05 00:42:55,221 - __main__ - INFO - pretrain_lr: 0.001
2015-05-05 00:42:55,221 - __main__ - INFO - hidden_layers_sizes: [200, 200]
2015-05-05 00:42:55,221 - __main__ - INFO - corruption_levels: [0, 0]
2015-05-05 00:42:55,221 - __main__ - INFO - filename: testDDI.txt
2015-05-05 00:42:55,221 - __main__ - INFO - SVM: 1
2015-05-05 00:42:55,221 - __main__ - INFO - SVM_RBF: 0
2015-05-05 00:42:55,221 - __main__ - INFO - batch_size: 100
2015-05-05 00:42:55,221 - __main__ - INFO - DL_xy: 1
2015-05-05 00:42:55,221 - __main__ - INFO - SAE_SVM_RBF: 0
2015-05-05 00:42:55,221 - __main__ - INFO - SAE_SVM: 0
2015-05-05 00:42:55,221 - __main__ - INFO - pretraining_interations: 10001
2015-05-05 00:42:55,221 - __main__ - INFO - fisher_mode: FisherM1ONLY
2015-05-05 00:42:55,221 - __main__ - INFO - SAE_SVM_COMBO: 0
2015-05-05 00:42:55,221 - __main__ - INFO - finetune_lr: 1
2015-05-05 00:42:55,221 - __main__ - INFO - n_cores: 1
2015-05-05 00:42:55,221 - __main__ - INFO - with_auc_score: False
2015-05-05 00:42:55,221 - __main__ - INFO - Sda_new: 1
2015-05-05 00:42:55,221 - __main__ - INFO - training_epochs: 10001
2015-05-05 00:42:55,224 - __main__ - INFO - DDI: Trypsin_int_V-set
2015-05-05 00:43:23,372 - __main__ - INFO - Input DDI file: testDDI.txt
2015-05-05 00:43:23,372 - __main__ - INFO - DL: 1
2015-05-05 00:43:23,372 - __main__ - INFO - SAE_SVM_RBF_COMBO: 0
2015-05-05 00:43:23,372 - __main__ - INFO - DL_S: 1
2015-05-05 00:43:23,372 - __main__ - INFO - DL_U: 0
2015-05-05 00:43:23,372 - __main__ - INFO - SVM_POLY: 0
2015-05-05 00:43:23,372 - __main__ - INFO - reduce_ratio: 1
2015-05-05 00:43:23,373 - __main__ - INFO - pretrain_lr: 0.001
2015-05-05 00:43:23,373 - __main__ - INFO - hidden_layers_sizes: [200, 200]
2015-05-05 00:43:23,373 - __main__ - INFO - corruption_levels: [0, 0]
2015-05-05 00:43:23,373 - __main__ - INFO - filename: testDDI.txt
2015-05-05 00:43:23,373 - __main__ - INFO - SVM: 1
2015-05-05 00:43:23,373 - __main__ - INFO - SVM_RBF: 0
2015-05-05 00:43:23,373 - __main__ - INFO - batch_size: 100
2015-05-05 00:43:23,373 - __main__ - INFO - DL_xy: 1
2015-05-05 00:43:23,373 - __main__ - INFO - SAE_SVM_RBF: 0
2015-05-05 00:43:23,373 - __main__ - INFO - SAE_SVM: 0
2015-05-05 00:43:23,373 - __main__ - INFO - pretraining_interations: 10001
2015-05-05 00:43:23,373 - __main__ - INFO - fisher_mode: FisherM1ONLY
2015-05-05 00:43:23,373 - __main__ - INFO - SAE_SVM_COMBO: 0
2015-05-05 00:43:23,373 - __main__ - INFO - finetune_lr: 1
2015-05-05 00:43:23,373 - __main__ - INFO - n_cores: 1
2015-05-05 00:43:23,373 - __main__ - INFO - with_auc_score: False
2015-05-05 00:43:23,373 - __main__ - INFO - Sda_new: 1
2015-05-05 00:43:23,373 - __main__ - INFO - training_epochs: 10001
2015-05-05 00:43:23,376 - __main__ - INFO - DDI: Trypsin_int_V-set
2015-05-05 00:45:45,104 - __main__ - INFO - Input DDI file: testDDI.txt
2015-05-05 00:45:45,104 - __main__ - INFO - DL: 1
2015-05-05 00:45:45,104 - __main__ - INFO - SAE_SVM_RBF_COMBO: 0
2015-05-05 00:45:45,104 - __main__ - INFO - DL_S: 1
2015-05-05 00:45:45,104 - __main__ - INFO - DL_U: 0
2015-05-05 00:45:45,104 - __main__ - INFO - SVM_POLY: 0
2015-05-05 00:45:45,104 - __main__ - INFO - reduce_ratio: 1
2015-05-05 00:45:45,104 - __main__ - INFO - pretrain_lr: 0.001
2015-05-05 00:45:45,104 - __main__ - INFO - hidden_layers_sizes: [200, 200]
2015-05-05 00:45:45,104 - __main__ - INFO - corruption_levels: [0, 0]
2015-05-05 00:45:45,104 - __main__ - INFO - filename: testDDI.txt
2015-05-05 00:45:45,104 - __main__ - INFO - SVM: 1
2015-05-05 00:45:45,104 - __main__ - INFO - SVM_RBF: 0
2015-05-05 00:45:45,104 - __main__ - INFO - batch_size: 100
2015-05-05 00:45:45,104 - __main__ - INFO - DL_xy: 1
2015-05-05 00:45:45,104 - __main__ - INFO - SAE_SVM_RBF: 0
2015-05-05 00:45:45,104 - __main__ - INFO - SAE_SVM: 0
2015-05-05 00:45:45,104 - __main__ - INFO - pretraining_interations: 5000
2015-05-05 00:45:45,104 - __main__ - INFO - fisher_mode: FisherM1ONLY
2015-05-05 00:45:45,105 - __main__ - INFO - SAE_SVM_COMBO: 0
2015-05-05 00:45:45,105 - __main__ - INFO - finetune_lr: 1
2015-05-05 00:45:45,105 - __main__ - INFO - n_cores: 1
2015-05-05 00:45:45,105 - __main__ - INFO - with_auc_score: False
2015-05-05 00:45:45,105 - __main__ - INFO - Sda_new: 1
2015-05-05 00:45:45,105 - __main__ - INFO - training_epochs: 10001
2015-05-05 00:45:45,108 - __main__ - INFO - DDI: Trypsin_int_V-set
2015-05-05 01:50:55,930 - __main__ - DEBUG - There is a error in this ddi: Trypsin_int_V-set
2015-05-05 01:50:55,930 - __main__ - INFO - global name 'pretrain_a_Sda_with_estop' is not defined
2015-05-05 13:32:11,787 - __main__ - INFO - Input DDI file: testDDI.txt
2015-05-05 13:32:11,788 - __main__ - INFO - DL: 1
2015-05-05 13:32:11,788 - __main__ - INFO - SAE_SVM_RBF_COMBO: 0
2015-05-05 13:32:11,788 - __main__ - INFO - DL_S: 1
2015-05-05 13:32:11,788 - __main__ - INFO - DL_U: 0
2015-05-05 13:32:11,788 - __main__ - INFO - SVM_POLY: 0
2015-05-05 13:32:11,788 - __main__ - INFO - reduce_ratio: 1
2015-05-05 13:32:11,788 - __main__ - INFO - pretrain_lr: 0.001
2015-05-05 13:32:11,788 - __main__ - INFO - hidden_layers_sizes: [200, 200]
2015-05-05 13:32:11,788 - __main__ - INFO - corruption_levels: [0, 0]
2015-05-05 13:32:11,788 - __main__ - INFO - filename: testDDI.txt
2015-05-05 13:32:11,788 - __main__ - INFO - SVM: 1
2015-05-05 13:32:11,788 - __main__ - INFO - SVM_RBF: 0
2015-05-05 13:32:11,788 - __main__ - INFO - batch_size: 100
2015-05-05 13:32:11,788 - __main__ - INFO - DL_xy: 1
2015-05-05 13:32:11,788 - __main__ - INFO - SAE_SVM_RBF: 0
2015-05-05 13:32:11,788 - __main__ - INFO - SAE_SVM: 0
2015-05-05 13:32:11,788 - __main__ - INFO - pretraining_interations: 5000
2015-05-05 13:32:11,788 - __main__ - INFO - fisher_mode: FisherM1ONLY
2015-05-05 13:32:11,788 - __main__ - INFO - SAE_SVM_COMBO: 0
2015-05-05 13:32:11,788 - __main__ - INFO - finetune_lr: 1
2015-05-05 13:32:11,788 - __main__ - INFO - n_cores: 1
2015-05-05 13:32:11,788 - __main__ - INFO - with_auc_score: False
2015-05-05 13:32:11,788 - __main__ - INFO - Sda_new: 1
2015-05-05 13:32:11,788 - __main__ - INFO - training_epochs: 10001
2015-05-05 13:32:11,791 - __main__ - INFO - DDI: Trypsin_int_V-set
