2015-03-12 14:42:15,386 - __main__ - INFO - Input DDI file: ddi_examples_40_60_over2top_diff_name_2014.txt
2015-03-12 14:42:15,386 - __main__ - INFO - DL: 1
2015-03-12 14:42:15,386 - __main__ - INFO - SVM: 0
2015-03-12 14:42:15,386 - __main__ - INFO - fisher_mode: FisherM1ONLY
2015-03-12 14:42:15,386 - __main__ - INFO - SAE_SVM_RBF_COMBO: 1
2015-03-12 14:42:15,386 - __main__ - INFO - SAE_SVM_COMBO: 1
2015-03-12 14:42:15,386 - __main__ - INFO - DL_U: 0
2015-03-12 14:42:15,386 - __main__ - INFO - DL_S: 1
2015-03-12 14:42:15,386 - __main__ - INFO - corruption_levels: [0, 0]
2015-03-12 14:42:15,386 - __main__ - INFO - SVM_RBF: 1
2015-03-12 14:42:15,387 - __main__ - INFO - SVM_POLY: 0
2015-03-12 14:42:15,387 - __main__ - INFO - reduce_ratio: 1
2015-03-12 14:42:15,387 - __main__ - INFO - filename: ddi_examples_40_60_over2top_diff_name_2014.txt
2015-03-12 14:42:15,387 - __main__ - INFO - pretraining_interations: 5001
2015-03-12 14:42:15,387 - __main__ - INFO - batch_size: 100
2015-03-12 14:42:15,387 - __main__ - INFO - SAE_SVM_RBF: 1
2015-03-12 14:42:15,387 - __main__ - INFO - with_auc_score: False
2015-03-12 14:42:15,387 - __main__ - INFO - pretrain_lr: 0.001
2015-03-12 14:42:15,387 - __main__ - INFO - training_epochs: 20001
2015-03-12 14:42:15,387 - __main__ - INFO - finetune_lr: 1
2015-03-12 14:42:15,387 - __main__ - INFO - hidden_layers_sizes: [100, 100]
2015-03-12 14:42:15,387 - __main__ - INFO - SAE_SVM: 1
2015-03-12 14:42:15,428 - __main__ - INFO - DDI: RNA_pol_Rpb1_5_int_RNA_pol_Rpb5_N
2015-03-12 14:42:15,428 - __main__ - INFO - DDI: LRR_1_int_LRR_7
2015-03-12 14:42:15,429 - __main__ - INFO - DDI: OKR_DC_1_int_OKR_DC_1_N
2015-03-12 14:42:15,429 - __main__ - INFO - DDI: Fn3-like_int_Glyco_hydro_3
2015-03-12 14:42:15,429 - __main__ - INFO - DDI: Hemocyanin_M_int_Hemocyanin_N
2015-03-12 14:42:15,429 - __main__ - INFO - DDI: FG-GAP_int_Integrin_beta
2015-03-12 14:42:15,430 - __main__ - INFO - DDI: Cytochrom_B_N_2_int_Rieske
2015-03-12 14:42:15,429 - __main__ - INFO - DDI: RNA_pol_Rpb2_6_int_Sigma70_r4
2015-03-12 14:42:15,447 - __main__ - DEBUG - There is a error in this ddi: FG-GAP_int_Integrin_beta
2015-03-12 14:42:15,447 - __main__ - INFO - [Errno 2] No such file or directory: '/big/du/Protein_Protein_Interaction_Project/Contact_Matrix_Project/Vectors_Fishers_aaIndex_raw_2014_paper/FG-GAP_int_Integrin_beta/F0_20_F1_20_Sliding_17_11_F0_20_F1_20_Sliding_17_11_ouput_1.txt'
2015-03-12 14:42:15,447 - __main__ - INFO - DDI: Trypsin_int_V-set
2015-03-12 14:42:38,323 - __main__ - DEBUG - There is a error in this ddi: LRR_1_int_LRR_7
2015-03-12 14:42:38,324 - __main__ - INFO - [Errno 2] No such file or directory: '/big/du/Protein_Protein_Interaction_Project/Contact_Matrix_Project/Vectors_Fishers_aaIndex_raw_2014_paper/LRR_1_int_LRR_7/F0_20_F1_20_Sliding_17_11_F0_20_F1_20_Sliding_17_11_ouput_20.txt'
2015-03-12 14:42:38,335 - __main__ - INFO - DDI: PSII_int_PsbU
2015-03-12 16:38:32,187 - __main__ - INFO - DDI: NTP_transf_2_int_tRNA_NucTransf2
2015-03-12 17:14:18,176 - __main__ - INFO - DDI: RNA_pol_Rpb2_7_int_Sigma70_r3
2015-03-12 17:23:58,499 - __main__ - INFO - DDI: PQQ_int_PQQ_2
2015-03-12 18:49:49,737 - __main__ - INFO - DDI: Skp1_int_Skp1_POZ
2015-03-12 19:40:59,993 - __main__ - INFO - DDI: ABC_tran_int_CFTR_R
2015-03-12 20:04:33,378 - __main__ - INFO - DDI: Pkinase_int_TGF_beta_GS
2015-03-12 23:20:58,105 - __main__ - INFO - DDI: SUFU_int_SUFU_C
2015-03-13 02:17:40,539 - __main__ - INFO - DDI: CBM_X_int_GT36_AF
2015-03-13 04:04:11,831 - __main__ - INFO - DDI: MutS_II_int_MutS_III
2015-03-13 05:41:20,152 - __main__ - INFO - DDI: Alpha-amylase_int_DUF3459
2015-03-13 06:54:37,528 - __main__ - INFO - DDI: Arg_repressor_int_Arg_repressor_C
2015-03-13 08:50:11,423 - __main__ - INFO - DDI: EFG_II_int_GTP_EFTU_D2
2015-03-13 09:56:27,779 - __main__ - INFO - DDI: GT36_AF_int_Glyco_transf_36
2015-03-13 11:27:39,476 - __main__ - INFO - DDI: Amidase_int_Glu-tRNAGln
2015-03-13 13:06:43,475 - __main__ - INFO - DDI: Peptidase_S9_int_Peptidase_S9_N
2015-03-13 13:58:11,984 - __main__ - INFO - DDI: Eno-Rase_FAD_bd_int_Enoyl_reductase
2015-03-13 18:01:54,824 - __main__ - INFO - DDI: Lyase_8_int_Lyase_8_N
2015-03-13 23:57:57,702 - __main__ - INFO - DDI: EFG_IV_int_Exotox-A_cataly
2015-03-14 00:25:32,247 - __main__ - INFO - DDI: Colicin-DNase_int_Colicin_Pyocin
2015-03-14 07:59:25,829 - __main__ - INFO - DDI: IlvC_int_IlvN
2015-03-14 15:23:08,405 - __main__ - INFO - DDI: FERM_C_int_FERM_N
2015-03-15 01:08:32,079 - __main__ - INFO - DDI: Glyco_hydro_4_int_Glyco_hydro_4C
2015-03-15 01:10:00,660 - __main__ - INFO - DDI: FERM_C_int_FERM_M
2015-03-15 02:35:12,121 - __main__ - INFO - DDI: C2-set_2_int_V-set
2015-03-15 05:05:15,861 - __main__ - INFO - DDI: Stap_Strp_tox_C_int_V-set
2015-03-15 08:00:55,169 - __main__ - INFO - DDI: PNPase_int_RNase_PH
2015-03-15 09:12:48,058 - __main__ - INFO - DDI: TetR_C_2_int_TetR_N
2015-03-15 09:26:16,484 - __main__ - INFO - DDI: POR_N_int_TPP_enzyme_C
2015-03-15 11:10:21,063 - __main__ - INFO - DDI: AAA_int_CDC48_N
2015-03-15 13:00:58,674 - __main__ - INFO - DDI: CK_II_beta_int_Pkinase
2015-03-15 16:43:04,308 - __main__ - INFO - DDI: Alpha-amylase_C_int_TIG
2015-03-15 17:47:32,373 - __main__ - INFO - DDI: Fucose_iso_N1_int_Fucose_iso_N2
2015-03-15 18:09:23,319 - __main__ - INFO - DDI: RNA_pol_Rpb1_5_int_RNA_pol_Rpb2_5
2015-03-15 18:09:23,337 - __main__ - DEBUG - There is a error in this ddi: RNA_pol_Rpb1_5_int_RNA_pol_Rpb2_5
2015-03-15 18:09:23,338 - __main__ - INFO - [Errno 2] No such file or directory: '/big/du/Protein_Protein_Interaction_Project/Contact_Matrix_Project/Vectors_Fishers_aaIndex_raw_2014_paper/RNA_pol_Rpb1_5_int_RNA_pol_Rpb2_5/F0_20_F1_20_Sliding_17_11_F0_20_F1_20_Sliding_17_11_ouput_1.txt'
2015-03-15 18:09:23,338 - __main__ - INFO - DDI: Pkinase_int_Ribonuc_2-5A
2015-03-15 18:24:35,902 - __main__ - INFO - DDI: RNA_pol_Rpb2_7_int_RNA_pol_Rpb6
2015-03-15 20:26:32,314 - __main__ - INFO - DDI: GCV_T_int_GCV_T_C
2015-03-15 20:26:41,352 - __main__ - DEBUG - There is a error in this ddi: GCV_T_int_GCV_T_C
2015-03-15 20:26:41,353 - __main__ - INFO - [Errno 2] No such file or directory: '/big/du/Protein_Protein_Interaction_Project/Contact_Matrix_Project/Vectors_Fishers_aaIndex_raw_2014_paper/GCV_T_int_GCV_T_C/F0_20_F1_20_Sliding_17_11_F0_20_F1_20_Sliding_17_11_ouput_5.txt'
2015-03-15 20:26:41,353 - __main__ - INFO - DDI: EF-hand_7_int_Pkinase
2015-03-15 20:26:46,249 - __main__ - DEBUG - There is a error in this ddi: EF-hand_7_int_Pkinase
2015-03-15 20:26:46,249 - __main__ - INFO - [Errno 2] No such file or directory: '/big/du/Protein_Protein_Interaction_Project/Contact_Matrix_Project/Vectors_Fishers_aaIndex_raw_2014_paper/EF-hand_7_int_Pkinase/F0_20_F1_20_Sliding_17_11_F0_20_F1_20_Sliding_17_11_ouput_40.txt'
2015-03-15 20:26:46,249 - __main__ - INFO - DDI: GTP_EFTU_int_eIF2_C
2015-03-15 21:34:12,113 - __main__ - INFO - DDI: Sigma70_r2_int_Sigma70_r3
2015-03-15 22:25:07,897 - __main__ - INFO - DDI: ERAP1_C_int_Peptidase_M1
2015-03-15 23:58:56,461 - __main__ - INFO - DDI: FXa_inhibition_int_Ldl_recept_b
2015-03-16 00:20:24,901 - __main__ - INFO - DDI: HATPase_c_int_HisKA
2015-03-16 05:32:36,946 - __main__ - INFO - DDI: RNA_pol_L_2_int_RNA_pol_Rpb8
2015-03-16 06:51:37,475 - __main__ - INFO - DDI: Lyase_8_int_Lyase_8_C
2015-03-16 07:17:21,777 - __main__ - INFO - DDI: RNA_pol_Rpb1_5_int_RNA_pol_Rpb2_45
2015-03-16 08:19:41,375 - __main__ - INFO - DDI: PolyA_pol_int_PolyA_pol_RNAbd
2015-03-16 09:01:50,647 - __main__ - INFO - DDI: G6PD_C_int_G6PD_N
2015-03-16 09:04:53,987 - __main__ - INFO - DDI: PGM_PMM_III_int_PGM_PMM_IV
2015-03-16 13:23:42,466 - __main__ - INFO - DDI: Bromodomain_int_PHD
2015-03-16 13:57:22,265 - __main__ - INFO - DDI: DHO_dh_int_Fer4_20
2015-03-16 20:04:04,773 - __main__ - INFO - DDI: Synapsin_int_Synapsin_C
2015-03-16 20:24:33,509 - __main__ - INFO - DDI: NAD_Gly3P_dh_C_int_NAD_Gly3P_dh_N
2015-03-17 03:13:11,678 - __main__ - INFO - DDI: Cbl_N2_int_Cbl_N3
2015-03-17 15:08:43,462 - __main__ - INFO - DDI: ATLF_int_Anthrax-tox_M
2015-03-17 15:29:27,008 - __main__ - INFO - DDI: DNA_PPF_int_gp45-slide_C
2015-03-17 18:47:00,083 - __main__ - INFO - DDI: LRR_4_int_LRR_6
2015-03-17 18:47:27,454 - __main__ - DEBUG - There is a error in this ddi: LRR_4_int_LRR_6
2015-03-17 18:47:27,454 - __main__ - INFO - [Errno 2] No such file or directory: '/big/du/Protein_Protein_Interaction_Project/Contact_Matrix_Project/Vectors_Fishers_aaIndex_raw_2014_paper/LRR_4_int_LRR_6/F0_20_F1_20_Sliding_17_11_F0_20_F1_20_Sliding_17_11_ouput_19.txt'
2015-03-17 18:47:27,455 - __main__ - INFO - DDI: LRR_4_int_LRR_7
2015-03-17 23:11:39,817 - __main__ - INFO - DDI: MaoC_dehydrat_N_int_MaoC_dehydratas
2015-03-18 04:59:42,842 - __main__ - INFO - DDI: Pyr_redox_int_Pyr_redox_dim
2015-03-18 09:13:58,423 - __main__ - INFO - DDI: Asn_synthase_int_GATase_7
2015-03-18 10:13:23,402 - __main__ - INFO - DDI: Dynamin_M_int_Dynamin_N
2015-03-18 10:20:46,916 - __main__ - INFO - DDI: Pkinase_int_Pkinase_Tyr
2015-03-18 14:24:28,912 - __main__ - INFO - DDI: Transglut_N_int_Transglut_core
2015-03-18 16:27:42,442 - __main__ - INFO - DDI: PDZ_2_int_Trypsin_2
2015-03-18 18:07:19,405 - __main__ - INFO - DDI: Fn3-like_int_Glyco_hydro_3_C
2015-03-18 18:07:22,802 - __main__ - DEBUG - There is a error in this ddi: Fn3-like_int_Glyco_hydro_3_C
2015-03-18 18:07:22,802 - __main__ - INFO - [Errno 2] No such file or directory: '/big/du/Protein_Protein_Interaction_Project/Contact_Matrix_Project/Vectors_Fishers_aaIndex_raw_2014_paper/Fn3-like_int_Glyco_hydro_3_C/F0_20_F1_20_Sliding_17_11_F0_20_F1_20_Sliding_17_11_ouput_9.txt'
2015-03-18 18:07:22,803 - __main__ - INFO - DDI: Hemocyanin_C_int_Hemocyanin_N
2015-03-18 21:23:44,435 - __main__ - INFO - DDI: GAF_int_PHY
2015-03-18 22:58:40,518 - __main__ - INFO - DDI: Cytochrom_B559a_int_Photo_RC
2015-03-19 00:56:19,899 - __main__ - INFO - DDI: Molybdop_Fe4S4_int_Molydop_binding
2015-03-19 03:35:33,477 - __main__ - INFO - DDI: MutS_I_int_MutS_II
2015-03-19 07:49:38,395 - __main__ - INFO - DDI: GST_C_2_int_GST_N
2015-03-19 07:50:00,681 - __main__ - DEBUG - There is a error in this ddi: GST_C_2_int_GST_N
2015-03-19 07:50:00,682 - __main__ - INFO - [Errno 2] No such file or directory: '/big/du/Protein_Protein_Interaction_Project/Contact_Matrix_Project/Vectors_Fishers_aaIndex_raw_2014_paper/GST_C_2_int_GST_N/F0_20_F1_20_Sliding_17_11_F0_20_F1_20_Sliding_17_11_ouput_45.txt'
2015-03-19 07:50:00,682 - __main__ - INFO - DDI: RNA_pol_Rpb2_1_int_Sigma70_r3
2015-03-19 08:13:32,296 - __main__ - INFO - DDI: EF-hand_7_int_GFP
2015-03-19 09:56:28,415 - __main__ - INFO - DDI: UreE_C_int_UreE_N
2015-03-19 12:21:24,284 - __main__ - INFO - DDI: Topoisom_bac_int_Toprim
2015-03-19 12:22:22,615 - __main__ - DEBUG - There is a error in this ddi: Topoisom_bac_int_Toprim
2015-03-19 12:22:22,615 - __main__ - INFO - [Errno 2] No such file or directory: '/big/du/Protein_Protein_Interaction_Project/Contact_Matrix_Project/Vectors_Fishers_aaIndex_raw_2014_paper/Topoisom_bac_int_Toprim/F0_20_F1_20_Sliding_17_11_F0_20_F1_20_Sliding_17_11_ouput_20.txt'
2015-03-19 12:22:22,616 - __main__ - INFO - DDI: RNA_pol_Rpb1_3_int_RNA_pol_Rpb6
2015-03-19 12:42:25,397 - __main__ - INFO - DDI: ATP-sulfurylase_int_PUA_2
2015-03-19 13:38:25,453 - __main__ - INFO - DDI: Peptidase_S41_int_Tricorn_C1
2015-03-19 14:24:48,866 - __main__ - INFO - DDI: RNA_pol_Rpb1_1_int_Sigma70_r1_2
2015-03-19 15:06:45,348 - __main__ - INFO - DDI: DUF1205_int_Glyco_transf_28
2015-03-19 16:40:15,732 - __main__ - INFO - DDI: Fimbrial_int_PapD_C
2015-03-19 16:57:28,343 - __main__ - INFO - DDI: Cohesin_int_Dockerin_1
2015-03-19 20:11:26,834 - __main__ - INFO - DDI: BCDHK_Adom3_int_HATPase_c
2015-03-19 20:34:30,791 - __main__ - INFO - DDI: GP120_int_ig
2015-03-19 20:34:31,385 - __main__ - DEBUG - There is a error in this ddi: GP120_int_ig
2015-03-19 20:34:31,385 - __main__ - INFO - [Errno 2] No such file or directory: '/big/du/Protein_Protein_Interaction_Project/Contact_Matrix_Project/Vectors_Fishers_aaIndex_raw_2014_paper/GP120_int_ig/F0_20_F1_20_Sliding_17_11_F0_20_F1_20_Sliding_17_11_ouput_1.txt'
2015-03-19 20:34:31,385 - __main__ - INFO - DDI: FAD_binding_1_int_NAD_binding_1
2015-03-19 22:51:49,803 - __main__ - INFO - DDI: Fimbrial_int_PapD_N
2015-03-20 00:19:58,118 - __main__ - INFO - DDI: Pre-SET_int_SET
2015-03-20 00:19:58,223 - __main__ - INFO - DDI: Arrestin_C_int_Arrestin_N
2015-03-20 00:19:58,229 - __main__ - INFO - DDI: Photo_RC_int_PsbT
2015-03-20 00:19:58,234 - __main__ - INFO - DDI: Photo_RC_int_PsbL
2015-03-20 00:19:58,240 - __main__ - INFO - DDI: GFRP_int_GTP_cyclohydroI
