2015-05-19 12:13:18,268 - __main__ - INFO - Input DDI file: list_of_DDIs_for_contact_matrix_paper123.txt
2015-05-19 12:13:18,268 - __main__ - INFO - DL: 1
2015-05-19 12:13:18,268 - __main__ - INFO - SVM: 1
2015-05-19 12:13:18,269 - __main__ - INFO - n_outs: 1
2015-05-19 12:13:18,269 - __main__ - INFO - SAE_SVM_RBF_COMBO: 0
2015-05-19 12:13:18,270 - __main__ - INFO - DL_S_new_sparsity: 1
2015-05-19 12:13:18,270 - __main__ - INFO - DL_U: 0
2015-05-19 12:13:18,271 - __main__ - INFO - DL_S: 1
2015-05-19 12:13:18,271 - __main__ - INFO - sparsity_weight: 0
2015-05-19 12:13:18,271 - __main__ - INFO - DL_old: 1
2015-05-19 12:13:18,272 - __main__ - INFO - SVM_POLY: 0
2015-05-19 12:13:18,272 - __main__ - INFO - reduce_ratio: 1
2015-05-19 12:13:18,272 - __main__ - INFO - SVM_RBF: 1
2015-05-19 12:13:18,272 - __main__ - INFO - DL_xy: 1
2015-05-19 12:13:18,273 - __main__ - INFO - batch_size: 100
2015-05-19 12:13:18,273 - __main__ - INFO - SAE_SVM_RBF: 0
2015-05-19 12:13:18,273 - __main__ - INFO - filename: list_of_DDIs_for_contact_matrix_paper123.txt
2015-05-19 12:13:18,273 - __main__ - INFO - SAE_SVM: 1
2015-05-19 12:13:18,274 - __main__ - INFO - DL_S_new: 1
2015-05-19 12:13:18,274 - __main__ - INFO - hidden_layers_sizes: [100, 100]
2015-05-19 12:13:18,274 - __main__ - INFO - DL_S_new_contraction: 1
2015-05-19 12:13:18,274 - __main__ - INFO - DL_S_new_weight_decay: 2
2015-05-19 12:13:18,274 - __main__ - INFO - pretraining_interations: 10000
2015-05-19 12:13:18,275 - __main__ - INFO - fisher_mode: FisherM1ONLY
2015-05-19 12:13:18,275 - __main__ - INFO - SAE_SVM_COMBO: 0
2015-05-19 12:13:18,275 - __main__ - INFO - training_interations: 20000
2015-05-19 12:13:18,275 - __main__ - INFO - param-output-file: sda.mdl
2015-05-19 12:13:18,275 - __main__ - INFO - finetune_lr: 1
2015-05-19 12:13:18,275 - __main__ - INFO - Sda_xy_with_first: 1
2015-05-19 12:13:18,276 - __main__ - INFO - corruption_levels: [0, 0]
2015-05-19 12:13:18,276 - __main__ - INFO - pretrain_lr: 0.001
2015-05-19 12:13:18,276 - __main__ - INFO - n_cores: 1
2015-05-19 12:13:18,276 - __main__ - INFO - wdir: /home/du/Documents/tmp
2015-05-19 12:13:18,277 - __main__ - INFO - sparsity: 0
2015-05-19 12:13:18,277 - __main__ - INFO - with_auc_score: False
2015-05-19 12:13:18,277 - __main__ - INFO - Sda_new: 1
2015-05-19 12:13:18,277 - __main__ - INFO - DL_S_new_Drop_out: 1
2015-05-19 12:13:18,277 - __main__ - INFO - learning_rate: 0.001
2015-05-19 12:13:18,278 - __main__ - INFO - lrate_pre: D:1:0.5:0.05,0.005:
2015-05-19 12:13:20,115 - __main__ - INFO - DDI: AAA_int_CDC48_N
2015-05-19 12:30:16,249 - __main__ - INFO - Input DDI file: list_of_DDIs_for_contact_matrix_paper123.txt
2015-05-19 12:30:16,249 - __main__ - INFO - DL: 1
2015-05-19 12:30:16,249 - __main__ - INFO - SVM: 1
2015-05-19 12:30:16,250 - __main__ - INFO - n_outs: 1
2015-05-19 12:30:16,250 - __main__ - INFO - SAE_SVM_RBF_COMBO: 0
2015-05-19 12:30:16,251 - __main__ - INFO - DL_S_new_sparsity: 1
2015-05-19 12:30:16,251 - __main__ - INFO - DL_U: 0
2015-05-19 12:30:16,251 - __main__ - INFO - DL_S: 1
2015-05-19 12:30:16,252 - __main__ - INFO - sparsity_weight: 0
2015-05-19 12:30:16,252 - __main__ - INFO - DL_old: 1
2015-05-19 12:30:16,253 - __main__ - INFO - SVM_POLY: 0
2015-05-19 12:30:16,253 - __main__ - INFO - reduce_ratio: 1
2015-05-19 12:30:16,253 - __main__ - INFO - SVM_RBF: 1
2015-05-19 12:30:16,254 - __main__ - INFO - DL_xy: 1
2015-05-19 12:30:16,254 - __main__ - INFO - batch_size: 100
2015-05-19 12:30:16,254 - __main__ - INFO - SAE_SVM_RBF: 0
2015-05-19 12:30:16,254 - __main__ - INFO - filename: list_of_DDIs_for_contact_matrix_paper123.txt
2015-05-19 12:30:16,255 - __main__ - INFO - SAE_SVM: 1
2015-05-19 12:30:16,255 - __main__ - INFO - DL_S_new: 1
2015-05-19 12:30:16,256 - __main__ - INFO - hidden_layers_sizes: [100, 100]
2015-05-19 12:30:16,256 - __main__ - INFO - DL_S_new_contraction: 1
2015-05-19 12:30:16,256 - __main__ - INFO - DL_S_new_weight_decay: 2
2015-05-19 12:30:16,257 - __main__ - INFO - pretraining_interations: 10000
2015-05-19 12:30:16,257 - __main__ - INFO - fisher_mode: FisherM1ONLY
2015-05-19 12:30:16,257 - __main__ - INFO - SAE_SVM_COMBO: 0
2015-05-19 12:30:16,258 - __main__ - INFO - training_interations: 20000
2015-05-19 12:30:16,258 - __main__ - INFO - param-output-file: sda.mdl
2015-05-19 12:30:16,258 - __main__ - INFO - finetune_lr: 1
2015-05-19 12:30:16,259 - __main__ - INFO - Sda_xy_with_first: 1
2015-05-19 12:30:16,259 - __main__ - INFO - corruption_levels: [0, 0]
2015-05-19 12:30:16,260 - __main__ - INFO - pretrain_lr: 0.001
2015-05-19 12:30:16,260 - __main__ - INFO - n_cores: 1
2015-05-19 12:30:16,260 - __main__ - INFO - wdir: /home/du/Documents/tmp
2015-05-19 12:30:16,260 - __main__ - INFO - sparsity: 0
2015-05-19 12:30:16,261 - __main__ - INFO - with_auc_score: False
2015-05-19 12:30:16,261 - __main__ - INFO - Sda_new: 1
2015-05-19 12:30:16,261 - __main__ - INFO - DL_S_new_Drop_out: 1
2015-05-19 12:30:16,261 - __main__ - INFO - learning_rate: 0.001
2015-05-19 12:30:16,262 - __main__ - INFO - lrate_pre: D:1:0.5:0.05,0.005:
2015-05-19 12:30:18,121 - __main__ - INFO - DDI: AAA_int_CDC48_N
2015-05-19 13:02:33,598 - __main__ - INFO - Input DDI file: list_of_DDIs_for_contact_matrix_paper123.txt
2015-05-19 13:02:33,599 - __main__ - INFO - DL: 1
2015-05-19 13:02:33,599 - __main__ - INFO - SVM: 1
2015-05-19 13:02:33,599 - __main__ - INFO - n_outs: 1
2015-05-19 13:02:33,599 - __main__ - INFO - SAE_SVM_RBF_COMBO: 0
2015-05-19 13:02:33,600 - __main__ - INFO - DL_S_new_sparsity: 1
2015-05-19 13:02:33,600 - __main__ - INFO - DL_U: 0
2015-05-19 13:02:33,600 - __main__ - INFO - DL_S: 1
2015-05-19 13:02:33,600 - __main__ - INFO - sparsity_weight: 0
2015-05-19 13:02:33,601 - __main__ - INFO - DL_old: 1
2015-05-19 13:02:33,601 - __main__ - INFO - SVM_POLY: 0
2015-05-19 13:02:33,601 - __main__ - INFO - reduce_ratio: 1
2015-05-19 13:02:33,601 - __main__ - INFO - SVM_RBF: 1
2015-05-19 13:02:33,601 - __main__ - INFO - DL_xy: 1
2015-05-19 13:02:33,602 - __main__ - INFO - batch_size: 100
2015-05-19 13:02:33,602 - __main__ - INFO - SAE_SVM_RBF: 0
2015-05-19 13:02:33,602 - __main__ - INFO - filename: list_of_DDIs_for_contact_matrix_paper123.txt
2015-05-19 13:02:33,602 - __main__ - INFO - SAE_SVM: 1
2015-05-19 13:02:33,602 - __main__ - INFO - DL_S_new: 1
2015-05-19 13:02:33,603 - __main__ - INFO - hidden_layers_sizes: [100, 100]
2015-05-19 13:02:33,603 - __main__ - INFO - DL_S_new_contraction: 1
2015-05-19 13:02:33,603 - __main__ - INFO - DL_S_new_weight_decay: 2
2015-05-19 13:02:33,603 - __main__ - INFO - pretraining_interations: 10000
2015-05-19 13:02:33,603 - __main__ - INFO - fisher_mode: FisherM1ONLY
2015-05-19 13:02:33,604 - __main__ - INFO - SAE_SVM_COMBO: 0
2015-05-19 13:02:33,604 - __main__ - INFO - training_interations: 20000
2015-05-19 13:02:33,604 - __main__ - INFO - param-output-file: sda.mdl
2015-05-19 13:02:33,604 - __main__ - INFO - finetune_lr: 1
2015-05-19 13:02:33,604 - __main__ - INFO - Sda_xy_with_first: 1
2015-05-19 13:02:33,605 - __main__ - INFO - corruption_levels: [0, 0]
2015-05-19 13:02:33,605 - __main__ - INFO - pretrain_lr: 0.001
2015-05-19 13:02:33,605 - __main__ - INFO - n_cores: 1
2015-05-19 13:02:33,605 - __main__ - INFO - wdir: /home/du/Documents/tmp
2015-05-19 13:02:33,605 - __main__ - INFO - sparsity: 0
2015-05-19 13:02:33,606 - __main__ - INFO - with_auc_score: False
2015-05-19 13:02:33,606 - __main__ - INFO - Sda_new: 1
2015-05-19 13:02:33,606 - __main__ - INFO - DL_S_new_Drop_out: 1
2015-05-19 13:02:33,606 - __main__ - INFO - learning_rate: 0.001
2015-05-19 13:02:33,606 - __main__ - INFO - lrate_pre: D:1:0.5:0.05,0.005:
2015-05-19 13:02:35,462 - __main__ - INFO - DDI: AAA_int_CDC48_N
