2015-05-07 22:08:46,145 - __main__ - INFO - Input DDI file: testDDI.txt
2015-05-07 22:08:46,145 - __main__ - INFO - DL: 1
2015-05-07 22:08:46,145 - __main__ - INFO - SVM: 1
2015-05-07 22:08:46,145 - __main__ - INFO - n_outs: 1
2015-05-07 22:08:46,145 - __main__ - INFO - SAE_SVM_RBF_COMBO: 0
2015-05-07 22:08:46,145 - __main__ - INFO - wdir: /home/du/Documents/tmp
2015-05-07 22:08:46,145 - __main__ - INFO - SVM_RBF: 0
2015-05-07 22:08:46,145 - __main__ - INFO - DL_S: 1
2015-05-07 22:08:46,145 - __main__ - INFO - sparsity_weight: 0
2015-05-07 22:08:46,146 - __main__ - INFO - DL_U: 0
2015-05-07 22:08:46,146 - __main__ - INFO - SVM_POLY: 0
2015-05-07 22:08:46,146 - __main__ - INFO - reduce_ratio: 1
2015-05-07 22:08:46,146 - __main__ - INFO - DL_xy: 1
2015-05-07 22:08:46,146 - __main__ - INFO - ptr-layer-number: 2
2015-05-07 22:08:46,146 - __main__ - INFO - batch_size: 100
2015-05-07 22:08:46,146 - __main__ - INFO - weight_y: 1
2015-05-07 22:08:46,146 - __main__ - INFO - SAE_SVM_RBF: 0
2015-05-07 22:08:46,146 - __main__ - INFO - filename: testDDI.txt
2015-05-07 22:08:46,146 - __main__ - INFO - hidden_layers_sizes: [200, 200]
2015-05-07 22:08:46,146 - __main__ - INFO - pretraining_interations: 3
2015-05-07 22:08:46,146 - __main__ - INFO - fisher_mode: FisherM1ONLY
2015-05-07 22:08:46,146 - __main__ - INFO - SAE_SVM_COMBO: 0
2015-05-07 22:08:46,146 - __main__ - INFO - training_interations: 3
2015-05-07 22:08:46,146 - __main__ - INFO - param-output-file: sda.mdl
2015-05-07 22:08:46,146 - __main__ - INFO - finetune_lr: 1
2015-05-07 22:08:46,147 - __main__ - INFO - Sda_xy_with_first: 1
2015-05-07 22:08:46,147 - __main__ - INFO - corruption_levels: [0, 0]
2015-05-07 22:08:46,147 - __main__ - INFO - pretrain_lr: 0.001
2015-05-07 22:08:46,147 - __main__ - INFO - n_cores: 1
2015-05-07 22:08:46,147 - __main__ - INFO - sparsity: 0
2015-05-07 22:08:46,147 - __main__ - INFO - lrate: C:0.08:5 
2015-05-07 22:08:46,147 - __main__ - INFO - with_auc_score: False
2015-05-07 22:08:46,147 - __main__ - INFO - Sda_new: 1
2015-05-07 22:08:46,147 - __main__ - INFO - SAE_SVM: 0
2015-05-07 22:08:46,147 - __main__ - INFO - learning_rate: 0.001
2015-05-07 22:08:46,258 - __main__ - INFO - DDI: Trypsin_int_V-set
2015-05-07 22:08:54,472 - __main__ - DEBUG - There is a error in this ddi: Trypsin_int_V-set
2015-05-07 22:08:54,472 - __main__ - INFO - global name 'seittings' is not defined
2015-05-07 22:10:35,157 - __main__ - INFO - Input DDI file: testDDI.txt
2015-05-07 22:10:35,158 - __main__ - INFO - DL: 1
2015-05-07 22:10:35,158 - __main__ - INFO - SVM: 1
2015-05-07 22:10:35,158 - __main__ - INFO - n_outs: 1
2015-05-07 22:10:35,158 - __main__ - INFO - SAE_SVM_RBF_COMBO: 0
2015-05-07 22:10:35,158 - __main__ - INFO - wdir: /home/du/Documents/tmp
2015-05-07 22:10:35,158 - __main__ - INFO - SVM_RBF: 0
2015-05-07 22:10:35,158 - __main__ - INFO - DL_S: 1
2015-05-07 22:10:35,158 - __main__ - INFO - sparsity_weight: 0
2015-05-07 22:10:35,158 - __main__ - INFO - DL_U: 0
2015-05-07 22:10:35,158 - __main__ - INFO - SVM_POLY: 0
2015-05-07 22:10:35,158 - __main__ - INFO - reduce_ratio: 1
2015-05-07 22:10:35,158 - __main__ - INFO - DL_xy: 1
2015-05-07 22:10:35,158 - __main__ - INFO - ptr-layer-number: 2
2015-05-07 22:10:35,158 - __main__ - INFO - batch_size: 100
2015-05-07 22:10:35,158 - __main__ - INFO - weight_y: 1
2015-05-07 22:10:35,158 - __main__ - INFO - SAE_SVM_RBF: 0
2015-05-07 22:10:35,158 - __main__ - INFO - filename: testDDI.txt
2015-05-07 22:10:35,158 - __main__ - INFO - hidden_layers_sizes: [200, 200]
2015-05-07 22:10:35,158 - __main__ - INFO - pretraining_interations: 3
2015-05-07 22:10:35,158 - __main__ - INFO - fisher_mode: FisherM1ONLY
2015-05-07 22:10:35,158 - __main__ - INFO - SAE_SVM_COMBO: 0
2015-05-07 22:10:35,158 - __main__ - INFO - training_interations: 3
2015-05-07 22:10:35,158 - __main__ - INFO - param-output-file: sda.mdl
2015-05-07 22:10:35,158 - __main__ - INFO - finetune_lr: 1
2015-05-07 22:10:35,158 - __main__ - INFO - Sda_xy_with_first: 1
2015-05-07 22:10:35,158 - __main__ - INFO - corruption_levels: [0, 0]
2015-05-07 22:10:35,158 - __main__ - INFO - pretrain_lr: 0.001
2015-05-07 22:10:35,158 - __main__ - INFO - n_cores: 1
2015-05-07 22:10:35,159 - __main__ - INFO - sparsity: 0
2015-05-07 22:10:35,159 - __main__ - INFO - lrate: C:0.08:5 
2015-05-07 22:10:35,159 - __main__ - INFO - with_auc_score: False
2015-05-07 22:10:35,159 - __main__ - INFO - Sda_new: 1
2015-05-07 22:10:35,159 - __main__ - INFO - SAE_SVM: 0
2015-05-07 22:10:35,159 - __main__ - INFO - learning_rate: 0.001
2015-05-07 22:10:35,162 - __main__ - INFO - DDI: Trypsin_int_V-set
2015-05-07 22:10:46,529 - __main__ - DEBUG - There is a error in this ddi: Trypsin_int_V-set
2015-05-07 22:10:46,529 - __main__ - INFO - 'DNN' object has no attribute 'dnn'
2015-05-07 22:13:48,665 - __main__ - INFO - Input DDI file: testDDI.txt
2015-05-07 22:13:48,665 - __main__ - INFO - DL: 1
2015-05-07 22:13:48,665 - __main__ - INFO - SVM: 1
2015-05-07 22:13:48,665 - __main__ - INFO - n_outs: 1
2015-05-07 22:13:48,666 - __main__ - INFO - SAE_SVM_RBF_COMBO: 0
2015-05-07 22:13:48,666 - __main__ - INFO - wdir: /home/du/Documents/tmp
2015-05-07 22:13:48,666 - __main__ - INFO - SVM_RBF: 0
2015-05-07 22:13:48,666 - __main__ - INFO - DL_S: 1
2015-05-07 22:13:48,667 - __main__ - INFO - sparsity_weight: 0
2015-05-07 22:13:48,667 - __main__ - INFO - DL_U: 0
2015-05-07 22:13:48,667 - __main__ - INFO - SVM_POLY: 0
2015-05-07 22:13:48,667 - __main__ - INFO - reduce_ratio: 1
2015-05-07 22:13:48,667 - __main__ - INFO - DL_xy: 1
2015-05-07 22:13:48,668 - __main__ - INFO - ptr-layer-number: 2
2015-05-07 22:13:48,668 - __main__ - INFO - batch_size: 100
2015-05-07 22:13:48,668 - __main__ - INFO - weight_y: 1
2015-05-07 22:13:48,668 - __main__ - INFO - SAE_SVM_RBF: 0
2015-05-07 22:13:48,669 - __main__ - INFO - filename: testDDI.txt
2015-05-07 22:13:48,669 - __main__ - INFO - hidden_layers_sizes: [200, 200]
2015-05-07 22:13:48,669 - __main__ - INFO - pretraining_interations: 3
2015-05-07 22:13:48,669 - __main__ - INFO - fisher_mode: FisherM1ONLY
2015-05-07 22:13:48,669 - __main__ - INFO - SAE_SVM_COMBO: 0
2015-05-07 22:13:48,670 - __main__ - INFO - training_interations: 3
2015-05-07 22:13:48,670 - __main__ - INFO - param-output-file: sda.mdl
2015-05-07 22:13:48,670 - __main__ - INFO - finetune_lr: 1
2015-05-07 22:13:48,670 - __main__ - INFO - Sda_xy_with_first: 1
2015-05-07 22:13:48,671 - __main__ - INFO - corruption_levels: [0, 0]
2015-05-07 22:13:48,671 - __main__ - INFO - pretrain_lr: 0.001
2015-05-07 22:13:48,671 - __main__ - INFO - n_cores: 1
2015-05-07 22:13:48,671 - __main__ - INFO - sparsity: 0
2015-05-07 22:13:48,671 - __main__ - INFO - lrate: C:0.08:5 
2015-05-07 22:13:48,672 - __main__ - INFO - with_auc_score: False
2015-05-07 22:13:48,672 - __main__ - INFO - Sda_new: 1
2015-05-07 22:13:48,672 - __main__ - INFO - SAE_SVM: 0
2015-05-07 22:13:48,672 - __main__ - INFO - learning_rate: 0.001
2015-05-07 22:13:50,483 - __main__ - INFO - DDI: Trypsin_int_V-set
2015-05-07 22:22:09,315 - __main__ - INFO - Input DDI file: testDDI.txt
2015-05-07 22:22:09,315 - __main__ - INFO - DL: 1
2015-05-07 22:22:09,315 - __main__ - INFO - SVM: 1
2015-05-07 22:22:09,315 - __main__ - INFO - n_outs: 1
2015-05-07 22:22:09,315 - __main__ - INFO - SAE_SVM_RBF_COMBO: 0
2015-05-07 22:22:09,315 - __main__ - INFO - wdir: /home/du/Documents/tmp
2015-05-07 22:22:09,315 - __main__ - INFO - SVM_RBF: 0
2015-05-07 22:22:09,315 - __main__ - INFO - DL_S: 1
2015-05-07 22:22:09,315 - __main__ - INFO - sparsity_weight: 0
2015-05-07 22:22:09,315 - __main__ - INFO - DL_U: 0
2015-05-07 22:22:09,315 - __main__ - INFO - SVM_POLY: 0
2015-05-07 22:22:09,315 - __main__ - INFO - reduce_ratio: 1
2015-05-07 22:22:09,315 - __main__ - INFO - DL_xy: 1
2015-05-07 22:22:09,315 - __main__ - INFO - ptr-layer-number: 2
2015-05-07 22:22:09,315 - __main__ - INFO - batch_size: 100
2015-05-07 22:22:09,315 - __main__ - INFO - weight_y: 1
2015-05-07 22:22:09,315 - __main__ - INFO - SAE_SVM_RBF: 0
2015-05-07 22:22:09,315 - __main__ - INFO - filename: testDDI.txt
2015-05-07 22:22:09,315 - __main__ - INFO - hidden_layers_sizes: [200, 200]
2015-05-07 22:22:09,315 - __main__ - INFO - pretraining_interations: 3
2015-05-07 22:22:09,315 - __main__ - INFO - fisher_mode: FisherM1ONLY
2015-05-07 22:22:09,315 - __main__ - INFO - SAE_SVM_COMBO: 0
2015-05-07 22:22:09,316 - __main__ - INFO - training_interations: 3
2015-05-07 22:22:09,316 - __main__ - INFO - param-output-file: sda.mdl
2015-05-07 22:22:09,316 - __main__ - INFO - finetune_lr: 1
2015-05-07 22:22:09,316 - __main__ - INFO - Sda_xy_with_first: 1
2015-05-07 22:22:09,316 - __main__ - INFO - corruption_levels: [0, 0]
2015-05-07 22:22:09,316 - __main__ - INFO - pretrain_lr: 0.001
2015-05-07 22:22:09,316 - __main__ - INFO - n_cores: 1
2015-05-07 22:22:09,316 - __main__ - INFO - sparsity: 0
2015-05-07 22:22:09,316 - __main__ - INFO - lrate: C:0.08:5 
2015-05-07 22:22:09,316 - __main__ - INFO - with_auc_score: False
2015-05-07 22:22:09,316 - __main__ - INFO - Sda_new: 1
2015-05-07 22:22:09,316 - __main__ - INFO - SAE_SVM: 0
2015-05-07 22:22:09,316 - __main__ - INFO - learning_rate: 0.001
2015-05-07 22:22:09,319 - __main__ - INFO - DDI: Trypsin_int_V-set
2015-05-07 22:22:16,742 - __main__ - DEBUG - There is a error in this ddi: Trypsin_int_V-set
2015-05-07 22:22:16,742 - __main__ - INFO - 'DNN' object has no attribute 'dnn'
2015-05-07 22:22:35,752 - __main__ - INFO - Input DDI file: testDDI.txt
2015-05-07 22:22:35,752 - __main__ - INFO - DL: 1
2015-05-07 22:22:35,753 - __main__ - INFO - SVM: 1
2015-05-07 22:22:35,753 - __main__ - INFO - n_outs: 1
2015-05-07 22:22:35,753 - __main__ - INFO - SAE_SVM_RBF_COMBO: 0
2015-05-07 22:22:35,753 - __main__ - INFO - wdir: /home/du/Documents/tmp
2015-05-07 22:22:35,753 - __main__ - INFO - SVM_RBF: 0
2015-05-07 22:22:35,754 - __main__ - INFO - DL_S: 1
2015-05-07 22:22:35,754 - __main__ - INFO - sparsity_weight: 0
2015-05-07 22:22:35,754 - __main__ - INFO - DL_U: 0
2015-05-07 22:22:35,754 - __main__ - INFO - SVM_POLY: 0
2015-05-07 22:22:35,754 - __main__ - INFO - reduce_ratio: 1
2015-05-07 22:22:35,755 - __main__ - INFO - DL_xy: 1
2015-05-07 22:22:35,755 - __main__ - INFO - ptr-layer-number: 2
2015-05-07 22:22:35,755 - __main__ - INFO - batch_size: 100
2015-05-07 22:22:35,755 - __main__ - INFO - weight_y: 1
2015-05-07 22:22:35,755 - __main__ - INFO - SAE_SVM_RBF: 0
2015-05-07 22:22:35,756 - __main__ - INFO - filename: testDDI.txt
2015-05-07 22:22:35,756 - __main__ - INFO - hidden_layers_sizes: [200, 200]
2015-05-07 22:22:35,756 - __main__ - INFO - pretraining_interations: 3
2015-05-07 22:22:35,756 - __main__ - INFO - fisher_mode: FisherM1ONLY
2015-05-07 22:22:35,756 - __main__ - INFO - SAE_SVM_COMBO: 0
2015-05-07 22:22:35,757 - __main__ - INFO - training_interations: 3
2015-05-07 22:22:35,757 - __main__ - INFO - param-output-file: sda.mdl
2015-05-07 22:22:35,757 - __main__ - INFO - finetune_lr: 1
2015-05-07 22:22:35,757 - __main__ - INFO - Sda_xy_with_first: 1
2015-05-07 22:22:35,757 - __main__ - INFO - corruption_levels: [0, 0]
2015-05-07 22:22:35,758 - __main__ - INFO - pretrain_lr: 0.001
2015-05-07 22:22:35,758 - __main__ - INFO - n_cores: 1
2015-05-07 22:22:35,758 - __main__ - INFO - sparsity: 0
2015-05-07 22:22:35,758 - __main__ - INFO - lrate: C:0.08:5 
2015-05-07 22:22:35,758 - __main__ - INFO - with_auc_score: False
2015-05-07 22:22:35,759 - __main__ - INFO - Sda_new: 1
2015-05-07 22:22:35,759 - __main__ - INFO - SAE_SVM: 0
2015-05-07 22:22:35,759 - __main__ - INFO - learning_rate: 0.001
2015-05-07 22:22:37,569 - __main__ - INFO - DDI: Trypsin_int_V-set
2015-05-07 22:23:35,869 - __main__ - INFO - Input DDI file: testDDI.txt
2015-05-07 22:23:35,869 - __main__ - INFO - DL: 1
2015-05-07 22:23:35,869 - __main__ - INFO - SVM: 1
2015-05-07 22:23:35,870 - __main__ - INFO - n_outs: 1
2015-05-07 22:23:35,870 - __main__ - INFO - SAE_SVM_RBF_COMBO: 0
2015-05-07 22:23:35,870 - __main__ - INFO - wdir: /home/du/Documents/tmp
2015-05-07 22:23:35,870 - __main__ - INFO - SVM_RBF: 0
2015-05-07 22:23:35,870 - __main__ - INFO - DL_S: 1
2015-05-07 22:23:35,871 - __main__ - INFO - sparsity_weight: 0
2015-05-07 22:23:35,871 - __main__ - INFO - DL_U: 0
2015-05-07 22:23:35,871 - __main__ - INFO - SVM_POLY: 0
2015-05-07 22:23:35,871 - __main__ - INFO - reduce_ratio: 1
2015-05-07 22:23:35,872 - __main__ - INFO - DL_xy: 1
2015-05-07 22:23:35,872 - __main__ - INFO - ptr-layer-number: 2
2015-05-07 22:23:35,872 - __main__ - INFO - batch_size: 100
2015-05-07 22:23:35,872 - __main__ - INFO - weight_y: 1
2015-05-07 22:23:35,872 - __main__ - INFO - SAE_SVM_RBF: 0
2015-05-07 22:23:35,873 - __main__ - INFO - filename: testDDI.txt
2015-05-07 22:23:35,873 - __main__ - INFO - hidden_layers_sizes: [200, 200]
2015-05-07 22:23:35,873 - __main__ - INFO - pretraining_interations: 3
2015-05-07 22:23:35,873 - __main__ - INFO - fisher_mode: FisherM1ONLY
2015-05-07 22:23:35,873 - __main__ - INFO - SAE_SVM_COMBO: 0
2015-05-07 22:23:35,874 - __main__ - INFO - training_interations: 3
2015-05-07 22:23:35,874 - __main__ - INFO - param-output-file: sda.mdl
2015-05-07 22:23:35,874 - __main__ - INFO - finetune_lr: 1
2015-05-07 22:23:35,874 - __main__ - INFO - Sda_xy_with_first: 1
2015-05-07 22:23:35,875 - __main__ - INFO - corruption_levels: [0, 0]
2015-05-07 22:23:35,875 - __main__ - INFO - pretrain_lr: 0.001
2015-05-07 22:23:35,875 - __main__ - INFO - n_cores: 1
2015-05-07 22:23:35,875 - __main__ - INFO - sparsity: 0
2015-05-07 22:23:35,876 - __main__ - INFO - lrate: C:0.08:5 
2015-05-07 22:23:35,876 - __main__ - INFO - with_auc_score: False
2015-05-07 22:23:35,876 - __main__ - INFO - Sda_new: 1
2015-05-07 22:23:35,876 - __main__ - INFO - SAE_SVM: 0
2015-05-07 22:23:35,876 - __main__ - INFO - learning_rate: 0.001
2015-05-07 22:23:37,689 - __main__ - INFO - DDI: Trypsin_int_V-set
2015-05-07 22:35:14,154 - __main__ - INFO - Input DDI file: testDDI.txt
2015-05-07 22:35:14,155 - __main__ - INFO - DL: 1
2015-05-07 22:35:14,155 - __main__ - INFO - SVM: 1
2015-05-07 22:35:14,156 - __main__ - INFO - n_outs: 1
2015-05-07 22:35:14,156 - __main__ - INFO - SAE_SVM_RBF_COMBO: 0
2015-05-07 22:35:14,157 - __main__ - INFO - wdir: /home/du/Documents/tmp
2015-05-07 22:35:14,157 - __main__ - INFO - SVM_RBF: 0
2015-05-07 22:35:14,158 - __main__ - INFO - DL_S: 1
2015-05-07 22:35:14,158 - __main__ - INFO - sparsity_weight: 0
2015-05-07 22:35:14,159 - __main__ - INFO - DL_U: 0
2015-05-07 22:35:14,159 - __main__ - INFO - SVM_POLY: 0
2015-05-07 22:35:14,160 - __main__ - INFO - reduce_ratio: 1
2015-05-07 22:35:14,161 - __main__ - INFO - DL_xy: 1
2015-05-07 22:35:14,161 - __main__ - INFO - ptr-layer-number: 2
2015-05-07 22:35:14,162 - __main__ - INFO - batch_size: 100
2015-05-07 22:35:14,162 - __main__ - INFO - weight_y: 1
2015-05-07 22:35:14,162 - __main__ - INFO - SAE_SVM_RBF: 0
2015-05-07 22:35:14,163 - __main__ - INFO - filename: testDDI.txt
2015-05-07 22:35:14,163 - __main__ - INFO - hidden_layers_sizes: [200, 200]
2015-05-07 22:35:14,163 - __main__ - INFO - pretraining_interations: 3
2015-05-07 22:35:14,163 - __main__ - INFO - fisher_mode: FisherM1ONLY
2015-05-07 22:35:14,164 - __main__ - INFO - SAE_SVM_COMBO: 0
2015-05-07 22:35:14,164 - __main__ - INFO - training_interations: 3
2015-05-07 22:35:14,164 - __main__ - INFO - param-output-file: sda.mdl
2015-05-07 22:35:14,165 - __main__ - INFO - finetune_lr: 1
2015-05-07 22:35:14,165 - __main__ - INFO - Sda_xy_with_first: 1
2015-05-07 22:35:14,165 - __main__ - INFO - corruption_levels: [0, 0]
2015-05-07 22:35:14,166 - __main__ - INFO - pretrain_lr: 0.001
2015-05-07 22:35:14,166 - __main__ - INFO - n_cores: 1
2015-05-07 22:35:14,167 - __main__ - INFO - sparsity: 0
2015-05-07 22:35:14,167 - __main__ - INFO - lrate: C:0.08:5 
2015-05-07 22:35:14,167 - __main__ - INFO - with_auc_score: False
2015-05-07 22:35:14,168 - __main__ - INFO - Sda_new: 1
2015-05-07 22:35:14,168 - __main__ - INFO - SAE_SVM: 0
2015-05-07 22:35:14,168 - __main__ - INFO - learning_rate: 0.001
2015-05-07 22:35:15,980 - __main__ - INFO - DDI: Trypsin_int_V-set
2015-05-07 22:49:39,789 - __main__ - INFO - Input DDI file: testDDI.txt
2015-05-07 22:49:39,789 - __main__ - INFO - DL: 1
2015-05-07 22:49:39,789 - __main__ - INFO - SVM: 1
2015-05-07 22:49:39,789 - __main__ - INFO - n_outs: 1
2015-05-07 22:49:39,789 - __main__ - INFO - SAE_SVM_RBF_COMBO: 0
2015-05-07 22:49:39,789 - __main__ - INFO - wdir: /home/du/Documents/tmp
2015-05-07 22:49:39,789 - __main__ - INFO - SVM_RBF: 0
2015-05-07 22:49:39,789 - __main__ - INFO - DL_S: 1
2015-05-07 22:49:39,789 - __main__ - INFO - sparsity_weight: 0
2015-05-07 22:49:39,789 - __main__ - INFO - DL_U: 0
2015-05-07 22:49:39,789 - __main__ - INFO - SVM_POLY: 0
2015-05-07 22:49:39,789 - __main__ - INFO - reduce_ratio: 1
2015-05-07 22:49:39,789 - __main__ - INFO - DL_xy: 1
2015-05-07 22:49:39,789 - __main__ - INFO - ptr-layer-number: 2
2015-05-07 22:49:39,789 - __main__ - INFO - batch_size: 100
2015-05-07 22:49:39,789 - __main__ - INFO - weight_y: 1
2015-05-07 22:49:39,790 - __main__ - INFO - SAE_SVM_RBF: 0
2015-05-07 22:49:39,790 - __main__ - INFO - filename: testDDI.txt
2015-05-07 22:49:39,790 - __main__ - INFO - hidden_layers_sizes: [200, 200]
2015-05-07 22:49:39,790 - __main__ - INFO - pretraining_interations: 3
2015-05-07 22:49:39,790 - __main__ - INFO - fisher_mode: FisherM1ONLY
2015-05-07 22:49:39,790 - __main__ - INFO - SAE_SVM_COMBO: 0
2015-05-07 22:49:39,790 - __main__ - INFO - training_interations: 3
2015-05-07 22:49:39,790 - __main__ - INFO - param-output-file: sda.mdl
2015-05-07 22:49:39,790 - __main__ - INFO - finetune_lr: 1
2015-05-07 22:49:39,790 - __main__ - INFO - Sda_xy_with_first: 1
2015-05-07 22:49:39,790 - __main__ - INFO - corruption_levels: [0, 0]
2015-05-07 22:49:39,790 - __main__ - INFO - pretrain_lr: 0.001
2015-05-07 22:49:39,790 - __main__ - INFO - n_cores: 1
2015-05-07 22:49:39,790 - __main__ - INFO - sparsity: 0
2015-05-07 22:49:39,790 - __main__ - INFO - lrate: C:0.08:5 
2015-05-07 22:49:39,790 - __main__ - INFO - with_auc_score: False
2015-05-07 22:49:39,790 - __main__ - INFO - Sda_new: 1
2015-05-07 22:49:39,790 - __main__ - INFO - SAE_SVM: 0
2015-05-07 22:49:39,790 - __main__ - INFO - learning_rate: 0.001
2015-05-07 22:49:39,793 - __main__ - INFO - DDI: Trypsin_int_V-set
2015-05-07 22:49:46,407 - __main__ - DEBUG - There is a error in this ddi: Trypsin_int_V-set
2015-05-07 22:49:46,408 - __main__ - INFO - invalid slice
2015-05-07 22:50:12,908 - __main__ - INFO - Input DDI file: testDDI.txt
2015-05-07 22:50:12,908 - __main__ - INFO - DL: 1
2015-05-07 22:50:12,908 - __main__ - INFO - SVM: 1
2015-05-07 22:50:12,909 - __main__ - INFO - n_outs: 1
2015-05-07 22:50:12,909 - __main__ - INFO - SAE_SVM_RBF_COMBO: 0
2015-05-07 22:50:12,909 - __main__ - INFO - wdir: /home/du/Documents/tmp
2015-05-07 22:50:12,909 - __main__ - INFO - SVM_RBF: 0
2015-05-07 22:50:12,910 - __main__ - INFO - DL_S: 1
2015-05-07 22:50:12,910 - __main__ - INFO - sparsity_weight: 0
2015-05-07 22:50:12,910 - __main__ - INFO - DL_U: 0
2015-05-07 22:50:12,910 - __main__ - INFO - SVM_POLY: 0
2015-05-07 22:50:12,910 - __main__ - INFO - reduce_ratio: 1
2015-05-07 22:50:12,911 - __main__ - INFO - DL_xy: 1
2015-05-07 22:50:12,911 - __main__ - INFO - ptr-layer-number: 2
2015-05-07 22:50:12,911 - __main__ - INFO - batch_size: 100
2015-05-07 22:50:12,912 - __main__ - INFO - weight_y: 1
2015-05-07 22:50:12,912 - __main__ - INFO - SAE_SVM_RBF: 0
2015-05-07 22:50:12,912 - __main__ - INFO - filename: testDDI.txt
2015-05-07 22:50:12,912 - __main__ - INFO - hidden_layers_sizes: [200, 200]
2015-05-07 22:50:12,912 - __main__ - INFO - pretraining_interations: 3
2015-05-07 22:50:12,913 - __main__ - INFO - fisher_mode: FisherM1ONLY
2015-05-07 22:50:12,913 - __main__ - INFO - SAE_SVM_COMBO: 0
2015-05-07 22:50:12,913 - __main__ - INFO - training_interations: 3
2015-05-07 22:50:12,913 - __main__ - INFO - param-output-file: sda.mdl
2015-05-07 22:50:12,913 - __main__ - INFO - finetune_lr: 1
2015-05-07 22:50:12,914 - __main__ - INFO - Sda_xy_with_first: 1
2015-05-07 22:50:12,914 - __main__ - INFO - corruption_levels: [0, 0]
2015-05-07 22:50:12,914 - __main__ - INFO - pretrain_lr: 0.001
2015-05-07 22:50:12,914 - __main__ - INFO - n_cores: 1
2015-05-07 22:50:12,914 - __main__ - INFO - sparsity: 0
2015-05-07 22:50:12,915 - __main__ - INFO - lrate: C:0.08:5 
2015-05-07 22:50:12,915 - __main__ - INFO - with_auc_score: False
2015-05-07 22:50:12,915 - __main__ - INFO - Sda_new: 1
2015-05-07 22:50:12,915 - __main__ - INFO - SAE_SVM: 0
2015-05-07 22:50:12,915 - __main__ - INFO - learning_rate: 0.001
2015-05-07 22:50:14,926 - __main__ - INFO - DDI: Trypsin_int_V-set
2015-05-07 22:50:46,871 - __main__ - DEBUG - There is a error in this ddi: Trypsin_int_V-set
2015-05-07 22:50:46,872 - __main__ - INFO - 'DNN' object has no attribute 'dnn'
2015-05-07 22:51:15,802 - __main__ - INFO - Input DDI file: testDDI.txt
2015-05-07 22:51:15,802 - __main__ - INFO - DL: 1
2015-05-07 22:51:15,803 - __main__ - INFO - SVM: 1
2015-05-07 22:51:15,803 - __main__ - INFO - n_outs: 1
2015-05-07 22:51:15,803 - __main__ - INFO - SAE_SVM_RBF_COMBO: 0
2015-05-07 22:51:15,803 - __main__ - INFO - wdir: /home/du/Documents/tmp
2015-05-07 22:51:15,803 - __main__ - INFO - SVM_RBF: 0
2015-05-07 22:51:15,804 - __main__ - INFO - DL_S: 1
2015-05-07 22:51:15,804 - __main__ - INFO - sparsity_weight: 0
2015-05-07 22:51:15,804 - __main__ - INFO - DL_U: 0
2015-05-07 22:51:15,804 - __main__ - INFO - SVM_POLY: 0
2015-05-07 22:51:15,804 - __main__ - INFO - reduce_ratio: 1
2015-05-07 22:51:15,805 - __main__ - INFO - DL_xy: 1
2015-05-07 22:51:15,805 - __main__ - INFO - ptr-layer-number: 2
2015-05-07 22:51:15,805 - __main__ - INFO - batch_size: 100
2015-05-07 22:51:15,805 - __main__ - INFO - weight_y: 1
2015-05-07 22:51:15,806 - __main__ - INFO - SAE_SVM_RBF: 0
2015-05-07 22:51:15,806 - __main__ - INFO - filename: testDDI.txt
2015-05-07 22:51:15,806 - __main__ - INFO - hidden_layers_sizes: [200, 200]
2015-05-07 22:51:15,806 - __main__ - INFO - pretraining_interations: 3
2015-05-07 22:51:15,806 - __main__ - INFO - fisher_mode: FisherM1ONLY
2015-05-07 22:51:15,807 - __main__ - INFO - SAE_SVM_COMBO: 0
2015-05-07 22:51:15,807 - __main__ - INFO - training_interations: 3
2015-05-07 22:51:15,807 - __main__ - INFO - param-output-file: sda.mdl
2015-05-07 22:51:15,807 - __main__ - INFO - finetune_lr: 1
2015-05-07 22:51:15,807 - __main__ - INFO - Sda_xy_with_first: 1
2015-05-07 22:51:15,808 - __main__ - INFO - corruption_levels: [0, 0]
2015-05-07 22:51:15,808 - __main__ - INFO - pretrain_lr: 0.001
2015-05-07 22:51:15,808 - __main__ - INFO - n_cores: 1
2015-05-07 22:51:15,808 - __main__ - INFO - sparsity: 0
2015-05-07 22:51:15,808 - __main__ - INFO - lrate: C:0.08:5 
2015-05-07 22:51:15,809 - __main__ - INFO - with_auc_score: False
2015-05-07 22:51:15,809 - __main__ - INFO - Sda_new: 1
2015-05-07 22:51:15,809 - __main__ - INFO - SAE_SVM: 0
2015-05-07 22:51:15,809 - __main__ - INFO - learning_rate: 0.001
2015-05-07 22:51:17,821 - __main__ - INFO - DDI: Trypsin_int_V-set
2015-05-07 22:54:07,359 - __main__ - INFO - Input DDI file: testDDI.txt
2015-05-07 22:54:07,359 - __main__ - INFO - DL: 1
2015-05-07 22:54:07,359 - __main__ - INFO - SVM: 1
2015-05-07 22:54:07,359 - __main__ - INFO - n_outs: 1
2015-05-07 22:54:07,359 - __main__ - INFO - SAE_SVM_RBF_COMBO: 0
2015-05-07 22:54:07,360 - __main__ - INFO - wdir: /home/du/Documents/tmp
2015-05-07 22:54:07,360 - __main__ - INFO - SVM_RBF: 0
2015-05-07 22:54:07,360 - __main__ - INFO - DL_S: 1
2015-05-07 22:54:07,360 - __main__ - INFO - sparsity_weight: 0
2015-05-07 22:54:07,360 - __main__ - INFO - DL_U: 0
2015-05-07 22:54:07,360 - __main__ - INFO - SVM_POLY: 0
2015-05-07 22:54:07,360 - __main__ - INFO - reduce_ratio: 1
2015-05-07 22:54:07,360 - __main__ - INFO - DL_xy: 1
2015-05-07 22:54:07,360 - __main__ - INFO - ptr-layer-number: 2
2015-05-07 22:54:07,360 - __main__ - INFO - batch_size: 100
2015-05-07 22:54:07,360 - __main__ - INFO - weight_y: 1
2015-05-07 22:54:07,360 - __main__ - INFO - SAE_SVM_RBF: 0
2015-05-07 22:54:07,360 - __main__ - INFO - filename: testDDI.txt
2015-05-07 22:54:07,360 - __main__ - INFO - hidden_layers_sizes: [200, 200]
2015-05-07 22:54:07,360 - __main__ - INFO - pretraining_interations: 3
2015-05-07 22:54:07,360 - __main__ - INFO - fisher_mode: FisherM1ONLY
2015-05-07 22:54:07,360 - __main__ - INFO - SAE_SVM_COMBO: 0
2015-05-07 22:54:07,360 - __main__ - INFO - training_interations: 3
2015-05-07 22:54:07,360 - __main__ - INFO - param-output-file: sda.mdl
2015-05-07 22:54:07,360 - __main__ - INFO - finetune_lr: 1
2015-05-07 22:54:07,360 - __main__ - INFO - Sda_xy_with_first: 1
2015-05-07 22:54:07,360 - __main__ - INFO - corruption_levels: [0, 0]
2015-05-07 22:54:07,360 - __main__ - INFO - pretrain_lr: 0.001
2015-05-07 22:54:07,360 - __main__ - INFO - n_cores: 1
2015-05-07 22:54:07,360 - __main__ - INFO - sparsity: 0
2015-05-07 22:54:07,360 - __main__ - INFO - lrate: C:0.08:5 
2015-05-07 22:54:07,360 - __main__ - INFO - with_auc_score: False
2015-05-07 22:54:07,361 - __main__ - INFO - Sda_new: 1
2015-05-07 22:54:07,361 - __main__ - INFO - SAE_SVM: 0
2015-05-07 22:54:07,361 - __main__ - INFO - learning_rate: 0.001
2015-05-07 22:54:07,363 - __main__ - INFO - DDI: Trypsin_int_V-set
2015-05-07 22:54:13,790 - __main__ - DEBUG - There is a error in this ddi: Trypsin_int_V-set
2015-05-07 22:54:13,790 - __main__ - INFO - invalid slice
2015-05-07 22:54:29,646 - __main__ - INFO - Input DDI file: testDDI.txt
2015-05-07 22:54:29,646 - __main__ - INFO - DL: 1
2015-05-07 22:54:29,646 - __main__ - INFO - SVM: 1
2015-05-07 22:54:29,646 - __main__ - INFO - n_outs: 1
2015-05-07 22:54:29,646 - __main__ - INFO - SAE_SVM_RBF_COMBO: 0
2015-05-07 22:54:29,646 - __main__ - INFO - wdir: /home/du/Documents/tmp
2015-05-07 22:54:29,646 - __main__ - INFO - SVM_RBF: 0
2015-05-07 22:54:29,646 - __main__ - INFO - DL_S: 1
2015-05-07 22:54:29,646 - __main__ - INFO - sparsity_weight: 0
2015-05-07 22:54:29,646 - __main__ - INFO - DL_U: 0
2015-05-07 22:54:29,646 - __main__ - INFO - SVM_POLY: 0
2015-05-07 22:54:29,646 - __main__ - INFO - reduce_ratio: 1
2015-05-07 22:54:29,646 - __main__ - INFO - DL_xy: 1
2015-05-07 22:54:29,646 - __main__ - INFO - ptr-layer-number: 2
2015-05-07 22:54:29,646 - __main__ - INFO - batch_size: 100
2015-05-07 22:54:29,646 - __main__ - INFO - weight_y: 1
2015-05-07 22:54:29,646 - __main__ - INFO - SAE_SVM_RBF: 0
2015-05-07 22:54:29,646 - __main__ - INFO - filename: testDDI.txt
2015-05-07 22:54:29,646 - __main__ - INFO - hidden_layers_sizes: [200, 200]
2015-05-07 22:54:29,646 - __main__ - INFO - pretraining_interations: 3
2015-05-07 22:54:29,647 - __main__ - INFO - fisher_mode: FisherM1ONLY
2015-05-07 22:54:29,647 - __main__ - INFO - SAE_SVM_COMBO: 0
2015-05-07 22:54:29,647 - __main__ - INFO - training_interations: 3
2015-05-07 22:54:29,647 - __main__ - INFO - param-output-file: sda.mdl
2015-05-07 22:54:29,647 - __main__ - INFO - finetune_lr: 1
2015-05-07 22:54:29,647 - __main__ - INFO - Sda_xy_with_first: 1
2015-05-07 22:54:29,647 - __main__ - INFO - corruption_levels: [0, 0]
2015-05-07 22:54:29,647 - __main__ - INFO - pretrain_lr: 0.001
2015-05-07 22:54:29,647 - __main__ - INFO - n_cores: 1
2015-05-07 22:54:29,647 - __main__ - INFO - sparsity: 0
2015-05-07 22:54:29,647 - __main__ - INFO - lrate: C:0.08:5 
2015-05-07 22:54:29,647 - __main__ - INFO - with_auc_score: False
2015-05-07 22:54:29,647 - __main__ - INFO - Sda_new: 1
2015-05-07 22:54:29,647 - __main__ - INFO - SAE_SVM: 0
2015-05-07 22:54:29,647 - __main__ - INFO - learning_rate: 0.001
2015-05-07 22:54:29,650 - __main__ - INFO - DDI: Trypsin_int_V-set
2015-05-07 22:54:36,339 - __main__ - DEBUG - There is a error in this ddi: Trypsin_int_V-set
2015-05-07 22:54:36,339 - __main__ - INFO - invalid slice
2015-05-07 22:54:55,018 - __main__ - INFO - Input DDI file: testDDI.txt
2015-05-07 22:54:55,018 - __main__ - INFO - DL: 1
2015-05-07 22:54:55,018 - __main__ - INFO - SVM: 1
2015-05-07 22:54:55,018 - __main__ - INFO - n_outs: 1
2015-05-07 22:54:55,019 - __main__ - INFO - SAE_SVM_RBF_COMBO: 0
2015-05-07 22:54:55,019 - __main__ - INFO - wdir: /home/du/Documents/tmp
2015-05-07 22:54:55,019 - __main__ - INFO - SVM_RBF: 0
2015-05-07 22:54:55,019 - __main__ - INFO - DL_S: 1
2015-05-07 22:54:55,019 - __main__ - INFO - sparsity_weight: 0
2015-05-07 22:54:55,020 - __main__ - INFO - DL_U: 0
2015-05-07 22:54:55,020 - __main__ - INFO - SVM_POLY: 0
2015-05-07 22:54:55,020 - __main__ - INFO - reduce_ratio: 1
2015-05-07 22:54:55,020 - __main__ - INFO - DL_xy: 1
2015-05-07 22:54:55,020 - __main__ - INFO - ptr-layer-number: 2
2015-05-07 22:54:55,021 - __main__ - INFO - batch_size: 100
2015-05-07 22:54:55,021 - __main__ - INFO - weight_y: 1
2015-05-07 22:54:55,021 - __main__ - INFO - SAE_SVM_RBF: 0
2015-05-07 22:54:55,021 - __main__ - INFO - filename: testDDI.txt
2015-05-07 22:54:55,022 - __main__ - INFO - hidden_layers_sizes: [200, 200]
2015-05-07 22:54:55,022 - __main__ - INFO - pretraining_interations: 3
2015-05-07 22:54:55,022 - __main__ - INFO - fisher_mode: FisherM1ONLY
2015-05-07 22:54:55,022 - __main__ - INFO - SAE_SVM_COMBO: 0
2015-05-07 22:54:55,022 - __main__ - INFO - training_interations: 3
2015-05-07 22:54:55,023 - __main__ - INFO - param-output-file: sda.mdl
2015-05-07 22:54:55,023 - __main__ - INFO - finetune_lr: 1
2015-05-07 22:54:55,023 - __main__ - INFO - Sda_xy_with_first: 1
2015-05-07 22:54:55,023 - __main__ - INFO - corruption_levels: [0, 0]
2015-05-07 22:54:55,023 - __main__ - INFO - pretrain_lr: 0.001
2015-05-07 22:54:55,024 - __main__ - INFO - n_cores: 1
2015-05-07 22:54:55,024 - __main__ - INFO - sparsity: 0
2015-05-07 22:54:55,024 - __main__ - INFO - lrate: C:0.08:5 
2015-05-07 22:54:55,024 - __main__ - INFO - with_auc_score: False
2015-05-07 22:54:55,024 - __main__ - INFO - Sda_new: 1
2015-05-07 22:54:55,025 - __main__ - INFO - SAE_SVM: 0
2015-05-07 22:54:55,025 - __main__ - INFO - learning_rate: 0.001
2015-05-07 22:54:57,035 - __main__ - INFO - DDI: Trypsin_int_V-set
2015-05-07 22:56:48,745 - __main__ - INFO - Input DDI file: testDDI.txt
2015-05-07 22:56:48,745 - __main__ - INFO - DL: 1
2015-05-07 22:56:48,745 - __main__ - INFO - SVM: 1
2015-05-07 22:56:48,745 - __main__ - INFO - n_outs: 1
2015-05-07 22:56:48,745 - __main__ - INFO - SAE_SVM_RBF_COMBO: 0
2015-05-07 22:56:48,745 - __main__ - INFO - wdir: /home/du/Documents/tmp
2015-05-07 22:56:48,745 - __main__ - INFO - SVM_RBF: 0
2015-05-07 22:56:48,745 - __main__ - INFO - DL_S: 1
2015-05-07 22:56:48,745 - __main__ - INFO - sparsity_weight: 0
2015-05-07 22:56:48,745 - __main__ - INFO - DL_U: 0
2015-05-07 22:56:48,745 - __main__ - INFO - SVM_POLY: 0
2015-05-07 22:56:48,745 - __main__ - INFO - reduce_ratio: 1
2015-05-07 22:56:48,745 - __main__ - INFO - DL_xy: 1
2015-05-07 22:56:48,746 - __main__ - INFO - ptr-layer-number: 2
2015-05-07 22:56:48,746 - __main__ - INFO - batch_size: 100
2015-05-07 22:56:48,746 - __main__ - INFO - weight_y: 1
2015-05-07 22:56:48,746 - __main__ - INFO - SAE_SVM_RBF: 0
2015-05-07 22:56:48,746 - __main__ - INFO - filename: testDDI.txt
2015-05-07 22:56:48,746 - __main__ - INFO - hidden_layers_sizes: [200, 200]
2015-05-07 22:56:48,746 - __main__ - INFO - pretraining_interations: 3
2015-05-07 22:56:48,746 - __main__ - INFO - fisher_mode: FisherM1ONLY
2015-05-07 22:56:48,746 - __main__ - INFO - SAE_SVM_COMBO: 0
2015-05-07 22:56:48,746 - __main__ - INFO - training_interations: 3
2015-05-07 22:56:48,746 - __main__ - INFO - param-output-file: sda.mdl
2015-05-07 22:56:48,746 - __main__ - INFO - finetune_lr: 1
2015-05-07 22:56:48,746 - __main__ - INFO - Sda_xy_with_first: 1
2015-05-07 22:56:48,746 - __main__ - INFO - corruption_levels: [0, 0]
2015-05-07 22:56:48,746 - __main__ - INFO - pretrain_lr: 0.001
2015-05-07 22:56:48,746 - __main__ - INFO - n_cores: 1
2015-05-07 22:56:48,746 - __main__ - INFO - sparsity: 0
2015-05-07 22:56:48,746 - __main__ - INFO - lrate: C:0.08:5 
2015-05-07 22:56:48,746 - __main__ - INFO - with_auc_score: False
2015-05-07 22:56:48,746 - __main__ - INFO - Sda_new: 1
2015-05-07 22:56:48,746 - __main__ - INFO - SAE_SVM: 0
2015-05-07 22:56:48,746 - __main__ - INFO - learning_rate: 0.001
2015-05-07 22:56:48,749 - __main__ - INFO - DDI: Trypsin_int_V-set
2015-05-07 22:56:55,334 - __main__ - DEBUG - There is a error in this ddi: Trypsin_int_V-set
2015-05-07 22:56:55,334 - __main__ - INFO - need more than 1 value to unpack
2015-05-07 22:57:54,044 - __main__ - INFO - Input DDI file: testDDI.txt
2015-05-07 22:57:54,044 - __main__ - INFO - DL: 1
2015-05-07 22:57:54,044 - __main__ - INFO - SVM: 1
2015-05-07 22:57:54,044 - __main__ - INFO - n_outs: 1
2015-05-07 22:57:54,044 - __main__ - INFO - SAE_SVM_RBF_COMBO: 0
2015-05-07 22:57:54,044 - __main__ - INFO - wdir: /home/du/Documents/tmp
2015-05-07 22:57:54,044 - __main__ - INFO - SVM_RBF: 0
2015-05-07 22:57:54,044 - __main__ - INFO - DL_S: 1
2015-05-07 22:57:54,044 - __main__ - INFO - sparsity_weight: 0
2015-05-07 22:57:54,044 - __main__ - INFO - DL_U: 0
2015-05-07 22:57:54,044 - __main__ - INFO - SVM_POLY: 0
2015-05-07 22:57:54,044 - __main__ - INFO - reduce_ratio: 1
2015-05-07 22:57:54,044 - __main__ - INFO - DL_xy: 1
2015-05-07 22:57:54,044 - __main__ - INFO - ptr-layer-number: 2
2015-05-07 22:57:54,044 - __main__ - INFO - batch_size: 100
2015-05-07 22:57:54,044 - __main__ - INFO - weight_y: 1
2015-05-07 22:57:54,044 - __main__ - INFO - SAE_SVM_RBF: 0
2015-05-07 22:57:54,044 - __main__ - INFO - filename: testDDI.txt
2015-05-07 22:57:54,045 - __main__ - INFO - hidden_layers_sizes: [200, 200]
2015-05-07 22:57:54,045 - __main__ - INFO - pretraining_interations: 3
2015-05-07 22:57:54,045 - __main__ - INFO - fisher_mode: FisherM1ONLY
2015-05-07 22:57:54,045 - __main__ - INFO - SAE_SVM_COMBO: 0
2015-05-07 22:57:54,045 - __main__ - INFO - training_interations: 3
2015-05-07 22:57:54,045 - __main__ - INFO - param-output-file: sda.mdl
2015-05-07 22:57:54,045 - __main__ - INFO - finetune_lr: 1
2015-05-07 22:57:54,045 - __main__ - INFO - Sda_xy_with_first: 1
2015-05-07 22:57:54,045 - __main__ - INFO - corruption_levels: [0, 0]
2015-05-07 22:57:54,045 - __main__ - INFO - pretrain_lr: 0.001
2015-05-07 22:57:54,045 - __main__ - INFO - n_cores: 1
2015-05-07 22:57:54,045 - __main__ - INFO - sparsity: 0
2015-05-07 22:57:54,045 - __main__ - INFO - lrate: C:0.08:5 
2015-05-07 22:57:54,045 - __main__ - INFO - with_auc_score: False
2015-05-07 22:57:54,045 - __main__ - INFO - Sda_new: 1
2015-05-07 22:57:54,045 - __main__ - INFO - SAE_SVM: 0
2015-05-07 22:57:54,045 - __main__ - INFO - learning_rate: 0.001
2015-05-07 22:57:54,048 - __main__ - INFO - DDI: Trypsin_int_V-set
2015-05-07 22:58:06,886 - __main__ - DEBUG - There is a error in this ddi: Trypsin_int_V-set
2015-05-07 22:58:06,886 - __main__ - INFO - 'SdA' object has no attribute 'sda'
2015-05-07 22:59:21,789 - __main__ - INFO - Input DDI file: testDDI.txt
2015-05-07 22:59:21,789 - __main__ - INFO - DL: 1
2015-05-07 22:59:21,789 - __main__ - INFO - SVM: 1
2015-05-07 22:59:21,789 - __main__ - INFO - n_outs: 1
2015-05-07 22:59:21,789 - __main__ - INFO - SAE_SVM_RBF_COMBO: 0
2015-05-07 22:59:21,789 - __main__ - INFO - wdir: /home/du/Documents/tmp
2015-05-07 22:59:21,790 - __main__ - INFO - SVM_RBF: 0
2015-05-07 22:59:21,790 - __main__ - INFO - DL_S: 1
2015-05-07 22:59:21,790 - __main__ - INFO - sparsity_weight: 0
2015-05-07 22:59:21,790 - __main__ - INFO - DL_U: 0
2015-05-07 22:59:21,790 - __main__ - INFO - SVM_POLY: 0
2015-05-07 22:59:21,790 - __main__ - INFO - reduce_ratio: 1
2015-05-07 22:59:21,790 - __main__ - INFO - DL_xy: 1
2015-05-07 22:59:21,790 - __main__ - INFO - ptr-layer-number: 2
2015-05-07 22:59:21,790 - __main__ - INFO - batch_size: 100
2015-05-07 22:59:21,790 - __main__ - INFO - weight_y: 1
2015-05-07 22:59:21,790 - __main__ - INFO - SAE_SVM_RBF: 0
2015-05-07 22:59:21,790 - __main__ - INFO - filename: testDDI.txt
2015-05-07 22:59:21,790 - __main__ - INFO - hidden_layers_sizes: [200, 200]
2015-05-07 22:59:21,790 - __main__ - INFO - pretraining_interations: 3
2015-05-07 22:59:21,790 - __main__ - INFO - fisher_mode: FisherM1ONLY
2015-05-07 22:59:21,790 - __main__ - INFO - SAE_SVM_COMBO: 0
2015-05-07 22:59:21,790 - __main__ - INFO - training_interations: 3
2015-05-07 22:59:21,790 - __main__ - INFO - param-output-file: sda.mdl
2015-05-07 22:59:21,790 - __main__ - INFO - finetune_lr: 1
2015-05-07 22:59:21,790 - __main__ - INFO - Sda_xy_with_first: 1
2015-05-07 22:59:21,790 - __main__ - INFO - corruption_levels: [0, 0]
2015-05-07 22:59:21,790 - __main__ - INFO - pretrain_lr: 0.001
2015-05-07 22:59:21,790 - __main__ - INFO - n_cores: 1
2015-05-07 22:59:21,790 - __main__ - INFO - sparsity: 0
2015-05-07 22:59:21,791 - __main__ - INFO - lrate: C:0.08:5 
2015-05-07 22:59:21,791 - __main__ - INFO - with_auc_score: False
2015-05-07 22:59:21,791 - __main__ - INFO - Sda_new: 1
2015-05-07 22:59:21,791 - __main__ - INFO - SAE_SVM: 0
2015-05-07 22:59:21,791 - __main__ - INFO - learning_rate: 0.001
2015-05-07 22:59:21,794 - __main__ - INFO - DDI: Trypsin_int_V-set
2015-05-07 22:59:39,681 - __main__ - DEBUG - There is a error in this ddi: Trypsin_int_V-set
2015-05-07 22:59:39,681 - __main__ - INFO - integer division or modulo by zero
2015-05-07 23:01:36,510 - __main__ - INFO - Input DDI file: testDDI.txt
2015-05-07 23:01:36,511 - __main__ - INFO - DL: 1
2015-05-07 23:01:36,511 - __main__ - INFO - SVM: 1
2015-05-07 23:01:36,511 - __main__ - INFO - n_outs: 1
2015-05-07 23:01:36,511 - __main__ - INFO - SAE_SVM_RBF_COMBO: 0
2015-05-07 23:01:36,512 - __main__ - INFO - wdir: /home/du/Documents/tmp
2015-05-07 23:01:36,512 - __main__ - INFO - SVM_RBF: 0
2015-05-07 23:01:36,512 - __main__ - INFO - DL_S: 1
2015-05-07 23:01:36,512 - __main__ - INFO - sparsity_weight: 0
2015-05-07 23:01:36,512 - __main__ - INFO - DL_U: 0
2015-05-07 23:01:36,513 - __main__ - INFO - SVM_POLY: 0
2015-05-07 23:01:36,513 - __main__ - INFO - reduce_ratio: 1
2015-05-07 23:01:36,513 - __main__ - INFO - DL_xy: 1
2015-05-07 23:01:36,513 - __main__ - INFO - ptr-layer-number: 2
2015-05-07 23:01:36,513 - __main__ - INFO - batch_size: 100
2015-05-07 23:01:36,514 - __main__ - INFO - weight_y: 1
2015-05-07 23:01:36,514 - __main__ - INFO - SAE_SVM_RBF: 0
2015-05-07 23:01:36,514 - __main__ - INFO - filename: testDDI.txt
2015-05-07 23:01:36,514 - __main__ - INFO - hidden_layers_sizes: [200, 200]
2015-05-07 23:01:36,514 - __main__ - INFO - pretraining_interations: 3
2015-05-07 23:01:36,515 - __main__ - INFO - fisher_mode: FisherM1ONLY
2015-05-07 23:01:36,515 - __main__ - INFO - SAE_SVM_COMBO: 0
2015-05-07 23:01:36,515 - __main__ - INFO - training_interations: 3
2015-05-07 23:01:36,515 - __main__ - INFO - param-output-file: sda.mdl
2015-05-07 23:01:36,515 - __main__ - INFO - finetune_lr: 1
2015-05-07 23:01:36,516 - __main__ - INFO - Sda_xy_with_first: 1
2015-05-07 23:01:36,516 - __main__ - INFO - corruption_levels: [0, 0]
2015-05-07 23:01:36,516 - __main__ - INFO - pretrain_lr: 0.001
2015-05-07 23:01:36,516 - __main__ - INFO - n_cores: 1
2015-05-07 23:01:36,516 - __main__ - INFO - sparsity: 0
2015-05-07 23:01:36,517 - __main__ - INFO - lrate: C:0.08:5 
2015-05-07 23:01:36,517 - __main__ - INFO - with_auc_score: False
2015-05-07 23:01:36,517 - __main__ - INFO - Sda_new: 1
2015-05-07 23:01:36,517 - __main__ - INFO - SAE_SVM: 0
2015-05-07 23:01:36,517 - __main__ - INFO - learning_rate: 0.001
2015-05-07 23:01:38,529 - __main__ - INFO - DDI: Trypsin_int_V-set
2015-05-07 23:03:56,338 - __main__ - DEBUG - There is a error in this ddi: Trypsin_int_V-set
2015-05-07 23:03:56,339 - __main__ - INFO - integer division or modulo by zero
2015-05-07 23:04:36,557 - __main__ - INFO - Input DDI file: testDDI.txt
2015-05-07 23:04:36,558 - __main__ - INFO - DL: 1
2015-05-07 23:04:36,558 - __main__ - INFO - SVM: 1
2015-05-07 23:04:36,558 - __main__ - INFO - n_outs: 1
2015-05-07 23:04:36,558 - __main__ - INFO - SAE_SVM_RBF_COMBO: 0
2015-05-07 23:04:36,559 - __main__ - INFO - wdir: /home/du/Documents/tmp
2015-05-07 23:04:36,559 - __main__ - INFO - SVM_RBF: 0
2015-05-07 23:04:36,559 - __main__ - INFO - DL_S: 1
2015-05-07 23:04:36,559 - __main__ - INFO - sparsity_weight: 0
2015-05-07 23:04:36,559 - __main__ - INFO - DL_U: 0
2015-05-07 23:04:36,560 - __main__ - INFO - SVM_POLY: 0
2015-05-07 23:04:36,560 - __main__ - INFO - reduce_ratio: 1
2015-05-07 23:04:36,560 - __main__ - INFO - DL_xy: 1
2015-05-07 23:04:36,560 - __main__ - INFO - ptr-layer-number: 2
2015-05-07 23:04:36,560 - __main__ - INFO - batch_size: 100
2015-05-07 23:04:36,561 - __main__ - INFO - weight_y: 1
2015-05-07 23:04:36,561 - __main__ - INFO - SAE_SVM_RBF: 0
2015-05-07 23:04:36,561 - __main__ - INFO - filename: testDDI.txt
2015-05-07 23:04:36,561 - __main__ - INFO - hidden_layers_sizes: [200, 200]
2015-05-07 23:04:36,561 - __main__ - INFO - pretraining_interations: 3
2015-05-07 23:04:36,562 - __main__ - INFO - fisher_mode: FisherM1ONLY
2015-05-07 23:04:36,562 - __main__ - INFO - SAE_SVM_COMBO: 0
2015-05-07 23:04:36,562 - __main__ - INFO - training_interations: 3
2015-05-07 23:04:36,562 - __main__ - INFO - param-output-file: sda.mdl
2015-05-07 23:04:36,562 - __main__ - INFO - finetune_lr: 1
2015-05-07 23:04:36,563 - __main__ - INFO - Sda_xy_with_first: 1
2015-05-07 23:04:36,563 - __main__ - INFO - corruption_levels: [0, 0]
2015-05-07 23:04:36,563 - __main__ - INFO - pretrain_lr: 0.001
2015-05-07 23:04:36,563 - __main__ - INFO - n_cores: 1
2015-05-07 23:04:36,564 - __main__ - INFO - sparsity: 0
2015-05-07 23:04:36,564 - __main__ - INFO - lrate: C:0.08:5 
2015-05-07 23:04:36,564 - __main__ - INFO - with_auc_score: False
2015-05-07 23:04:36,564 - __main__ - INFO - Sda_new: 1
2015-05-07 23:04:36,564 - __main__ - INFO - SAE_SVM: 0
2015-05-07 23:04:36,565 - __main__ - INFO - learning_rate: 0.001
2015-05-07 23:04:38,174 - __main__ - INFO - DDI: Trypsin_int_V-set
2015-05-07 23:05:57,544 - __main__ - DEBUG - There is a error in this ddi: Trypsin_int_V-set
2015-05-07 23:05:57,545 - __main__ - INFO - integer division or modulo by zero
2015-05-07 23:11:45,402 - __main__ - INFO - Input DDI file: testDDI.txt
2015-05-07 23:11:45,402 - __main__ - INFO - DL: 1
2015-05-07 23:11:45,402 - __main__ - INFO - SVM: 1
2015-05-07 23:11:45,403 - __main__ - INFO - n_outs: 1
2015-05-07 23:11:45,403 - __main__ - INFO - SAE_SVM_RBF_COMBO: 0
2015-05-07 23:11:45,403 - __main__ - INFO - wdir: /home/du/Documents/tmp
2015-05-07 23:11:45,403 - __main__ - INFO - SVM_RBF: 0
2015-05-07 23:11:45,403 - __main__ - INFO - DL_S: 1
2015-05-07 23:11:45,404 - __main__ - INFO - sparsity_weight: 0
2015-05-07 23:11:45,404 - __main__ - INFO - DL_U: 0
2015-05-07 23:11:45,404 - __main__ - INFO - SVM_POLY: 0
2015-05-07 23:11:45,405 - __main__ - INFO - reduce_ratio: 1
2015-05-07 23:11:45,405 - __main__ - INFO - DL_xy: 1
2015-05-07 23:11:45,405 - __main__ - INFO - ptr-layer-number: 2
2015-05-07 23:11:45,405 - __main__ - INFO - batch_size: 100
2015-05-07 23:11:45,406 - __main__ - INFO - weight_y: 1
2015-05-07 23:11:45,406 - __main__ - INFO - SAE_SVM_RBF: 0
2015-05-07 23:11:45,406 - __main__ - INFO - filename: testDDI.txt
2015-05-07 23:11:45,406 - __main__ - INFO - hidden_layers_sizes: [200, 200]
2015-05-07 23:11:45,406 - __main__ - INFO - pretraining_interations: 3
2015-05-07 23:11:45,407 - __main__ - INFO - fisher_mode: FisherM1ONLY
2015-05-07 23:11:45,407 - __main__ - INFO - SAE_SVM_COMBO: 0
2015-05-07 23:11:45,407 - __main__ - INFO - training_interations: 3
2015-05-07 23:11:45,407 - __main__ - INFO - param-output-file: sda.mdl
2015-05-07 23:11:45,407 - __main__ - INFO - finetune_lr: 1
2015-05-07 23:11:45,408 - __main__ - INFO - Sda_xy_with_first: 1
2015-05-07 23:11:45,408 - __main__ - INFO - corruption_levels: [0, 0]
2015-05-07 23:11:45,408 - __main__ - INFO - pretrain_lr: 0.001
2015-05-07 23:11:45,408 - __main__ - INFO - n_cores: 1
2015-05-07 23:11:45,408 - __main__ - INFO - sparsity: 0
2015-05-07 23:11:45,409 - __main__ - INFO - lrate: C:0.08:5 
2015-05-07 23:11:45,409 - __main__ - INFO - with_auc_score: False
2015-05-07 23:11:45,409 - __main__ - INFO - Sda_new: 1
2015-05-07 23:11:45,409 - __main__ - INFO - SAE_SVM: 0
2015-05-07 23:11:45,409 - __main__ - INFO - learning_rate: 0.001
2015-05-07 23:11:47,119 - __main__ - INFO - DDI: Trypsin_int_V-set
2015-05-07 23:17:19,207 - __main__ - DEBUG - There is a error in this ddi: Trypsin_int_V-set
2015-05-07 23:17:19,807 - __main__ - INFO - integer division or modulo by zero
2015-05-07 23:20:45,120 - __main__ - INFO - Input DDI file: testDDI.txt
2015-05-07 23:20:45,120 - __main__ - INFO - DL: 1
2015-05-07 23:20:45,120 - __main__ - INFO - SVM: 1
2015-05-07 23:20:45,120 - __main__ - INFO - n_outs: 1
2015-05-07 23:20:45,121 - __main__ - INFO - SAE_SVM_RBF_COMBO: 0
2015-05-07 23:20:45,121 - __main__ - INFO - wdir: /home/du/Documents/tmp
2015-05-07 23:20:45,121 - __main__ - INFO - SVM_RBF: 0
2015-05-07 23:20:45,121 - __main__ - INFO - DL_S: 1
2015-05-07 23:20:45,122 - __main__ - INFO - sparsity_weight: 0
2015-05-07 23:20:45,122 - __main__ - INFO - DL_U: 0
2015-05-07 23:20:45,122 - __main__ - INFO - SVM_POLY: 0
2015-05-07 23:20:45,122 - __main__ - INFO - reduce_ratio: 1
2015-05-07 23:20:45,122 - __main__ - INFO - DL_xy: 1
2015-05-07 23:20:45,123 - __main__ - INFO - ptr-layer-number: 2
2015-05-07 23:20:45,123 - __main__ - INFO - batch_size: 100
2015-05-07 23:20:45,123 - __main__ - INFO - weight_y: 1
2015-05-07 23:20:45,123 - __main__ - INFO - SAE_SVM_RBF: 0
2015-05-07 23:20:45,123 - __main__ - INFO - filename: testDDI.txt
2015-05-07 23:20:45,124 - __main__ - INFO - hidden_layers_sizes: [200, 200]
2015-05-07 23:20:45,124 - __main__ - INFO - pretraining_interations: 3
2015-05-07 23:20:45,124 - __main__ - INFO - fisher_mode: FisherM1ONLY
2015-05-07 23:20:45,124 - __main__ - INFO - SAE_SVM_COMBO: 0
2015-05-07 23:20:45,124 - __main__ - INFO - training_interations: 3
2015-05-07 23:20:45,125 - __main__ - INFO - param-output-file: sda.mdl
2015-05-07 23:20:45,125 - __main__ - INFO - finetune_lr: 1
2015-05-07 23:20:45,125 - __main__ - INFO - Sda_xy_with_first: 1
2015-05-07 23:20:45,125 - __main__ - INFO - corruption_levels: [0, 0]
2015-05-07 23:20:45,125 - __main__ - INFO - pretrain_lr: 0.001
2015-05-07 23:20:45,126 - __main__ - INFO - n_cores: 1
2015-05-07 23:20:45,126 - __main__ - INFO - sparsity: 0
2015-05-07 23:20:45,126 - __main__ - INFO - lrate: C:0.08:5 
2015-05-07 23:20:45,126 - __main__ - INFO - with_auc_score: False
2015-05-07 23:20:45,126 - __main__ - INFO - Sda_new: 1
2015-05-07 23:20:45,127 - __main__ - INFO - SAE_SVM: 0
2015-05-07 23:20:45,127 - __main__ - INFO - learning_rate: 0.001
2015-05-07 23:20:47,038 - __main__ - INFO - DDI: Trypsin_int_V-set
2015-05-07 23:42:11,667 - __main__ - INFO - Input DDI file: testDDI.txt
2015-05-07 23:42:11,667 - __main__ - INFO - DL: 1
2015-05-07 23:42:11,667 - __main__ - INFO - SVM: 1
2015-05-07 23:42:11,667 - __main__ - INFO - n_outs: 1
2015-05-07 23:42:11,667 - __main__ - INFO - SAE_SVM_RBF_COMBO: 0
2015-05-07 23:42:11,667 - __main__ - INFO - wdir: /home/du/Documents/tmp
2015-05-07 23:42:11,667 - __main__ - INFO - SVM_RBF: 0
2015-05-07 23:42:11,667 - __main__ - INFO - DL_S: 1
2015-05-07 23:42:11,667 - __main__ - INFO - sparsity_weight: 0
2015-05-07 23:42:11,667 - __main__ - INFO - DL_U: 0
2015-05-07 23:42:11,667 - __main__ - INFO - SVM_POLY: 0
2015-05-07 23:42:11,667 - __main__ - INFO - reduce_ratio: 1
2015-05-07 23:42:11,667 - __main__ - INFO - DL_xy: 1
2015-05-07 23:42:11,667 - __main__ - INFO - ptr-layer-number: 2
2015-05-07 23:42:11,667 - __main__ - INFO - batch_size: 100
2015-05-07 23:42:11,667 - __main__ - INFO - weight_y: 1
2015-05-07 23:42:11,667 - __main__ - INFO - SAE_SVM_RBF: 0
2015-05-07 23:42:11,668 - __main__ - INFO - filename: testDDI.txt
2015-05-07 23:42:11,668 - __main__ - INFO - hidden_layers_sizes: [200, 200]
2015-05-07 23:42:11,668 - __main__ - INFO - pretraining_interations: 3
2015-05-07 23:42:11,668 - __main__ - INFO - fisher_mode: FisherM1ONLY
2015-05-07 23:42:11,668 - __main__ - INFO - SAE_SVM_COMBO: 0
2015-05-07 23:42:11,668 - __main__ - INFO - training_interations: 3
2015-05-07 23:42:11,668 - __main__ - INFO - param-output-file: sda.mdl
2015-05-07 23:42:11,668 - __main__ - INFO - finetune_lr: 1
2015-05-07 23:42:11,668 - __main__ - INFO - Sda_xy_with_first: 1
2015-05-07 23:42:11,668 - __main__ - INFO - corruption_levels: [0, 0]
2015-05-07 23:42:11,668 - __main__ - INFO - pretrain_lr: 0.001
2015-05-07 23:42:11,668 - __main__ - INFO - n_cores: 1
2015-05-07 23:42:11,668 - __main__ - INFO - sparsity: 0
2015-05-07 23:42:11,668 - __main__ - INFO - lrate: C:0.08:5 
2015-05-07 23:42:11,668 - __main__ - INFO - with_auc_score: False
2015-05-07 23:42:11,668 - __main__ - INFO - Sda_new: 1
2015-05-07 23:42:11,668 - __main__ - INFO - SAE_SVM: 0
2015-05-07 23:42:11,668 - __main__ - INFO - learning_rate: 0.001
2015-05-07 23:42:11,672 - __main__ - INFO - DDI: Trypsin_int_V-set
2015-05-07 23:42:32,311 - __main__ - DEBUG - There is a error in this ddi: Trypsin_int_V-set
2015-05-07 23:42:32,311 - __main__ - INFO - trainSda() takes at least 8 arguments (6 given)
