2015-03-29 15:43:38,868 - __main__ - INFO - DL: 1
2015-03-29 15:43:38,869 - __main__ - INFO - Log: 1
2015-03-29 15:43:38,869 - __main__ - INFO - DL_S: 1
2015-03-29 15:43:38,871 - __main__ - INFO - SVM_POLY: 1
2015-03-29 15:43:38,871 - __main__ - INFO - reduce_ratio: 1
2015-03-29 15:43:38,871 - __main__ - INFO - hidden_layers_sizes: [200, 200]
2015-03-29 15:43:38,871 - __main__ - INFO - training_interations: 30000
2015-03-29 15:43:38,871 - __main__ - INFO - corruption_levels: [0, 0]
2015-03-29 15:43:38,871 - __main__ - INFO - pretrain_lr: 0.001
2015-03-29 15:43:38,872 - __main__ - INFO - SAE_S_SVM: 1
2015-03-29 15:43:38,872 - __main__ - INFO - SAE_SVM_POLY: 1
2015-03-29 15:43:38,874 - __main__ - INFO - SVM: 1
2015-03-29 15:43:38,874 - __main__ - INFO - SAE_S_SVM_RBF: 1
2015-03-29 15:43:38,874 - __main__ - INFO - number_of_training: [10000]
2015-03-29 15:43:38,874 - __main__ - INFO - SVM_RBF: 1
2015-03-29 15:43:38,875 - __main__ - INFO - batch_size: 30
2015-03-29 15:43:38,875 - __main__ - INFO - SAE_S_SVM_POLY: 1
2015-03-29 15:43:38,875 - __main__ - INFO - SAE_SVM_RBF: 1
2015-03-29 15:43:38,875 - __main__ - INFO - SAE_SVM: 1
2015-03-29 15:43:38,875 - __main__ - INFO - pretraining_interations: 10001
2015-03-29 15:43:38,875 - __main__ - INFO - fisher_mode: FisherM1
2015-03-29 15:43:38,878 - __main__ - INFO - number_iterations: 10
2015-03-29 15:43:38,878 - __main__ - INFO - finetune_lr: 0.1
2015-03-29 15:43:38,878 - __main__ - INFO - test_set_from_test: True
2015-03-29 15:43:38,878 - __main__ - INFO - with_auc_score: False
