2014-11-13 11:44:47,696 - __main__ - INFO - DL: 0
2014-11-13 11:44:47,696 - __main__ - INFO - SVM: 1
2014-11-13 11:44:47,697 - __main__ - INFO - fisher_mode: FisherM1
2014-11-13 11:44:47,697 - __main__ - INFO - hidden_layers_sizes: [100, 100]
2014-11-13 11:44:47,697 - __main__ - INFO - corruption_levels: [0, 0]
2014-11-13 11:44:47,697 - __main__ - INFO - SVM_RBF: 0
2014-11-13 11:44:47,698 - __main__ - INFO - DL_S: 0
2014-11-13 11:44:47,700 - __main__ - INFO - number_iterations: 10
2014-11-13 11:44:47,700 - __main__ - INFO - predicted_score: False
2014-11-13 11:44:47,700 - __main__ - INFO - SVM_POLY: 1
2014-11-13 11:44:47,701 - __main__ - INFO - reduce_ratio: 1
2014-11-13 11:44:47,701 - __main__ - INFO - pretrain_lr: 0.001
2014-11-13 11:44:47,701 - __main__ - INFO - pretraining_interations: 5002
2014-11-13 11:44:47,703 - __main__ - INFO - batch_size: 100
2014-11-13 11:44:47,703 - __main__ - INFO - training_epochs: 1502
2014-11-13 11:44:47,703 - __main__ - INFO - finetune_lr: 1
2014-11-13 11:44:47,704 - __main__ - INFO - DL_U: 0
2014-11-13 11:44:47,704 - __main__ - INFO - SAE_SVM: 1
2014-11-13 13:12:57,509 - __main__ - INFO - DL: 0
2014-11-13 13:12:57,509 - __main__ - INFO - DL: 0
2014-11-13 13:12:57,510 - __main__ - INFO - SVM: 1
2014-11-13 13:12:57,510 - __main__ - INFO - SVM: 1
2014-11-13 13:12:57,512 - __main__ - INFO - fisher_mode: FisherM1
2014-11-13 13:12:57,512 - __main__ - INFO - fisher_mode: FisherM1
2014-11-13 13:12:57,513 - __main__ - INFO - hidden_layers_sizes: [100, 100]
2014-11-13 13:12:57,513 - __main__ - INFO - hidden_layers_sizes: [100, 100]
2014-11-13 13:12:57,515 - __main__ - INFO - corruption_levels: [0, 0]
2014-11-13 13:12:57,515 - __main__ - INFO - corruption_levels: [0, 0]
2014-11-13 13:12:57,516 - __main__ - INFO - SVM_RBF: 0
2014-11-13 13:12:57,516 - __main__ - INFO - SVM_RBF: 0
2014-11-13 13:12:57,519 - __main__ - INFO - DL_S: 0
2014-11-13 13:12:57,519 - __main__ - INFO - DL_S: 0
2014-11-13 13:12:57,522 - __main__ - INFO - number_iterations: 1
2014-11-13 13:12:57,522 - __main__ - INFO - number_iterations: 1
2014-11-13 13:12:57,523 - __main__ - INFO - predicted_score: False
2014-11-13 13:12:57,523 - __main__ - INFO - predicted_score: False
2014-11-13 13:12:57,525 - __main__ - INFO - SVM_POLY: 0
2014-11-13 13:12:57,525 - __main__ - INFO - SVM_POLY: 0
2014-11-13 13:12:57,526 - __main__ - INFO - reduce_ratio: 1
2014-11-13 13:12:57,526 - __main__ - INFO - reduce_ratio: 1
2014-11-13 13:12:57,528 - __main__ - INFO - pretrain_lr: 0.001
2014-11-13 13:12:57,528 - __main__ - INFO - pretrain_lr: 0.001
2014-11-13 13:12:57,529 - __main__ - INFO - pretraining_interations: 50
2014-11-13 13:12:57,529 - __main__ - INFO - pretraining_interations: 50
2014-11-13 13:12:57,532 - __main__ - INFO - batch_size: 30
2014-11-13 13:12:57,532 - __main__ - INFO - batch_size: 30
2014-11-13 13:12:57,532 - __main__ - INFO - training_epochs: 1502
2014-11-13 13:12:57,532 - __main__ - INFO - training_epochs: 1502
2014-11-13 13:12:57,535 - __main__ - INFO - finetune_lr: 1
2014-11-13 13:12:57,535 - __main__ - INFO - finetune_lr: 1
2014-11-13 13:12:57,536 - __main__ - INFO - DL_U: 0
2014-11-13 13:12:57,536 - __main__ - INFO - DL_U: 0
2014-11-13 13:12:57,538 - __main__ - INFO - SAE_SVM: 1
2014-11-13 13:12:57,538 - __main__ - INFO - SAE_SVM: 1
2014-11-13 16:34:03,108 - __main__ - INFO - SAE_SVM_POLY: 1
2014-11-13 16:34:03,108 - __main__ - INFO - SAE_SVM_POLY: 1
2014-11-13 16:34:03,108 - __main__ - INFO - SAE_SVM_POLY: 1
2014-11-13 16:34:03,111 - __main__ - INFO - DL: 1
2014-11-13 16:34:03,111 - __main__ - INFO - DL: 1
2014-11-13 16:34:03,111 - __main__ - INFO - DL: 1
2014-11-13 16:34:03,111 - __main__ - INFO - SVM: 1
2014-11-13 16:34:03,111 - __main__ - INFO - SVM: 1
2014-11-13 16:34:03,111 - __main__ - INFO - SVM: 1
2014-11-13 16:34:03,111 - __main__ - INFO - fisher_mode: FisherM1
2014-11-13 16:34:03,111 - __main__ - INFO - fisher_mode: FisherM1
2014-11-13 16:34:03,111 - __main__ - INFO - fisher_mode: FisherM1
2014-11-13 16:34:03,112 - __main__ - INFO - Log: 1
2014-11-13 16:34:03,112 - __main__ - INFO - Log: 1
2014-11-13 16:34:03,112 - __main__ - INFO - Log: 1
2014-11-13 16:34:03,112 - __main__ - INFO - corruption_levels: [0, 0]
2014-11-13 16:34:03,112 - __main__ - INFO - corruption_levels: [0, 0]
2014-11-13 16:34:03,112 - __main__ - INFO - corruption_levels: [0, 0]
2014-11-13 16:34:03,114 - __main__ - INFO - predicted_score: False
2014-11-13 16:34:03,114 - __main__ - INFO - predicted_score: False
2014-11-13 16:34:03,114 - __main__ - INFO - predicted_score: False
2014-11-13 16:34:03,114 - __main__ - INFO - DL_S: 1
2014-11-13 16:34:03,114 - __main__ - INFO - DL_S: 1
2014-11-13 16:34:03,114 - __main__ - INFO - DL_S: 1
2014-11-13 16:34:03,115 - __main__ - INFO - number_iterations: 1
2014-11-13 16:34:03,115 - __main__ - INFO - number_iterations: 1
2014-11-13 16:34:03,115 - __main__ - INFO - number_iterations: 1
2014-11-13 16:34:03,115 - __main__ - INFO - SVM_RBF: 1
2014-11-13 16:34:03,115 - __main__ - INFO - SVM_RBF: 1
2014-11-13 16:34:03,115 - __main__ - INFO - SVM_RBF: 1
2014-11-13 16:34:03,115 - __main__ - INFO - SVM_POLY: 1
2014-11-13 16:34:03,115 - __main__ - INFO - SVM_POLY: 1
2014-11-13 16:34:03,115 - __main__ - INFO - SVM_POLY: 1
2014-11-13 16:34:03,115 - __main__ - INFO - reduce_ratio: 1
2014-11-13 16:34:03,115 - __main__ - INFO - reduce_ratio: 1
2014-11-13 16:34:03,115 - __main__ - INFO - reduce_ratio: 1
2014-11-13 16:34:03,117 - __main__ - INFO - pretrain_lr: 0.001
2014-11-13 16:34:03,117 - __main__ - INFO - pretrain_lr: 0.001
2014-11-13 16:34:03,117 - __main__ - INFO - pretrain_lr: 0.001
2014-11-13 16:34:03,118 - __main__ - INFO - SAE_S_SVM: 1
2014-11-13 16:34:03,118 - __main__ - INFO - SAE_S_SVM: 1
2014-11-13 16:34:03,118 - __main__ - INFO - SAE_S_SVM: 1
2014-11-13 16:34:03,118 - __main__ - INFO - batch_size: 30
2014-11-13 16:34:03,118 - __main__ - INFO - batch_size: 30
2014-11-13 16:34:03,118 - __main__ - INFO - batch_size: 30
2014-11-13 16:34:03,118 - __main__ - INFO - pretraining_interations: 10
2014-11-13 16:34:03,118 - __main__ - INFO - pretraining_interations: 10
2014-11-13 16:34:03,118 - __main__ - INFO - pretraining_interations: 10
2014-11-13 16:34:03,118 - __main__ - INFO - SAE_SVM_RBF: 1
2014-11-13 16:34:03,118 - __main__ - INFO - SAE_SVM_RBF: 1
2014-11-13 16:34:03,118 - __main__ - INFO - SAE_SVM_RBF: 1
2014-11-13 16:34:03,119 - __main__ - INFO - hidden_layers_sizes: [200, 200]
2014-11-13 16:34:03,119 - __main__ - INFO - hidden_layers_sizes: [200, 200]
2014-11-13 16:34:03,119 - __main__ - INFO - hidden_layers_sizes: [200, 200]
2014-11-13 16:34:03,119 - __main__ - INFO - training_epochs: 1
2014-11-13 16:34:03,119 - __main__ - INFO - training_epochs: 1
2014-11-13 16:34:03,119 - __main__ - INFO - training_epochs: 1
2014-11-13 16:34:03,121 - __main__ - INFO - finetune_lr: 0.1
2014-11-13 16:34:03,121 - __main__ - INFO - finetune_lr: 0.1
2014-11-13 16:34:03,121 - __main__ - INFO - finetune_lr: 0.1
2014-11-13 16:34:03,121 - __main__ - INFO - SAE_SVM: 1
2014-11-13 16:34:03,121 - __main__ - INFO - SAE_SVM: 1
2014-11-13 16:34:03,121 - __main__ - INFO - SAE_SVM: 1
2014-11-13 17:08:41,894 - __main__ - INFO - DL: 1
2014-11-13 17:08:41,894 - __main__ - INFO - DL: 1
2014-11-13 17:08:41,894 - __main__ - INFO - DL: 1
2014-11-13 17:08:41,894 - __main__ - INFO - DL: 1
2014-11-13 17:08:41,895 - __main__ - INFO - Log: 0
2014-11-13 17:08:41,895 - __main__ - INFO - Log: 0
2014-11-13 17:08:41,895 - __main__ - INFO - Log: 0
2014-11-13 17:08:41,895 - __main__ - INFO - Log: 0
2014-11-13 17:08:41,895 - __main__ - INFO - DL_S: 1
2014-11-13 17:08:41,895 - __main__ - INFO - DL_S: 1
2014-11-13 17:08:41,895 - __main__ - INFO - DL_S: 1
2014-11-13 17:08:41,895 - __main__ - INFO - DL_S: 1
2014-11-13 17:08:41,897 - __main__ - INFO - predicted_score: False
2014-11-13 17:08:41,897 - __main__ - INFO - predicted_score: False
2014-11-13 17:08:41,897 - __main__ - INFO - predicted_score: False
2014-11-13 17:08:41,897 - __main__ - INFO - predicted_score: False
2014-11-13 17:08:41,898 - __main__ - INFO - SVM_POLY: 0
2014-11-13 17:08:41,898 - __main__ - INFO - SVM_POLY: 0
2014-11-13 17:08:41,898 - __main__ - INFO - SVM_POLY: 0
2014-11-13 17:08:41,898 - __main__ - INFO - SVM_POLY: 0
2014-11-13 17:08:41,898 - __main__ - INFO - reduce_ratio: 1
2014-11-13 17:08:41,898 - __main__ - INFO - reduce_ratio: 1
2014-11-13 17:08:41,898 - __main__ - INFO - reduce_ratio: 1
2014-11-13 17:08:41,898 - __main__ - INFO - reduce_ratio: 1
2014-11-13 17:08:41,898 - __main__ - INFO - hidden_layers_sizes: [200, 200]
2014-11-13 17:08:41,898 - __main__ - INFO - hidden_layers_sizes: [200, 200]
2014-11-13 17:08:41,898 - __main__ - INFO - hidden_layers_sizes: [200, 200]
2014-11-13 17:08:41,898 - __main__ - INFO - hidden_layers_sizes: [200, 200]
2014-11-13 17:08:41,900 - __main__ - INFO - corruption_levels: [0, 0]
2014-11-13 17:08:41,900 - __main__ - INFO - corruption_levels: [0, 0]
2014-11-13 17:08:41,900 - __main__ - INFO - corruption_levels: [0, 0]
2014-11-13 17:08:41,900 - __main__ - INFO - corruption_levels: [0, 0]
2014-11-13 17:08:41,901 - __main__ - INFO - pretrain_lr: 0.001
2014-11-13 17:08:41,901 - __main__ - INFO - pretrain_lr: 0.001
2014-11-13 17:08:41,901 - __main__ - INFO - pretrain_lr: 0.001
2014-11-13 17:08:41,901 - __main__ - INFO - pretrain_lr: 0.001
2014-11-13 17:08:41,901 - __main__ - INFO - SAE_S_SVM: 1
2014-11-13 17:08:41,901 - __main__ - INFO - SAE_S_SVM: 1
2014-11-13 17:08:41,901 - __main__ - INFO - SAE_S_SVM: 1
2014-11-13 17:08:41,901 - __main__ - INFO - SAE_S_SVM: 1
2014-11-13 17:08:41,901 - __main__ - INFO - SAE_SVM_POLY: 0
2014-11-13 17:08:41,901 - __main__ - INFO - SAE_SVM_POLY: 0
2014-11-13 17:08:41,901 - __main__ - INFO - SAE_SVM_POLY: 0
2014-11-13 17:08:41,901 - __main__ - INFO - SAE_SVM_POLY: 0
2014-11-13 17:08:41,903 - __main__ - INFO - SVM: 1
2014-11-13 17:08:41,903 - __main__ - INFO - SVM: 1
2014-11-13 17:08:41,903 - __main__ - INFO - SVM: 1
2014-11-13 17:08:41,903 - __main__ - INFO - SVM: 1
2014-11-13 17:08:41,904 - __main__ - INFO - SAE_S_SVM_RBF: 1
2014-11-13 17:08:41,904 - __main__ - INFO - SAE_S_SVM_RBF: 1
2014-11-13 17:08:41,904 - __main__ - INFO - SAE_S_SVM_RBF: 1
2014-11-13 17:08:41,904 - __main__ - INFO - SAE_S_SVM_RBF: 1
2014-11-13 17:08:41,904 - __main__ - INFO - SVM_RBF: 0
2014-11-13 17:08:41,904 - __main__ - INFO - SVM_RBF: 0
2014-11-13 17:08:41,904 - __main__ - INFO - SVM_RBF: 0
2014-11-13 17:08:41,904 - __main__ - INFO - SVM_RBF: 0
2014-11-13 17:08:41,904 - __main__ - INFO - batch_size: 30
2014-11-13 17:08:41,904 - __main__ - INFO - batch_size: 30
2014-11-13 17:08:41,904 - __main__ - INFO - batch_size: 30
2014-11-13 17:08:41,904 - __main__ - INFO - batch_size: 30
2014-11-13 17:08:41,905 - __main__ - INFO - SAE_S_SVM_POLY: 1
2014-11-13 17:08:41,905 - __main__ - INFO - SAE_S_SVM_POLY: 1
2014-11-13 17:08:41,905 - __main__ - INFO - SAE_S_SVM_POLY: 1
2014-11-13 17:08:41,905 - __main__ - INFO - SAE_S_SVM_POLY: 1
2014-11-13 17:08:41,905 - __main__ - INFO - SAE_SVM_RBF: 0
2014-11-13 17:08:41,905 - __main__ - INFO - SAE_SVM_RBF: 0
2014-11-13 17:08:41,905 - __main__ - INFO - SAE_SVM_RBF: 0
2014-11-13 17:08:41,905 - __main__ - INFO - SAE_SVM_RBF: 0
2014-11-13 17:08:41,907 - __main__ - INFO - SAE_SVM: 0
2014-11-13 17:08:41,907 - __main__ - INFO - SAE_SVM: 0
2014-11-13 17:08:41,907 - __main__ - INFO - SAE_SVM: 0
2014-11-13 17:08:41,907 - __main__ - INFO - SAE_SVM: 0
2014-11-13 17:08:41,907 - __main__ - INFO - pretraining_interations: 10
2014-11-13 17:08:41,907 - __main__ - INFO - pretraining_interations: 10
2014-11-13 17:08:41,907 - __main__ - INFO - pretraining_interations: 10
2014-11-13 17:08:41,907 - __main__ - INFO - pretraining_interations: 10
2014-11-13 17:08:41,907 - __main__ - INFO - fisher_mode: FisherM1
2014-11-13 17:08:41,907 - __main__ - INFO - fisher_mode: FisherM1
2014-11-13 17:08:41,907 - __main__ - INFO - fisher_mode: FisherM1
2014-11-13 17:08:41,907 - __main__ - INFO - fisher_mode: FisherM1
2014-11-13 17:08:41,908 - __main__ - INFO - number_iterations: 1
2014-11-13 17:08:41,908 - __main__ - INFO - number_iterations: 1
2014-11-13 17:08:41,908 - __main__ - INFO - number_iterations: 1
2014-11-13 17:08:41,908 - __main__ - INFO - number_iterations: 1
2014-11-13 17:08:41,908 - __main__ - INFO - finetune_lr: 0.1
2014-11-13 17:08:41,908 - __main__ - INFO - finetune_lr: 0.1
2014-11-13 17:08:41,908 - __main__ - INFO - finetune_lr: 0.1
2014-11-13 17:08:41,908 - __main__ - INFO - finetune_lr: 0.1
2014-11-13 17:08:41,910 - __main__ - INFO - training_epochs: 1
2014-11-13 17:08:41,910 - __main__ - INFO - training_epochs: 1
2014-11-13 17:08:41,910 - __main__ - INFO - training_epochs: 1
2014-11-13 17:08:41,910 - __main__ - INFO - training_epochs: 1
2014-11-13 17:18:57,993 - __main__ - INFO - DL: 0
2014-11-13 17:18:57,993 - __main__ - INFO - DL: 0
2014-11-13 17:18:57,993 - __main__ - INFO - DL: 0
2014-11-13 17:18:57,993 - __main__ - INFO - DL: 0
2014-11-13 17:18:57,993 - __main__ - INFO - DL: 0
2014-11-13 17:18:57,996 - __main__ - INFO - Log: 0
2014-11-13 17:18:57,996 - __main__ - INFO - Log: 0
2014-11-13 17:18:57,996 - __main__ - INFO - Log: 0
2014-11-13 17:18:57,996 - __main__ - INFO - Log: 0
2014-11-13 17:18:57,996 - __main__ - INFO - Log: 0
2014-11-13 17:18:57,996 - __main__ - INFO - DL_S: 0
2014-11-13 17:18:57,996 - __main__ - INFO - DL_S: 0
2014-11-13 17:18:57,996 - __main__ - INFO - DL_S: 0
2014-11-13 17:18:57,996 - __main__ - INFO - DL_S: 0
2014-11-13 17:18:57,996 - __main__ - INFO - DL_S: 0
2014-11-13 17:18:57,999 - __main__ - INFO - predicted_score: False
2014-11-13 17:18:57,999 - __main__ - INFO - predicted_score: False
2014-11-13 17:18:57,999 - __main__ - INFO - predicted_score: False
2014-11-13 17:18:57,999 - __main__ - INFO - predicted_score: False
2014-11-13 17:18:57,999 - __main__ - INFO - predicted_score: False
2014-11-13 17:18:57,999 - __main__ - INFO - SVM_POLY: 0
2014-11-13 17:18:57,999 - __main__ - INFO - SVM_POLY: 0
2014-11-13 17:18:57,999 - __main__ - INFO - SVM_POLY: 0
2014-11-13 17:18:57,999 - __main__ - INFO - SVM_POLY: 0
2014-11-13 17:18:57,999 - __main__ - INFO - SVM_POLY: 0
2014-11-13 17:18:58,000 - __main__ - INFO - reduce_ratio: 1
2014-11-13 17:18:58,000 - __main__ - INFO - reduce_ratio: 1
2014-11-13 17:18:58,000 - __main__ - INFO - reduce_ratio: 1
2014-11-13 17:18:58,000 - __main__ - INFO - reduce_ratio: 1
2014-11-13 17:18:58,000 - __main__ - INFO - reduce_ratio: 1
2014-11-13 17:18:58,000 - __main__ - INFO - hidden_layers_sizes: [200, 200]
2014-11-13 17:18:58,000 - __main__ - INFO - hidden_layers_sizes: [200, 200]
2014-11-13 17:18:58,000 - __main__ - INFO - hidden_layers_sizes: [200, 200]
2014-11-13 17:18:58,000 - __main__ - INFO - hidden_layers_sizes: [200, 200]
2014-11-13 17:18:58,000 - __main__ - INFO - hidden_layers_sizes: [200, 200]
2014-11-13 17:18:58,002 - __main__ - INFO - corruption_levels: [0, 0]
2014-11-13 17:18:58,002 - __main__ - INFO - corruption_levels: [0, 0]
2014-11-13 17:18:58,002 - __main__ - INFO - corruption_levels: [0, 0]
2014-11-13 17:18:58,002 - __main__ - INFO - corruption_levels: [0, 0]
2014-11-13 17:18:58,002 - __main__ - INFO - corruption_levels: [0, 0]
2014-11-13 17:18:58,003 - __main__ - INFO - pretrain_lr: 0.001
2014-11-13 17:18:58,003 - __main__ - INFO - pretrain_lr: 0.001
2014-11-13 17:18:58,003 - __main__ - INFO - pretrain_lr: 0.001
2014-11-13 17:18:58,003 - __main__ - INFO - pretrain_lr: 0.001
2014-11-13 17:18:58,003 - __main__ - INFO - pretrain_lr: 0.001
2014-11-13 17:18:58,003 - __main__ - INFO - SAE_S_SVM: 0
2014-11-13 17:18:58,003 - __main__ - INFO - SAE_S_SVM: 0
2014-11-13 17:18:58,003 - __main__ - INFO - SAE_S_SVM: 0
2014-11-13 17:18:58,003 - __main__ - INFO - SAE_S_SVM: 0
2014-11-13 17:18:58,003 - __main__ - INFO - SAE_S_SVM: 0
2014-11-13 17:18:58,005 - __main__ - INFO - SAE_SVM_POLY: 0
2014-11-13 17:18:58,005 - __main__ - INFO - SAE_SVM_POLY: 0
2014-11-13 17:18:58,005 - __main__ - INFO - SAE_SVM_POLY: 0
2014-11-13 17:18:58,005 - __main__ - INFO - SAE_SVM_POLY: 0
2014-11-13 17:18:58,005 - __main__ - INFO - SAE_SVM_POLY: 0
2014-11-13 17:18:58,006 - __main__ - INFO - SVM: 0
2014-11-13 17:18:58,006 - __main__ - INFO - SVM: 0
2014-11-13 17:18:58,006 - __main__ - INFO - SVM: 0
2014-11-13 17:18:58,006 - __main__ - INFO - SVM: 0
2014-11-13 17:18:58,006 - __main__ - INFO - SVM: 0
2014-11-13 17:18:58,006 - __main__ - INFO - SAE_S_SVM_RBF: 0
2014-11-13 17:18:58,006 - __main__ - INFO - SAE_S_SVM_RBF: 0
2014-11-13 17:18:58,006 - __main__ - INFO - SAE_S_SVM_RBF: 0
2014-11-13 17:18:58,006 - __main__ - INFO - SAE_S_SVM_RBF: 0
2014-11-13 17:18:58,006 - __main__ - INFO - SAE_S_SVM_RBF: 0
2014-11-13 17:18:58,006 - __main__ - INFO - SVM_RBF: 0
2014-11-13 17:18:58,006 - __main__ - INFO - SVM_RBF: 0
2014-11-13 17:18:58,006 - __main__ - INFO - SVM_RBF: 0
2014-11-13 17:18:58,006 - __main__ - INFO - SVM_RBF: 0
2014-11-13 17:18:58,006 - __main__ - INFO - SVM_RBF: 0
2014-11-13 17:18:58,007 - __main__ - INFO - batch_size: 30
2014-11-13 17:18:58,007 - __main__ - INFO - batch_size: 30
2014-11-13 17:18:58,007 - __main__ - INFO - batch_size: 30
2014-11-13 17:18:58,007 - __main__ - INFO - batch_size: 30
2014-11-13 17:18:58,007 - __main__ - INFO - batch_size: 30
2014-11-13 17:18:58,009 - __main__ - INFO - SAE_S_SVM_POLY: 0
2014-11-13 17:18:58,009 - __main__ - INFO - SAE_S_SVM_POLY: 0
2014-11-13 17:18:58,009 - __main__ - INFO - SAE_S_SVM_POLY: 0
2014-11-13 17:18:58,009 - __main__ - INFO - SAE_S_SVM_POLY: 0
2014-11-13 17:18:58,009 - __main__ - INFO - SAE_S_SVM_POLY: 0
2014-11-13 17:18:58,010 - __main__ - INFO - SAE_SVM_RBF: 0
2014-11-13 17:18:58,010 - __main__ - INFO - SAE_SVM_RBF: 0
2014-11-13 17:18:58,010 - __main__ - INFO - SAE_SVM_RBF: 0
2014-11-13 17:18:58,010 - __main__ - INFO - SAE_SVM_RBF: 0
2014-11-13 17:18:58,010 - __main__ - INFO - SAE_SVM_RBF: 0
2014-11-13 17:18:58,012 - __main__ - INFO - SAE_SVM: 1
2014-11-13 17:18:58,012 - __main__ - INFO - SAE_SVM: 1
2014-11-13 17:18:58,012 - __main__ - INFO - SAE_SVM: 1
2014-11-13 17:18:58,012 - __main__ - INFO - SAE_SVM: 1
2014-11-13 17:18:58,012 - __main__ - INFO - SAE_SVM: 1
2014-11-13 17:18:58,013 - __main__ - INFO - pretraining_interations: 10
2014-11-13 17:18:58,013 - __main__ - INFO - pretraining_interations: 10
2014-11-13 17:18:58,013 - __main__ - INFO - pretraining_interations: 10
2014-11-13 17:18:58,013 - __main__ - INFO - pretraining_interations: 10
2014-11-13 17:18:58,013 - __main__ - INFO - pretraining_interations: 10
2014-11-13 17:18:58,013 - __main__ - INFO - fisher_mode: FisherM1
2014-11-13 17:18:58,013 - __main__ - INFO - fisher_mode: FisherM1
2014-11-13 17:18:58,013 - __main__ - INFO - fisher_mode: FisherM1
2014-11-13 17:18:58,013 - __main__ - INFO - fisher_mode: FisherM1
2014-11-13 17:18:58,013 - __main__ - INFO - fisher_mode: FisherM1
2014-11-13 17:18:58,015 - __main__ - INFO - number_iterations: 0
2014-11-13 17:18:58,015 - __main__ - INFO - number_iterations: 0
2014-11-13 17:18:58,015 - __main__ - INFO - number_iterations: 0
2014-11-13 17:18:58,015 - __main__ - INFO - number_iterations: 0
2014-11-13 17:18:58,015 - __main__ - INFO - number_iterations: 0
2014-11-13 17:18:58,016 - __main__ - INFO - finetune_lr: 0.1
2014-11-13 17:18:58,016 - __main__ - INFO - finetune_lr: 0.1
2014-11-13 17:18:58,016 - __main__ - INFO - finetune_lr: 0.1
2014-11-13 17:18:58,016 - __main__ - INFO - finetune_lr: 0.1
2014-11-13 17:18:58,016 - __main__ - INFO - finetune_lr: 0.1
2014-11-13 17:18:58,017 - __main__ - INFO - training_epochs: 1
2014-11-13 17:18:58,017 - __main__ - INFO - training_epochs: 1
2014-11-13 17:18:58,017 - __main__ - INFO - training_epochs: 1
2014-11-13 17:18:58,017 - __main__ - INFO - training_epochs: 1
2014-11-13 17:18:58,017 - __main__ - INFO - training_epochs: 1
2014-11-13 17:23:18,831 - __main__ - INFO - DL: 0
2014-11-13 17:23:18,831 - __main__ - INFO - DL: 0
2014-11-13 17:23:18,831 - __main__ - INFO - DL: 0
2014-11-13 17:23:18,831 - __main__ - INFO - DL: 0
2014-11-13 17:23:18,831 - __main__ - INFO - DL: 0
2014-11-13 17:23:18,831 - __main__ - INFO - DL: 0
2014-11-13 17:23:18,832 - __main__ - INFO - Log: 0
2014-11-13 17:23:18,832 - __main__ - INFO - Log: 0
2014-11-13 17:23:18,832 - __main__ - INFO - Log: 0
2014-11-13 17:23:18,832 - __main__ - INFO - Log: 0
2014-11-13 17:23:18,832 - __main__ - INFO - Log: 0
2014-11-13 17:23:18,832 - __main__ - INFO - Log: 0
2014-11-13 17:23:18,832 - __main__ - INFO - DL_S: 0
2014-11-13 17:23:18,832 - __main__ - INFO - DL_S: 0
2014-11-13 17:23:18,832 - __main__ - INFO - DL_S: 0
2014-11-13 17:23:18,832 - __main__ - INFO - DL_S: 0
2014-11-13 17:23:18,832 - __main__ - INFO - DL_S: 0
2014-11-13 17:23:18,832 - __main__ - INFO - DL_S: 0
2014-11-13 17:23:18,834 - __main__ - INFO - predicted_score: False
2014-11-13 17:23:18,834 - __main__ - INFO - predicted_score: False
2014-11-13 17:23:18,834 - __main__ - INFO - predicted_score: False
2014-11-13 17:23:18,834 - __main__ - INFO - predicted_score: False
2014-11-13 17:23:18,834 - __main__ - INFO - predicted_score: False
2014-11-13 17:23:18,834 - __main__ - INFO - predicted_score: False
2014-11-13 17:23:18,834 - __main__ - INFO - SVM_POLY: 0
2014-11-13 17:23:18,834 - __main__ - INFO - SVM_POLY: 0
2014-11-13 17:23:18,834 - __main__ - INFO - SVM_POLY: 0
2014-11-13 17:23:18,834 - __main__ - INFO - SVM_POLY: 0
2014-11-13 17:23:18,834 - __main__ - INFO - SVM_POLY: 0
2014-11-13 17:23:18,834 - __main__ - INFO - SVM_POLY: 0
2014-11-13 17:23:18,835 - __main__ - INFO - reduce_ratio: 1
2014-11-13 17:23:18,835 - __main__ - INFO - reduce_ratio: 1
2014-11-13 17:23:18,835 - __main__ - INFO - reduce_ratio: 1
2014-11-13 17:23:18,835 - __main__ - INFO - reduce_ratio: 1
2014-11-13 17:23:18,835 - __main__ - INFO - reduce_ratio: 1
2014-11-13 17:23:18,835 - __main__ - INFO - reduce_ratio: 1
2014-11-13 17:23:18,835 - __main__ - INFO - hidden_layers_sizes: [200, 200]
2014-11-13 17:23:18,835 - __main__ - INFO - hidden_layers_sizes: [200, 200]
2014-11-13 17:23:18,835 - __main__ - INFO - hidden_layers_sizes: [200, 200]
2014-11-13 17:23:18,835 - __main__ - INFO - hidden_layers_sizes: [200, 200]
2014-11-13 17:23:18,835 - __main__ - INFO - hidden_layers_sizes: [200, 200]
2014-11-13 17:23:18,835 - __main__ - INFO - hidden_layers_sizes: [200, 200]
2014-11-13 17:23:18,835 - __main__ - INFO - corruption_levels: [0, 0]
2014-11-13 17:23:18,835 - __main__ - INFO - corruption_levels: [0, 0]
2014-11-13 17:23:18,835 - __main__ - INFO - corruption_levels: [0, 0]
2014-11-13 17:23:18,835 - __main__ - INFO - corruption_levels: [0, 0]
2014-11-13 17:23:18,835 - __main__ - INFO - corruption_levels: [0, 0]
2014-11-13 17:23:18,835 - __main__ - INFO - corruption_levels: [0, 0]
2014-11-13 17:23:18,836 - __main__ - INFO - pretrain_lr: 0.001
2014-11-13 17:23:18,836 - __main__ - INFO - pretrain_lr: 0.001
2014-11-13 17:23:18,836 - __main__ - INFO - pretrain_lr: 0.001
2014-11-13 17:23:18,836 - __main__ - INFO - pretrain_lr: 0.001
2014-11-13 17:23:18,836 - __main__ - INFO - pretrain_lr: 0.001
2014-11-13 17:23:18,836 - __main__ - INFO - pretrain_lr: 0.001
2014-11-13 17:23:18,838 - __main__ - INFO - SAE_S_SVM: 0
2014-11-13 17:23:18,838 - __main__ - INFO - SAE_S_SVM: 0
2014-11-13 17:23:18,838 - __main__ - INFO - SAE_S_SVM: 0
2014-11-13 17:23:18,838 - __main__ - INFO - SAE_S_SVM: 0
2014-11-13 17:23:18,838 - __main__ - INFO - SAE_S_SVM: 0
2014-11-13 17:23:18,838 - __main__ - INFO - SAE_S_SVM: 0
2014-11-13 17:23:18,838 - __main__ - INFO - SAE_SVM_POLY: 0
2014-11-13 17:23:18,838 - __main__ - INFO - SAE_SVM_POLY: 0
2014-11-13 17:23:18,838 - __main__ - INFO - SAE_SVM_POLY: 0
2014-11-13 17:23:18,838 - __main__ - INFO - SAE_SVM_POLY: 0
2014-11-13 17:23:18,838 - __main__ - INFO - SAE_SVM_POLY: 0
2014-11-13 17:23:18,838 - __main__ - INFO - SAE_SVM_POLY: 0
2014-11-13 17:23:18,838 - __main__ - INFO - SVM: 0
2014-11-13 17:23:18,838 - __main__ - INFO - SVM: 0
2014-11-13 17:23:18,838 - __main__ - INFO - SVM: 0
2014-11-13 17:23:18,838 - __main__ - INFO - SVM: 0
2014-11-13 17:23:18,838 - __main__ - INFO - SVM: 0
2014-11-13 17:23:18,838 - __main__ - INFO - SVM: 0
2014-11-13 17:23:18,841 - __main__ - INFO - SAE_S_SVM_RBF: 0
2014-11-13 17:23:18,841 - __main__ - INFO - SAE_S_SVM_RBF: 0
2014-11-13 17:23:18,841 - __main__ - INFO - SAE_S_SVM_RBF: 0
2014-11-13 17:23:18,841 - __main__ - INFO - SAE_S_SVM_RBF: 0
2014-11-13 17:23:18,841 - __main__ - INFO - SAE_S_SVM_RBF: 0
2014-11-13 17:23:18,841 - __main__ - INFO - SAE_S_SVM_RBF: 0
2014-11-13 17:23:18,842 - __main__ - INFO - SVM_RBF: 0
2014-11-13 17:23:18,842 - __main__ - INFO - SVM_RBF: 0
2014-11-13 17:23:18,842 - __main__ - INFO - SVM_RBF: 0
2014-11-13 17:23:18,842 - __main__ - INFO - SVM_RBF: 0
2014-11-13 17:23:18,842 - __main__ - INFO - SVM_RBF: 0
2014-11-13 17:23:18,842 - __main__ - INFO - SVM_RBF: 0
2014-11-13 17:23:18,842 - __main__ - INFO - batch_size: 30
2014-11-13 17:23:18,842 - __main__ - INFO - batch_size: 30
2014-11-13 17:23:18,842 - __main__ - INFO - batch_size: 30
2014-11-13 17:23:18,842 - __main__ - INFO - batch_size: 30
2014-11-13 17:23:18,842 - __main__ - INFO - batch_size: 30
2014-11-13 17:23:18,842 - __main__ - INFO - batch_size: 30
2014-11-13 17:23:18,844 - __main__ - INFO - SAE_S_SVM_POLY: 0
2014-11-13 17:23:18,844 - __main__ - INFO - SAE_S_SVM_POLY: 0
2014-11-13 17:23:18,844 - __main__ - INFO - SAE_S_SVM_POLY: 0
2014-11-13 17:23:18,844 - __main__ - INFO - SAE_S_SVM_POLY: 0
2014-11-13 17:23:18,844 - __main__ - INFO - SAE_S_SVM_POLY: 0
2014-11-13 17:23:18,844 - __main__ - INFO - SAE_S_SVM_POLY: 0
2014-11-13 17:23:18,845 - __main__ - INFO - SAE_SVM_RBF: 0
2014-11-13 17:23:18,845 - __main__ - INFO - SAE_SVM_RBF: 0
2014-11-13 17:23:18,845 - __main__ - INFO - SAE_SVM_RBF: 0
2014-11-13 17:23:18,845 - __main__ - INFO - SAE_SVM_RBF: 0
2014-11-13 17:23:18,845 - __main__ - INFO - SAE_SVM_RBF: 0
2014-11-13 17:23:18,845 - __main__ - INFO - SAE_SVM_RBF: 0
2014-11-13 17:23:18,845 - __main__ - INFO - SAE_SVM: 1
2014-11-13 17:23:18,845 - __main__ - INFO - SAE_SVM: 1
2014-11-13 17:23:18,845 - __main__ - INFO - SAE_SVM: 1
2014-11-13 17:23:18,845 - __main__ - INFO - SAE_SVM: 1
2014-11-13 17:23:18,845 - __main__ - INFO - SAE_SVM: 1
2014-11-13 17:23:18,845 - __main__ - INFO - SAE_SVM: 1
2014-11-13 17:23:18,846 - __main__ - INFO - pretraining_interations: 10
2014-11-13 17:23:18,846 - __main__ - INFO - pretraining_interations: 10
2014-11-13 17:23:18,846 - __main__ - INFO - pretraining_interations: 10
2014-11-13 17:23:18,846 - __main__ - INFO - pretraining_interations: 10
2014-11-13 17:23:18,846 - __main__ - INFO - pretraining_interations: 10
2014-11-13 17:23:18,846 - __main__ - INFO - pretraining_interations: 10
2014-11-13 17:23:18,848 - __main__ - INFO - fisher_mode: FisherM1
2014-11-13 17:23:18,848 - __main__ - INFO - fisher_mode: FisherM1
2014-11-13 17:23:18,848 - __main__ - INFO - fisher_mode: FisherM1
2014-11-13 17:23:18,848 - __main__ - INFO - fisher_mode: FisherM1
2014-11-13 17:23:18,848 - __main__ - INFO - fisher_mode: FisherM1
2014-11-13 17:23:18,848 - __main__ - INFO - fisher_mode: FisherM1
2014-11-13 17:23:18,848 - __main__ - INFO - number_iterations: 0
2014-11-13 17:23:18,848 - __main__ - INFO - number_iterations: 0
2014-11-13 17:23:18,848 - __main__ - INFO - number_iterations: 0
2014-11-13 17:23:18,848 - __main__ - INFO - number_iterations: 0
2014-11-13 17:23:18,848 - __main__ - INFO - number_iterations: 0
2014-11-13 17:23:18,848 - __main__ - INFO - number_iterations: 0
2014-11-13 17:23:18,849 - __main__ - INFO - finetune_lr: 0.1
2014-11-13 17:23:18,849 - __main__ - INFO - finetune_lr: 0.1
2014-11-13 17:23:18,849 - __main__ - INFO - finetune_lr: 0.1
2014-11-13 17:23:18,849 - __main__ - INFO - finetune_lr: 0.1
2014-11-13 17:23:18,849 - __main__ - INFO - finetune_lr: 0.1
2014-11-13 17:23:18,849 - __main__ - INFO - finetune_lr: 0.1
2014-11-13 17:23:18,851 - __main__ - INFO - training_epochs: 1
2014-11-13 17:23:18,851 - __main__ - INFO - training_epochs: 1
2014-11-13 17:23:18,851 - __main__ - INFO - training_epochs: 1
2014-11-13 17:23:18,851 - __main__ - INFO - training_epochs: 1
2014-11-13 17:23:18,851 - __main__ - INFO - training_epochs: 1
2014-11-13 17:23:18,851 - __main__ - INFO - training_epochs: 1
2014-11-13 17:24:56,733 - __main__ - INFO - DL: 0
2014-11-13 17:24:56,733 - __main__ - INFO - DL: 0
2014-11-13 17:24:56,733 - __main__ - INFO - DL: 0
2014-11-13 17:24:56,733 - __main__ - INFO - DL: 0
2014-11-13 17:24:56,733 - __main__ - INFO - DL: 0
2014-11-13 17:24:56,733 - __main__ - INFO - DL: 0
2014-11-13 17:24:56,733 - __main__ - INFO - DL: 0
2014-11-13 17:24:56,734 - __main__ - INFO - Log: 0
2014-11-13 17:24:56,734 - __main__ - INFO - Log: 0
2014-11-13 17:24:56,734 - __main__ - INFO - Log: 0
2014-11-13 17:24:56,734 - __main__ - INFO - Log: 0
2014-11-13 17:24:56,734 - __main__ - INFO - Log: 0
2014-11-13 17:24:56,734 - __main__ - INFO - Log: 0
2014-11-13 17:24:56,734 - __main__ - INFO - Log: 0
2014-11-13 17:24:56,736 - __main__ - INFO - DL_S: 0
2014-11-13 17:24:56,736 - __main__ - INFO - DL_S: 0
2014-11-13 17:24:56,736 - __main__ - INFO - DL_S: 0
2014-11-13 17:24:56,736 - __main__ - INFO - DL_S: 0
2014-11-13 17:24:56,736 - __main__ - INFO - DL_S: 0
2014-11-13 17:24:56,736 - __main__ - INFO - DL_S: 0
2014-11-13 17:24:56,736 - __main__ - INFO - DL_S: 0
2014-11-13 17:24:56,737 - __main__ - INFO - predicted_score: False
2014-11-13 17:24:56,737 - __main__ - INFO - predicted_score: False
2014-11-13 17:24:56,737 - __main__ - INFO - predicted_score: False
2014-11-13 17:24:56,737 - __main__ - INFO - predicted_score: False
2014-11-13 17:24:56,737 - __main__ - INFO - predicted_score: False
2014-11-13 17:24:56,737 - __main__ - INFO - predicted_score: False
2014-11-13 17:24:56,737 - __main__ - INFO - predicted_score: False
2014-11-13 17:24:56,739 - __main__ - INFO - SVM_POLY: 0
2014-11-13 17:24:56,739 - __main__ - INFO - SVM_POLY: 0
2014-11-13 17:24:56,739 - __main__ - INFO - SVM_POLY: 0
2014-11-13 17:24:56,739 - __main__ - INFO - SVM_POLY: 0
2014-11-13 17:24:56,739 - __main__ - INFO - SVM_POLY: 0
2014-11-13 17:24:56,739 - __main__ - INFO - SVM_POLY: 0
2014-11-13 17:24:56,739 - __main__ - INFO - SVM_POLY: 0
2014-11-13 17:24:56,740 - __main__ - INFO - reduce_ratio: 1
2014-11-13 17:24:56,740 - __main__ - INFO - reduce_ratio: 1
2014-11-13 17:24:56,740 - __main__ - INFO - reduce_ratio: 1
2014-11-13 17:24:56,740 - __main__ - INFO - reduce_ratio: 1
2014-11-13 17:24:56,740 - __main__ - INFO - reduce_ratio: 1
2014-11-13 17:24:56,740 - __main__ - INFO - reduce_ratio: 1
2014-11-13 17:24:56,740 - __main__ - INFO - reduce_ratio: 1
2014-11-13 17:24:56,740 - __main__ - INFO - hidden_layers_sizes: [200, 200]
2014-11-13 17:24:56,740 - __main__ - INFO - hidden_layers_sizes: [200, 200]
2014-11-13 17:24:56,740 - __main__ - INFO - hidden_layers_sizes: [200, 200]
2014-11-13 17:24:56,740 - __main__ - INFO - hidden_layers_sizes: [200, 200]
2014-11-13 17:24:56,740 - __main__ - INFO - hidden_layers_sizes: [200, 200]
2014-11-13 17:24:56,740 - __main__ - INFO - hidden_layers_sizes: [200, 200]
2014-11-13 17:24:56,740 - __main__ - INFO - hidden_layers_sizes: [200, 200]
2014-11-13 17:24:56,740 - __main__ - INFO - corruption_levels: [0, 0]
2014-11-13 17:24:56,740 - __main__ - INFO - corruption_levels: [0, 0]
2014-11-13 17:24:56,740 - __main__ - INFO - corruption_levels: [0, 0]
2014-11-13 17:24:56,740 - __main__ - INFO - corruption_levels: [0, 0]
2014-11-13 17:24:56,740 - __main__ - INFO - corruption_levels: [0, 0]
2014-11-13 17:24:56,740 - __main__ - INFO - corruption_levels: [0, 0]
2014-11-13 17:24:56,740 - __main__ - INFO - corruption_levels: [0, 0]
2014-11-13 17:24:56,742 - __main__ - INFO - pretrain_lr: 0.001
2014-11-13 17:24:56,742 - __main__ - INFO - pretrain_lr: 0.001
2014-11-13 17:24:56,742 - __main__ - INFO - pretrain_lr: 0.001
2014-11-13 17:24:56,742 - __main__ - INFO - pretrain_lr: 0.001
2014-11-13 17:24:56,742 - __main__ - INFO - pretrain_lr: 0.001
2014-11-13 17:24:56,742 - __main__ - INFO - pretrain_lr: 0.001
2014-11-13 17:24:56,742 - __main__ - INFO - pretrain_lr: 0.001
2014-11-13 17:24:56,742 - __main__ - INFO - SAE_S_SVM: 0
2014-11-13 17:24:56,742 - __main__ - INFO - SAE_S_SVM: 0
2014-11-13 17:24:56,742 - __main__ - INFO - SAE_S_SVM: 0
2014-11-13 17:24:56,742 - __main__ - INFO - SAE_S_SVM: 0
2014-11-13 17:24:56,742 - __main__ - INFO - SAE_S_SVM: 0
2014-11-13 17:24:56,742 - __main__ - INFO - SAE_S_SVM: 0
2014-11-13 17:24:56,742 - __main__ - INFO - SAE_S_SVM: 0
2014-11-13 17:24:56,743 - __main__ - INFO - SAE_SVM_POLY: 0
2014-11-13 17:24:56,743 - __main__ - INFO - SAE_SVM_POLY: 0
2014-11-13 17:24:56,743 - __main__ - INFO - SAE_SVM_POLY: 0
2014-11-13 17:24:56,743 - __main__ - INFO - SAE_SVM_POLY: 0
2014-11-13 17:24:56,743 - __main__ - INFO - SAE_SVM_POLY: 0
2014-11-13 17:24:56,743 - __main__ - INFO - SAE_SVM_POLY: 0
2014-11-13 17:24:56,743 - __main__ - INFO - SAE_SVM_POLY: 0
2014-11-13 17:24:56,743 - __main__ - INFO - SVM: 0
2014-11-13 17:24:56,743 - __main__ - INFO - SVM: 0
2014-11-13 17:24:56,743 - __main__ - INFO - SVM: 0
2014-11-13 17:24:56,743 - __main__ - INFO - SVM: 0
2014-11-13 17:24:56,743 - __main__ - INFO - SVM: 0
2014-11-13 17:24:56,743 - __main__ - INFO - SVM: 0
2014-11-13 17:24:56,743 - __main__ - INFO - SVM: 0
2014-11-13 17:24:56,744 - __main__ - INFO - SAE_S_SVM_RBF: 0
2014-11-13 17:24:56,744 - __main__ - INFO - SAE_S_SVM_RBF: 0
2014-11-13 17:24:56,744 - __main__ - INFO - SAE_S_SVM_RBF: 0
2014-11-13 17:24:56,744 - __main__ - INFO - SAE_S_SVM_RBF: 0
2014-11-13 17:24:56,744 - __main__ - INFO - SAE_S_SVM_RBF: 0
2014-11-13 17:24:56,744 - __main__ - INFO - SAE_S_SVM_RBF: 0
2014-11-13 17:24:56,744 - __main__ - INFO - SAE_S_SVM_RBF: 0
2014-11-13 17:24:56,744 - __main__ - INFO - SVM_RBF: 0
2014-11-13 17:24:56,744 - __main__ - INFO - SVM_RBF: 0
2014-11-13 17:24:56,744 - __main__ - INFO - SVM_RBF: 0
2014-11-13 17:24:56,744 - __main__ - INFO - SVM_RBF: 0
2014-11-13 17:24:56,744 - __main__ - INFO - SVM_RBF: 0
2014-11-13 17:24:56,744 - __main__ - INFO - SVM_RBF: 0
2014-11-13 17:24:56,744 - __main__ - INFO - SVM_RBF: 0
2014-11-13 17:24:56,746 - __main__ - INFO - batch_size: 30
2014-11-13 17:24:56,746 - __main__ - INFO - batch_size: 30
2014-11-13 17:24:56,746 - __main__ - INFO - batch_size: 30
2014-11-13 17:24:56,746 - __main__ - INFO - batch_size: 30
2014-11-13 17:24:56,746 - __main__ - INFO - batch_size: 30
2014-11-13 17:24:56,746 - __main__ - INFO - batch_size: 30
2014-11-13 17:24:56,746 - __main__ - INFO - batch_size: 30
2014-11-13 17:24:56,746 - __main__ - INFO - SAE_S_SVM_POLY: 0
2014-11-13 17:24:56,746 - __main__ - INFO - SAE_S_SVM_POLY: 0
2014-11-13 17:24:56,746 - __main__ - INFO - SAE_S_SVM_POLY: 0
2014-11-13 17:24:56,746 - __main__ - INFO - SAE_S_SVM_POLY: 0
2014-11-13 17:24:56,746 - __main__ - INFO - SAE_S_SVM_POLY: 0
2014-11-13 17:24:56,746 - __main__ - INFO - SAE_S_SVM_POLY: 0
2014-11-13 17:24:56,746 - __main__ - INFO - SAE_S_SVM_POLY: 0
2014-11-13 17:24:56,747 - __main__ - INFO - SAE_SVM_RBF: 0
2014-11-13 17:24:56,747 - __main__ - INFO - SAE_SVM_RBF: 0
2014-11-13 17:24:56,747 - __main__ - INFO - SAE_SVM_RBF: 0
2014-11-13 17:24:56,747 - __main__ - INFO - SAE_SVM_RBF: 0
2014-11-13 17:24:56,747 - __main__ - INFO - SAE_SVM_RBF: 0
2014-11-13 17:24:56,747 - __main__ - INFO - SAE_SVM_RBF: 0
2014-11-13 17:24:56,747 - __main__ - INFO - SAE_SVM_RBF: 0
2014-11-13 17:24:56,749 - __main__ - INFO - SAE_SVM: 1
2014-11-13 17:24:56,749 - __main__ - INFO - SAE_SVM: 1
2014-11-13 17:24:56,749 - __main__ - INFO - SAE_SVM: 1
2014-11-13 17:24:56,749 - __main__ - INFO - SAE_SVM: 1
2014-11-13 17:24:56,749 - __main__ - INFO - SAE_SVM: 1
2014-11-13 17:24:56,749 - __main__ - INFO - SAE_SVM: 1
2014-11-13 17:24:56,749 - __main__ - INFO - SAE_SVM: 1
2014-11-13 17:24:56,750 - __main__ - INFO - pretraining_interations: 10
2014-11-13 17:24:56,750 - __main__ - INFO - pretraining_interations: 10
2014-11-13 17:24:56,750 - __main__ - INFO - pretraining_interations: 10
2014-11-13 17:24:56,750 - __main__ - INFO - pretraining_interations: 10
2014-11-13 17:24:56,750 - __main__ - INFO - pretraining_interations: 10
2014-11-13 17:24:56,750 - __main__ - INFO - pretraining_interations: 10
2014-11-13 17:24:56,750 - __main__ - INFO - pretraining_interations: 10
2014-11-13 17:24:56,752 - __main__ - INFO - fisher_mode: FisherM1
2014-11-13 17:24:56,752 - __main__ - INFO - fisher_mode: FisherM1
2014-11-13 17:24:56,752 - __main__ - INFO - fisher_mode: FisherM1
2014-11-13 17:24:56,752 - __main__ - INFO - fisher_mode: FisherM1
2014-11-13 17:24:56,752 - __main__ - INFO - fisher_mode: FisherM1
2014-11-13 17:24:56,752 - __main__ - INFO - fisher_mode: FisherM1
2014-11-13 17:24:56,752 - __main__ - INFO - fisher_mode: FisherM1
2014-11-13 17:24:56,753 - __main__ - INFO - number_iterations: 1
2014-11-13 17:24:56,753 - __main__ - INFO - number_iterations: 1
2014-11-13 17:24:56,753 - __main__ - INFO - number_iterations: 1
2014-11-13 17:24:56,753 - __main__ - INFO - number_iterations: 1
2014-11-13 17:24:56,753 - __main__ - INFO - number_iterations: 1
2014-11-13 17:24:56,753 - __main__ - INFO - number_iterations: 1
2014-11-13 17:24:56,753 - __main__ - INFO - number_iterations: 1
2014-11-13 17:24:56,753 - __main__ - INFO - finetune_lr: 0.1
2014-11-13 17:24:56,753 - __main__ - INFO - finetune_lr: 0.1
2014-11-13 17:24:56,753 - __main__ - INFO - finetune_lr: 0.1
2014-11-13 17:24:56,753 - __main__ - INFO - finetune_lr: 0.1
2014-11-13 17:24:56,753 - __main__ - INFO - finetune_lr: 0.1
2014-11-13 17:24:56,753 - __main__ - INFO - finetune_lr: 0.1
2014-11-13 17:24:56,753 - __main__ - INFO - finetune_lr: 0.1
2014-11-13 17:24:56,755 - __main__ - INFO - training_epochs: 1
2014-11-13 17:24:56,755 - __main__ - INFO - training_epochs: 1
2014-11-13 17:24:56,755 - __main__ - INFO - training_epochs: 1
2014-11-13 17:24:56,755 - __main__ - INFO - training_epochs: 1
2014-11-13 17:24:56,755 - __main__ - INFO - training_epochs: 1
2014-11-13 17:24:56,755 - __main__ - INFO - training_epochs: 1
2014-11-13 17:24:56,755 - __main__ - INFO - training_epochs: 1
2014-11-13 17:45:24,260 - __main__ - INFO - DL: 0
2014-11-13 17:45:24,260 - __main__ - INFO - DL: 0
2014-11-13 17:45:24,260 - __main__ - INFO - DL: 0
2014-11-13 17:45:24,260 - __main__ - INFO - DL: 0
2014-11-13 17:45:24,260 - __main__ - INFO - DL: 0
2014-11-13 17:45:24,260 - __main__ - INFO - DL: 0
2014-11-13 17:45:24,260 - __main__ - INFO - DL: 0
2014-11-13 17:45:24,260 - __main__ - INFO - DL: 0
2014-11-13 17:45:24,263 - __main__ - INFO - Log: 0
2014-11-13 17:45:24,263 - __main__ - INFO - Log: 0
2014-11-13 17:45:24,263 - __main__ - INFO - Log: 0
2014-11-13 17:45:24,263 - __main__ - INFO - Log: 0
2014-11-13 17:45:24,263 - __main__ - INFO - Log: 0
2014-11-13 17:45:24,263 - __main__ - INFO - Log: 0
2014-11-13 17:45:24,263 - __main__ - INFO - Log: 0
2014-11-13 17:45:24,263 - __main__ - INFO - Log: 0
2014-11-13 17:45:24,265 - __main__ - INFO - DL_S: 0
2014-11-13 17:45:24,265 - __main__ - INFO - DL_S: 0
2014-11-13 17:45:24,265 - __main__ - INFO - DL_S: 0
2014-11-13 17:45:24,265 - __main__ - INFO - DL_S: 0
2014-11-13 17:45:24,265 - __main__ - INFO - DL_S: 0
2014-11-13 17:45:24,265 - __main__ - INFO - DL_S: 0
2014-11-13 17:45:24,265 - __main__ - INFO - DL_S: 0
2014-11-13 17:45:24,265 - __main__ - INFO - DL_S: 0
2014-11-13 17:45:24,266 - __main__ - INFO - predicted_score: False
2014-11-13 17:45:24,266 - __main__ - INFO - predicted_score: False
2014-11-13 17:45:24,266 - __main__ - INFO - predicted_score: False
2014-11-13 17:45:24,266 - __main__ - INFO - predicted_score: False
2014-11-13 17:45:24,266 - __main__ - INFO - predicted_score: False
2014-11-13 17:45:24,266 - __main__ - INFO - predicted_score: False
2014-11-13 17:45:24,266 - __main__ - INFO - predicted_score: False
2014-11-13 17:45:24,266 - __main__ - INFO - predicted_score: False
2014-11-13 17:45:24,266 - __main__ - INFO - SVM_POLY: 0
2014-11-13 17:45:24,266 - __main__ - INFO - SVM_POLY: 0
2014-11-13 17:45:24,266 - __main__ - INFO - SVM_POLY: 0
2014-11-13 17:45:24,266 - __main__ - INFO - SVM_POLY: 0
2014-11-13 17:45:24,266 - __main__ - INFO - SVM_POLY: 0
2014-11-13 17:45:24,266 - __main__ - INFO - SVM_POLY: 0
2014-11-13 17:45:24,266 - __main__ - INFO - SVM_POLY: 0
2014-11-13 17:45:24,266 - __main__ - INFO - SVM_POLY: 0
2014-11-13 17:45:24,267 - __main__ - INFO - reduce_ratio: 1
2014-11-13 17:45:24,267 - __main__ - INFO - reduce_ratio: 1
2014-11-13 17:45:24,267 - __main__ - INFO - reduce_ratio: 1
2014-11-13 17:45:24,267 - __main__ - INFO - reduce_ratio: 1
2014-11-13 17:45:24,267 - __main__ - INFO - reduce_ratio: 1
2014-11-13 17:45:24,267 - __main__ - INFO - reduce_ratio: 1
2014-11-13 17:45:24,267 - __main__ - INFO - reduce_ratio: 1
2014-11-13 17:45:24,267 - __main__ - INFO - reduce_ratio: 1
2014-11-13 17:45:24,267 - __main__ - INFO - hidden_layers_sizes: [200, 200]
2014-11-13 17:45:24,267 - __main__ - INFO - hidden_layers_sizes: [200, 200]
2014-11-13 17:45:24,267 - __main__ - INFO - hidden_layers_sizes: [200, 200]
2014-11-13 17:45:24,267 - __main__ - INFO - hidden_layers_sizes: [200, 200]
2014-11-13 17:45:24,267 - __main__ - INFO - hidden_layers_sizes: [200, 200]
2014-11-13 17:45:24,267 - __main__ - INFO - hidden_layers_sizes: [200, 200]
2014-11-13 17:45:24,267 - __main__ - INFO - hidden_layers_sizes: [200, 200]
2014-11-13 17:45:24,267 - __main__ - INFO - hidden_layers_sizes: [200, 200]
2014-11-13 17:45:24,270 - __main__ - INFO - corruption_levels: [0, 0]
2014-11-13 17:45:24,270 - __main__ - INFO - corruption_levels: [0, 0]
2014-11-13 17:45:24,270 - __main__ - INFO - corruption_levels: [0, 0]
2014-11-13 17:45:24,270 - __main__ - INFO - corruption_levels: [0, 0]
2014-11-13 17:45:24,270 - __main__ - INFO - corruption_levels: [0, 0]
2014-11-13 17:45:24,270 - __main__ - INFO - corruption_levels: [0, 0]
2014-11-13 17:45:24,270 - __main__ - INFO - corruption_levels: [0, 0]
2014-11-13 17:45:24,270 - __main__ - INFO - corruption_levels: [0, 0]
2014-11-13 17:45:24,270 - __main__ - INFO - pretrain_lr: 0.001
2014-11-13 17:45:24,270 - __main__ - INFO - pretrain_lr: 0.001
2014-11-13 17:45:24,270 - __main__ - INFO - pretrain_lr: 0.001
2014-11-13 17:45:24,270 - __main__ - INFO - pretrain_lr: 0.001
2014-11-13 17:45:24,270 - __main__ - INFO - pretrain_lr: 0.001
2014-11-13 17:45:24,270 - __main__ - INFO - pretrain_lr: 0.001
2014-11-13 17:45:24,270 - __main__ - INFO - pretrain_lr: 0.001
2014-11-13 17:45:24,270 - __main__ - INFO - pretrain_lr: 0.001
2014-11-13 17:45:24,272 - __main__ - INFO - SAE_S_SVM: 0
2014-11-13 17:45:24,272 - __main__ - INFO - SAE_S_SVM: 0
2014-11-13 17:45:24,272 - __main__ - INFO - SAE_S_SVM: 0
2014-11-13 17:45:24,272 - __main__ - INFO - SAE_S_SVM: 0
2014-11-13 17:45:24,272 - __main__ - INFO - SAE_S_SVM: 0
2014-11-13 17:45:24,272 - __main__ - INFO - SAE_S_SVM: 0
2014-11-13 17:45:24,272 - __main__ - INFO - SAE_S_SVM: 0
2014-11-13 17:45:24,272 - __main__ - INFO - SAE_S_SVM: 0
2014-11-13 17:45:24,273 - __main__ - INFO - SAE_SVM_POLY: 0
2014-11-13 17:45:24,273 - __main__ - INFO - SAE_SVM_POLY: 0
2014-11-13 17:45:24,273 - __main__ - INFO - SAE_SVM_POLY: 0
2014-11-13 17:45:24,273 - __main__ - INFO - SAE_SVM_POLY: 0
2014-11-13 17:45:24,273 - __main__ - INFO - SAE_SVM_POLY: 0
2014-11-13 17:45:24,273 - __main__ - INFO - SAE_SVM_POLY: 0
2014-11-13 17:45:24,273 - __main__ - INFO - SAE_SVM_POLY: 0
2014-11-13 17:45:24,273 - __main__ - INFO - SAE_SVM_POLY: 0
2014-11-13 17:45:24,273 - __main__ - INFO - SVM: 0
2014-11-13 17:45:24,273 - __main__ - INFO - SVM: 0
2014-11-13 17:45:24,273 - __main__ - INFO - SVM: 0
2014-11-13 17:45:24,273 - __main__ - INFO - SVM: 0
2014-11-13 17:45:24,273 - __main__ - INFO - SVM: 0
2014-11-13 17:45:24,273 - __main__ - INFO - SVM: 0
2014-11-13 17:45:24,273 - __main__ - INFO - SVM: 0
2014-11-13 17:45:24,273 - __main__ - INFO - SVM: 0
2014-11-13 17:45:24,273 - __main__ - INFO - SAE_S_SVM_RBF: 0
2014-11-13 17:45:24,273 - __main__ - INFO - SAE_S_SVM_RBF: 0
2014-11-13 17:45:24,273 - __main__ - INFO - SAE_S_SVM_RBF: 0
2014-11-13 17:45:24,273 - __main__ - INFO - SAE_S_SVM_RBF: 0
2014-11-13 17:45:24,273 - __main__ - INFO - SAE_S_SVM_RBF: 0
2014-11-13 17:45:24,273 - __main__ - INFO - SAE_S_SVM_RBF: 0
2014-11-13 17:45:24,273 - __main__ - INFO - SAE_S_SVM_RBF: 0
2014-11-13 17:45:24,273 - __main__ - INFO - SAE_S_SVM_RBF: 0
2014-11-13 17:45:24,275 - __main__ - INFO - SVM_RBF: 0
2014-11-13 17:45:24,275 - __main__ - INFO - SVM_RBF: 0
2014-11-13 17:45:24,275 - __main__ - INFO - SVM_RBF: 0
2014-11-13 17:45:24,275 - __main__ - INFO - SVM_RBF: 0
2014-11-13 17:45:24,275 - __main__ - INFO - SVM_RBF: 0
2014-11-13 17:45:24,275 - __main__ - INFO - SVM_RBF: 0
2014-11-13 17:45:24,275 - __main__ - INFO - SVM_RBF: 0
2014-11-13 17:45:24,275 - __main__ - INFO - SVM_RBF: 0
2014-11-13 17:45:24,276 - __main__ - INFO - batch_size: 30
2014-11-13 17:45:24,276 - __main__ - INFO - batch_size: 30
2014-11-13 17:45:24,276 - __main__ - INFO - batch_size: 30
2014-11-13 17:45:24,276 - __main__ - INFO - batch_size: 30
2014-11-13 17:45:24,276 - __main__ - INFO - batch_size: 30
2014-11-13 17:45:24,276 - __main__ - INFO - batch_size: 30
2014-11-13 17:45:24,276 - __main__ - INFO - batch_size: 30
2014-11-13 17:45:24,276 - __main__ - INFO - batch_size: 30
2014-11-13 17:45:24,276 - __main__ - INFO - SAE_S_SVM_POLY: 0
2014-11-13 17:45:24,276 - __main__ - INFO - SAE_S_SVM_POLY: 0
2014-11-13 17:45:24,276 - __main__ - INFO - SAE_S_SVM_POLY: 0
2014-11-13 17:45:24,276 - __main__ - INFO - SAE_S_SVM_POLY: 0
2014-11-13 17:45:24,276 - __main__ - INFO - SAE_S_SVM_POLY: 0
2014-11-13 17:45:24,276 - __main__ - INFO - SAE_S_SVM_POLY: 0
2014-11-13 17:45:24,276 - __main__ - INFO - SAE_S_SVM_POLY: 0
2014-11-13 17:45:24,276 - __main__ - INFO - SAE_S_SVM_POLY: 0
2014-11-13 17:45:24,278 - __main__ - INFO - SAE_SVM_RBF: 0
2014-11-13 17:45:24,278 - __main__ - INFO - SAE_SVM_RBF: 0
2014-11-13 17:45:24,278 - __main__ - INFO - SAE_SVM_RBF: 0
2014-11-13 17:45:24,278 - __main__ - INFO - SAE_SVM_RBF: 0
2014-11-13 17:45:24,278 - __main__ - INFO - SAE_SVM_RBF: 0
2014-11-13 17:45:24,278 - __main__ - INFO - SAE_SVM_RBF: 0
2014-11-13 17:45:24,278 - __main__ - INFO - SAE_SVM_RBF: 0
2014-11-13 17:45:24,278 - __main__ - INFO - SAE_SVM_RBF: 0
2014-11-13 17:45:24,279 - __main__ - INFO - SAE_SVM: 1
2014-11-13 17:45:24,279 - __main__ - INFO - SAE_SVM: 1
2014-11-13 17:45:24,279 - __main__ - INFO - SAE_SVM: 1
2014-11-13 17:45:24,279 - __main__ - INFO - SAE_SVM: 1
2014-11-13 17:45:24,279 - __main__ - INFO - SAE_SVM: 1
2014-11-13 17:45:24,279 - __main__ - INFO - SAE_SVM: 1
2014-11-13 17:45:24,279 - __main__ - INFO - SAE_SVM: 1
2014-11-13 17:45:24,279 - __main__ - INFO - SAE_SVM: 1
2014-11-13 17:45:24,279 - __main__ - INFO - pretraining_interations: 10
2014-11-13 17:45:24,279 - __main__ - INFO - pretraining_interations: 10
2014-11-13 17:45:24,279 - __main__ - INFO - pretraining_interations: 10
2014-11-13 17:45:24,279 - __main__ - INFO - pretraining_interations: 10
2014-11-13 17:45:24,279 - __main__ - INFO - pretraining_interations: 10
2014-11-13 17:45:24,279 - __main__ - INFO - pretraining_interations: 10
2014-11-13 17:45:24,279 - __main__ - INFO - pretraining_interations: 10
2014-11-13 17:45:24,279 - __main__ - INFO - pretraining_interations: 10
2014-11-13 17:45:24,279 - __main__ - INFO - fisher_mode: FisherM1
2014-11-13 17:45:24,279 - __main__ - INFO - fisher_mode: FisherM1
2014-11-13 17:45:24,279 - __main__ - INFO - fisher_mode: FisherM1
2014-11-13 17:45:24,279 - __main__ - INFO - fisher_mode: FisherM1
2014-11-13 17:45:24,279 - __main__ - INFO - fisher_mode: FisherM1
2014-11-13 17:45:24,279 - __main__ - INFO - fisher_mode: FisherM1
2014-11-13 17:45:24,279 - __main__ - INFO - fisher_mode: FisherM1
2014-11-13 17:45:24,279 - __main__ - INFO - fisher_mode: FisherM1
2014-11-13 17:45:24,280 - __main__ - INFO - number_iterations: 1
2014-11-13 17:45:24,280 - __main__ - INFO - number_iterations: 1
2014-11-13 17:45:24,280 - __main__ - INFO - number_iterations: 1
2014-11-13 17:45:24,280 - __main__ - INFO - number_iterations: 1
2014-11-13 17:45:24,280 - __main__ - INFO - number_iterations: 1
2014-11-13 17:45:24,280 - __main__ - INFO - number_iterations: 1
2014-11-13 17:45:24,280 - __main__ - INFO - number_iterations: 1
2014-11-13 17:45:24,280 - __main__ - INFO - number_iterations: 1
2014-11-13 17:45:24,282 - __main__ - INFO - finetune_lr: 0.1
2014-11-13 17:45:24,282 - __main__ - INFO - finetune_lr: 0.1
2014-11-13 17:45:24,282 - __main__ - INFO - finetune_lr: 0.1
2014-11-13 17:45:24,282 - __main__ - INFO - finetune_lr: 0.1
2014-11-13 17:45:24,282 - __main__ - INFO - finetune_lr: 0.1
2014-11-13 17:45:24,282 - __main__ - INFO - finetune_lr: 0.1
2014-11-13 17:45:24,282 - __main__ - INFO - finetune_lr: 0.1
2014-11-13 17:45:24,282 - __main__ - INFO - finetune_lr: 0.1
2014-11-13 17:45:24,282 - __main__ - INFO - training_epochs: 1
2014-11-13 17:45:24,282 - __main__ - INFO - training_epochs: 1
2014-11-13 17:45:24,282 - __main__ - INFO - training_epochs: 1
2014-11-13 17:45:24,282 - __main__ - INFO - training_epochs: 1
2014-11-13 17:45:24,282 - __main__ - INFO - training_epochs: 1
2014-11-13 17:45:24,282 - __main__ - INFO - training_epochs: 1
2014-11-13 17:45:24,282 - __main__ - INFO - training_epochs: 1
2014-11-13 17:45:24,282 - __main__ - INFO - training_epochs: 1
2014-11-13 18:06:59,050 - __main__ - INFO - DL: 1
2014-11-13 18:06:59,050 - __main__ - INFO - Log: 1
2014-11-13 18:06:59,050 - __main__ - INFO - DL_S: 1
2014-11-13 18:06:59,050 - __main__ - INFO - predicted_score: False
2014-11-13 18:06:59,050 - __main__ - INFO - SVM_POLY: 1
2014-11-13 18:06:59,050 - __main__ - INFO - reduce_ratio: 1
2014-11-13 18:06:59,050 - __main__ - INFO - hidden_layers_sizes: [200, 200]
2014-11-13 18:06:59,050 - __main__ - INFO - corruption_levels: [0, 0]
2014-11-13 18:06:59,050 - __main__ - INFO - pretrain_lr: 0.001
2014-11-13 18:06:59,050 - __main__ - INFO - SAE_S_SVM: 1
2014-11-13 18:06:59,050 - __main__ - INFO - SAE_SVM_POLY: 1
2014-11-13 18:06:59,050 - __main__ - INFO - SVM: 1
2014-11-13 18:06:59,051 - __main__ - INFO - SAE_S_SVM_RBF: 1
2014-11-13 18:06:59,051 - __main__ - INFO - SVM_RBF: 1
2014-11-13 18:06:59,051 - __main__ - INFO - batch_size: 30
2014-11-13 18:06:59,051 - __main__ - INFO - SAE_S_SVM_POLY: 1
2014-11-13 18:06:59,051 - __main__ - INFO - SAE_SVM_RBF: 1
2014-11-13 18:06:59,051 - __main__ - INFO - SAE_SVM: 1
2014-11-13 18:06:59,051 - __main__ - INFO - pretraining_interations: 10000
2014-11-13 18:06:59,051 - __main__ - INFO - fisher_mode: FisherM1
2014-11-13 18:06:59,051 - __main__ - INFO - number_iterations: 10
2014-11-13 18:06:59,051 - __main__ - INFO - finetune_lr: 0.1
2014-11-13 18:06:59,051 - __main__ - INFO - training_epochs: 300
