2015-01-08 11:20:39,581 - __main__ - INFO - DL: 1
2015-01-08 11:20:39,581 - __main__ - INFO - Log: 1
2015-01-08 11:20:39,581 - __main__ - INFO - DL_S: 1
2015-01-08 11:20:39,581 - __main__ - INFO - SVM_POLY: 1
2015-01-08 11:20:39,581 - __main__ - INFO - reduce_ratio: 1
2015-01-08 11:20:39,581 - __main__ - INFO - hidden_layers_sizes: [200, 200]
2015-01-08 11:20:39,581 - __main__ - INFO - corruption_levels: [0, 0]
2015-01-08 11:20:39,596 - __main__ - INFO - pretrain_lr: 0.001
2015-01-08 11:20:39,596 - __main__ - INFO - SAE_S_SVM: 1
2015-01-08 11:20:39,628 - __main__ - INFO - SAE_SVM_POLY: 1
2015-01-08 11:20:39,628 - __main__ - INFO - SVM: 1
2015-01-08 11:20:39,628 - __main__ - INFO - SAE_S_SVM_RBF: 1
2015-01-08 11:20:39,628 - __main__ - INFO - number_of_training: [1000, 2500, 5000, 7500, 10000]
2015-01-08 11:20:39,628 - __main__ - INFO - SVM_RBF: 1
2015-01-08 11:20:39,628 - __main__ - INFO - batch_size: 30
2015-01-08 11:20:39,628 - __main__ - INFO - SAE_S_SVM_POLY: 1
2015-01-08 11:20:39,628 - __main__ - INFO - SAE_SVM_RBF: 1
2015-01-08 11:20:39,642 - __main__ - INFO - SAE_SVM: 1
2015-01-08 11:20:39,642 - __main__ - INFO - pretraining_interations: 10000
2015-01-08 11:20:39,642 - __main__ - INFO - fisher_mode: FisherM1
2015-01-08 11:20:39,642 - __main__ - INFO - number_iterations: 10
2015-01-08 11:20:39,642 - __main__ - INFO - finetune_lr: 0.1
2015-01-08 11:20:39,642 - __main__ - INFO - test_set_from_test: True
2015-01-08 11:20:39,642 - __main__ - INFO - with_auc_score: False
2015-01-08 11:20:39,642 - __main__ - INFO - training_epochs: 300
2015-01-08 12:51:11,467 - __main__ - INFO - DL: 1
2015-01-08 12:51:11,467 - __main__ - INFO - DL: 1
2015-01-08 12:51:11,467 - __main__ - INFO - Log: 1
2015-01-08 12:51:11,467 - __main__ - INFO - Log: 1
2015-01-08 12:51:11,483 - __main__ - INFO - DL_S: 1
2015-01-08 12:51:11,483 - __main__ - INFO - DL_S: 1
2015-01-08 12:51:11,483 - __main__ - INFO - SVM_POLY: 1
2015-01-08 12:51:11,483 - __main__ - INFO - SVM_POLY: 1
2015-01-08 12:51:11,483 - __main__ - INFO - reduce_ratio: 1
2015-01-08 12:51:11,483 - __main__ - INFO - reduce_ratio: 1
2015-01-08 12:51:11,483 - __main__ - INFO - hidden_layers_sizes: [200, 200]
2015-01-08 12:51:11,483 - __main__ - INFO - hidden_layers_sizes: [200, 200]
2015-01-08 12:51:11,483 - __main__ - INFO - corruption_levels: [0, 0]
2015-01-08 12:51:11,483 - __main__ - INFO - corruption_levels: [0, 0]
2015-01-08 12:51:11,483 - __main__ - INFO - pretrain_lr: 0.001
2015-01-08 12:51:11,483 - __main__ - INFO - pretrain_lr: 0.001
2015-01-08 12:51:11,483 - __main__ - INFO - SAE_S_SVM: 1
2015-01-08 12:51:11,483 - __main__ - INFO - SAE_S_SVM: 1
2015-01-08 12:51:11,483 - __main__ - INFO - SAE_SVM_POLY: 1
2015-01-08 12:51:11,483 - __main__ - INFO - SAE_SVM_POLY: 1
2015-01-08 12:51:11,483 - __main__ - INFO - SVM: 1
2015-01-08 12:51:11,483 - __main__ - INFO - SVM: 1
2015-01-08 12:51:11,499 - __main__ - INFO - SAE_S_SVM_RBF: 1
2015-01-08 12:51:11,499 - __main__ - INFO - SAE_S_SVM_RBF: 1
2015-01-08 12:51:11,499 - __main__ - INFO - number_of_training: [10000]
2015-01-08 12:51:11,499 - __main__ - INFO - number_of_training: [10000]
2015-01-08 12:51:11,499 - __main__ - INFO - SVM_RBF: 1
2015-01-08 12:51:11,499 - __main__ - INFO - SVM_RBF: 1
2015-01-08 12:51:11,499 - __main__ - INFO - batch_size: 30
2015-01-08 12:51:11,499 - __main__ - INFO - batch_size: 30
2015-01-08 12:51:11,499 - __main__ - INFO - SAE_S_SVM_POLY: 1
2015-01-08 12:51:11,499 - __main__ - INFO - SAE_S_SVM_POLY: 1
2015-01-08 12:51:11,499 - __main__ - INFO - SAE_SVM_RBF: 1
2015-01-08 12:51:11,499 - __main__ - INFO - SAE_SVM_RBF: 1
2015-01-08 12:51:11,499 - __main__ - INFO - SAE_SVM: 1
2015-01-08 12:51:11,499 - __main__ - INFO - SAE_SVM: 1
2015-01-08 12:51:11,499 - __main__ - INFO - pretraining_interations: 10000
2015-01-08 12:51:11,499 - __main__ - INFO - pretraining_interations: 10000
2015-01-08 12:51:11,499 - __main__ - INFO - fisher_mode: FisherM1
2015-01-08 12:51:11,499 - __main__ - INFO - fisher_mode: FisherM1
2015-01-08 12:51:11,513 - __main__ - INFO - number_iterations: 1
2015-01-08 12:51:11,513 - __main__ - INFO - number_iterations: 1
2015-01-08 12:51:11,513 - __main__ - INFO - finetune_lr: 0.1
2015-01-08 12:51:11,513 - __main__ - INFO - finetune_lr: 0.1
2015-01-08 12:51:11,513 - __main__ - INFO - test_set_from_test: True
2015-01-08 12:51:11,513 - __main__ - INFO - test_set_from_test: True
2015-01-08 12:51:11,513 - __main__ - INFO - with_auc_score: False
2015-01-08 12:51:11,513 - __main__ - INFO - with_auc_score: False
2015-01-08 12:51:11,513 - __main__ - INFO - training_epochs: 300
2015-01-08 12:51:11,513 - __main__ - INFO - training_epochs: 300
2015-01-08 13:18:56,056 - __main__ - INFO - DL: 1
2015-01-08 13:18:56,056 - __main__ - INFO - DL: 1
2015-01-08 13:18:56,056 - __main__ - INFO - DL: 1
2015-01-08 13:18:56,056 - __main__ - INFO - Log: 1
2015-01-08 13:18:56,056 - __main__ - INFO - Log: 1
2015-01-08 13:18:56,056 - __main__ - INFO - Log: 1
2015-01-08 13:18:56,056 - __main__ - INFO - DL_S: 1
2015-01-08 13:18:56,056 - __main__ - INFO - DL_S: 1
2015-01-08 13:18:56,056 - __main__ - INFO - DL_S: 1
2015-01-08 13:18:56,056 - __main__ - INFO - SVM_POLY: 1
2015-01-08 13:18:56,056 - __main__ - INFO - SVM_POLY: 1
2015-01-08 13:18:56,056 - __main__ - INFO - SVM_POLY: 1
2015-01-08 13:18:56,056 - __main__ - INFO - reduce_ratio: 1
2015-01-08 13:18:56,056 - __main__ - INFO - reduce_ratio: 1
2015-01-08 13:18:56,056 - __main__ - INFO - reduce_ratio: 1
2015-01-08 13:18:56,072 - __main__ - INFO - hidden_layers_sizes: [200, 200]
2015-01-08 13:18:56,072 - __main__ - INFO - hidden_layers_sizes: [200, 200]
2015-01-08 13:18:56,072 - __main__ - INFO - hidden_layers_sizes: [200, 200]
2015-01-08 13:18:56,072 - __main__ - INFO - corruption_levels: [0, 0]
2015-01-08 13:18:56,072 - __main__ - INFO - corruption_levels: [0, 0]
2015-01-08 13:18:56,072 - __main__ - INFO - corruption_levels: [0, 0]
2015-01-08 13:18:56,072 - __main__ - INFO - pretrain_lr: 0.001
2015-01-08 13:18:56,072 - __main__ - INFO - pretrain_lr: 0.001
2015-01-08 13:18:56,072 - __main__ - INFO - pretrain_lr: 0.001
2015-01-08 13:18:56,072 - __main__ - INFO - SAE_S_SVM: 1
2015-01-08 13:18:56,072 - __main__ - INFO - SAE_S_SVM: 1
2015-01-08 13:18:56,072 - __main__ - INFO - SAE_S_SVM: 1
2015-01-08 13:18:56,088 - __main__ - INFO - SAE_SVM_POLY: 1
2015-01-08 13:18:56,088 - __main__ - INFO - SAE_SVM_POLY: 1
2015-01-08 13:18:56,088 - __main__ - INFO - SAE_SVM_POLY: 1
2015-01-08 13:18:56,088 - __main__ - INFO - SVM: 1
2015-01-08 13:18:56,088 - __main__ - INFO - SVM: 1
2015-01-08 13:18:56,088 - __main__ - INFO - SVM: 1
2015-01-08 13:18:56,088 - __main__ - INFO - SAE_S_SVM_RBF: 1
2015-01-08 13:18:56,088 - __main__ - INFO - SAE_S_SVM_RBF: 1
2015-01-08 13:18:56,088 - __main__ - INFO - SAE_S_SVM_RBF: 1
2015-01-08 13:18:56,088 - __main__ - INFO - number_of_training: [10000]
2015-01-08 13:18:56,088 - __main__ - INFO - number_of_training: [10000]
2015-01-08 13:18:56,088 - __main__ - INFO - number_of_training: [10000]
2015-01-08 13:18:56,088 - __main__ - INFO - SVM_RBF: 1
2015-01-08 13:18:56,088 - __main__ - INFO - SVM_RBF: 1
2015-01-08 13:18:56,088 - __main__ - INFO - SVM_RBF: 1
2015-01-08 13:18:56,104 - __main__ - INFO - batch_size: 30
2015-01-08 13:18:56,104 - __main__ - INFO - batch_size: 30
2015-01-08 13:18:56,104 - __main__ - INFO - batch_size: 30
2015-01-08 13:18:56,104 - __main__ - INFO - SAE_S_SVM_POLY: 1
2015-01-08 13:18:56,104 - __main__ - INFO - SAE_S_SVM_POLY: 1
2015-01-08 13:18:56,104 - __main__ - INFO - SAE_S_SVM_POLY: 1
2015-01-08 13:18:56,104 - __main__ - INFO - SAE_SVM_RBF: 1
2015-01-08 13:18:56,104 - __main__ - INFO - SAE_SVM_RBF: 1
2015-01-08 13:18:56,104 - __main__ - INFO - SAE_SVM_RBF: 1
2015-01-08 13:18:56,104 - __main__ - INFO - SAE_SVM: 1
2015-01-08 13:18:56,104 - __main__ - INFO - SAE_SVM: 1
2015-01-08 13:18:56,104 - __main__ - INFO - SAE_SVM: 1
2015-01-08 13:18:56,118 - __main__ - INFO - pretraining_interations: 10
2015-01-08 13:18:56,118 - __main__ - INFO - pretraining_interations: 10
2015-01-08 13:18:56,118 - __main__ - INFO - pretraining_interations: 10
2015-01-08 13:18:56,118 - __main__ - INFO - fisher_mode: FisherM1
2015-01-08 13:18:56,118 - __main__ - INFO - fisher_mode: FisherM1
2015-01-08 13:18:56,118 - __main__ - INFO - fisher_mode: FisherM1
2015-01-08 13:18:56,118 - __main__ - INFO - number_iterations: 1
2015-01-08 13:18:56,118 - __main__ - INFO - number_iterations: 1
2015-01-08 13:18:56,118 - __main__ - INFO - number_iterations: 1
2015-01-08 13:18:56,118 - __main__ - INFO - finetune_lr: 0.1
2015-01-08 13:18:56,118 - __main__ - INFO - finetune_lr: 0.1
2015-01-08 13:18:56,118 - __main__ - INFO - finetune_lr: 0.1
2015-01-08 13:18:56,118 - __main__ - INFO - test_set_from_test: True
2015-01-08 13:18:56,118 - __main__ - INFO - test_set_from_test: True
2015-01-08 13:18:56,118 - __main__ - INFO - test_set_from_test: True
2015-01-08 13:18:56,134 - __main__ - INFO - with_auc_score: False
2015-01-08 13:18:56,134 - __main__ - INFO - with_auc_score: False
2015-01-08 13:18:56,134 - __main__ - INFO - with_auc_score: False
2015-01-08 13:18:56,134 - __main__ - INFO - training_epochs: 1
2015-01-08 13:18:56,134 - __main__ - INFO - training_epochs: 1
2015-01-08 13:18:56,134 - __main__ - INFO - training_epochs: 1
2015-01-08 13:20:42,088 - __main__ - INFO - DL: 1
2015-01-08 13:20:42,088 - __main__ - INFO - Log: 1
2015-01-08 13:20:42,088 - __main__ - INFO - DL_S: 1
2015-01-08 13:20:42,104 - __main__ - INFO - SVM_POLY: 1
2015-01-08 13:20:42,104 - __main__ - INFO - reduce_ratio: 1
2015-01-08 13:20:42,104 - __main__ - INFO - hidden_layers_sizes: [200, 200]
2015-01-08 13:20:42,104 - __main__ - INFO - corruption_levels: [0, 0]
2015-01-08 13:20:42,104 - __main__ - INFO - pretrain_lr: 0.001
2015-01-08 13:20:42,104 - __main__ - INFO - SAE_S_SVM: 1
2015-01-08 13:20:42,104 - __main__ - INFO - SAE_SVM_POLY: 1
2015-01-08 13:20:42,104 - __main__ - INFO - SVM: 1
2015-01-08 13:20:42,104 - __main__ - INFO - SAE_S_SVM_RBF: 1
2015-01-08 13:20:42,104 - __main__ - INFO - number_of_training: [10000]
2015-01-08 13:20:42,104 - __main__ - INFO - SVM_RBF: 1
2015-01-08 13:20:42,104 - __main__ - INFO - batch_size: 30
2015-01-08 13:20:42,119 - __main__ - INFO - SAE_S_SVM_POLY: 1
2015-01-08 13:20:42,119 - __main__ - INFO - SAE_SVM_RBF: 1
2015-01-08 13:20:42,119 - __main__ - INFO - SAE_SVM: 1
2015-01-08 13:20:42,119 - __main__ - INFO - pretraining_interations: 10
2015-01-08 13:20:42,119 - __main__ - INFO - fisher_mode: FisherM1
2015-01-08 13:20:42,119 - __main__ - INFO - number_iterations: 1
2015-01-08 13:20:42,119 - __main__ - INFO - finetune_lr: 0.1
2015-01-08 13:20:42,119 - __main__ - INFO - test_set_from_test: True
2015-01-08 13:20:42,119 - __main__ - INFO - with_auc_score: False
2015-01-08 13:20:42,134 - __main__ - INFO - training_epochs: 1
2015-01-08 13:21:32,372 - __main__ - INFO - DL: 1
2015-01-08 13:21:32,372 - __main__ - INFO - Log: 1
2015-01-08 13:21:32,372 - __main__ - INFO - DL_S: 1
2015-01-08 13:21:32,372 - __main__ - INFO - SVM_POLY: 1
2015-01-08 13:21:32,372 - __main__ - INFO - reduce_ratio: 1
2015-01-08 13:21:32,388 - __main__ - INFO - hidden_layers_sizes: [200, 200]
2015-01-08 13:21:32,388 - __main__ - INFO - corruption_levels: [0, 0]
2015-01-08 13:21:32,388 - __main__ - INFO - pretrain_lr: 0.001
2015-01-08 13:21:32,388 - __main__ - INFO - SAE_S_SVM: 1
2015-01-08 13:21:32,388 - __main__ - INFO - SAE_SVM_POLY: 1
2015-01-08 13:21:32,404 - __main__ - INFO - SVM: 1
2015-01-08 13:21:32,404 - __main__ - INFO - SAE_S_SVM_RBF: 1
2015-01-08 13:21:32,404 - __main__ - INFO - number_of_training: [10000]
2015-01-08 13:21:32,404 - __main__ - INFO - SVM_RBF: 1
2015-01-08 13:21:32,404 - __main__ - INFO - batch_size: 30
2015-01-08 13:21:32,420 - __main__ - INFO - SAE_S_SVM_POLY: 1
2015-01-08 13:21:32,420 - __main__ - INFO - SAE_SVM_RBF: 1
2015-01-08 13:21:32,420 - __main__ - INFO - SAE_SVM: 1
2015-01-08 13:21:32,420 - __main__ - INFO - pretraining_interations: 10
2015-01-08 13:21:32,434 - __main__ - INFO - fisher_mode: FisherM1
2015-01-08 13:21:32,434 - __main__ - INFO - number_iterations: 1
2015-01-08 13:21:32,434 - __main__ - INFO - finetune_lr: 0.1
2015-01-08 13:21:32,434 - __main__ - INFO - test_set_from_test: True
2015-01-08 13:21:32,434 - __main__ - INFO - with_auc_score: False
2015-01-08 13:21:32,450 - __main__ - INFO - training_epochs: 1
2015-01-08 13:43:41,470 - __main__ - INFO - DL: 1
2015-01-08 13:43:41,470 - __main__ - INFO - DL: 1
2015-01-08 13:43:41,473 - __main__ - INFO - Log: 0
2015-01-08 13:43:41,473 - __main__ - INFO - Log: 0
2015-01-08 13:43:41,473 - __main__ - INFO - DL_S: 1
2015-01-08 13:43:41,473 - __main__ - INFO - DL_S: 1
2015-01-08 13:43:41,476 - __main__ - INFO - SVM_POLY: 0
2015-01-08 13:43:41,476 - __main__ - INFO - SVM_POLY: 0
2015-01-08 13:43:41,480 - __main__ - INFO - reduce_ratio: 1
2015-01-08 13:43:41,480 - __main__ - INFO - reduce_ratio: 1
2015-01-08 13:43:41,480 - __main__ - INFO - hidden_layers_sizes: [200, 200]
2015-01-08 13:43:41,480 - __main__ - INFO - hidden_layers_sizes: [200, 200]
2015-01-08 13:43:41,483 - __main__ - INFO - corruption_levels: [0, 0]
2015-01-08 13:43:41,483 - __main__ - INFO - corruption_levels: [0, 0]
2015-01-08 13:43:41,484 - __main__ - INFO - pretrain_lr: 0.001
2015-01-08 13:43:41,484 - __main__ - INFO - pretrain_lr: 0.001
2015-01-08 13:43:41,486 - __main__ - INFO - SAE_S_SVM: 0
2015-01-08 13:43:41,486 - __main__ - INFO - SAE_S_SVM: 0
2015-01-08 13:43:41,487 - __main__ - INFO - SAE_SVM_POLY: 0
2015-01-08 13:43:41,487 - __main__ - INFO - SAE_SVM_POLY: 0
2015-01-08 13:43:41,490 - __main__ - INFO - SVM: 0
2015-01-08 13:43:41,490 - __main__ - INFO - SVM: 0
2015-01-08 13:43:41,490 - __main__ - INFO - SAE_S_SVM_RBF: 0
2015-01-08 13:43:41,490 - __main__ - INFO - SAE_S_SVM_RBF: 0
2015-01-08 13:43:41,493 - __main__ - INFO - number_of_training: [10000]
2015-01-08 13:43:41,493 - __main__ - INFO - number_of_training: [10000]
2015-01-08 13:43:41,493 - __main__ - INFO - SVM_RBF: 0
2015-01-08 13:43:41,493 - __main__ - INFO - SVM_RBF: 0
2015-01-08 13:43:41,496 - __main__ - INFO - batch_size: 30
2015-01-08 13:43:41,496 - __main__ - INFO - batch_size: 30
2015-01-08 13:43:41,496 - __main__ - INFO - SAE_S_SVM_POLY: 0
2015-01-08 13:43:41,496 - __main__ - INFO - SAE_S_SVM_POLY: 0
2015-01-08 13:43:41,499 - __main__ - INFO - SAE_SVM_RBF: 0
2015-01-08 13:43:41,499 - __main__ - INFO - SAE_SVM_RBF: 0
2015-01-08 13:43:41,500 - __main__ - INFO - SAE_SVM: 0
2015-01-08 13:43:41,500 - __main__ - INFO - SAE_SVM: 0
2015-01-08 13:43:41,502 - __main__ - INFO - pretraining_interations: 10
2015-01-08 13:43:41,502 - __main__ - INFO - pretraining_interations: 10
2015-01-08 13:43:41,503 - __main__ - INFO - fisher_mode: FisherM1
2015-01-08 13:43:41,503 - __main__ - INFO - fisher_mode: FisherM1
2015-01-08 13:43:41,505 - __main__ - INFO - number_iterations: 1
2015-01-08 13:43:41,505 - __main__ - INFO - number_iterations: 1
2015-01-08 13:43:41,506 - __main__ - INFO - finetune_lr: 0.1
2015-01-08 13:43:41,506 - __main__ - INFO - finetune_lr: 0.1
2015-01-08 13:43:41,509 - __main__ - INFO - test_set_from_test: True
2015-01-08 13:43:41,509 - __main__ - INFO - test_set_from_test: True
2015-01-08 13:43:41,509 - __main__ - INFO - with_auc_score: False
2015-01-08 13:43:41,509 - __main__ - INFO - with_auc_score: False
2015-01-08 13:43:41,512 - __main__ - INFO - training_epochs: 1
2015-01-08 13:43:41,512 - __main__ - INFO - training_epochs: 1
2015-01-08 14:08:53,346 - __main__ - INFO - DL: 1
2015-01-08 14:08:53,348 - __main__ - INFO - Log: 0
2015-01-08 14:08:53,348 - __main__ - INFO - DL_S: 1
2015-01-08 14:08:53,348 - __main__ - INFO - SVM_POLY: 0
2015-01-08 14:08:53,349 - __main__ - INFO - reduce_ratio: 1
2015-01-08 14:08:53,349 - __main__ - INFO - hidden_layers_sizes: [200, 200]
2015-01-08 14:08:53,351 - __main__ - INFO - corruption_levels: [0, 0]
2015-01-08 14:08:53,351 - __main__ - INFO - pretrain_lr: 0.001
2015-01-08 14:08:53,351 - __main__ - INFO - SAE_S_SVM: 0
2015-01-08 14:08:53,352 - __main__ - INFO - SAE_SVM_POLY: 0
2015-01-08 14:08:53,352 - __main__ - INFO - SVM: 0
2015-01-08 14:08:53,354 - __main__ - INFO - SAE_S_SVM_RBF: 0
2015-01-08 14:08:53,355 - __main__ - INFO - number_of_training: [10000]
2015-01-08 14:08:53,355 - __main__ - INFO - SVM_RBF: 0
2015-01-08 14:08:53,355 - __main__ - INFO - batch_size: 30
2015-01-08 14:08:53,357 - __main__ - INFO - SAE_S_SVM_POLY: 0
2015-01-08 14:08:53,357 - __main__ - INFO - SAE_SVM_RBF: 0
2015-01-08 14:08:53,358 - __main__ - INFO - SAE_SVM: 0
2015-01-08 14:08:53,358 - __main__ - INFO - pretraining_interations: 10
2015-01-08 14:08:53,359 - __main__ - INFO - fisher_mode: FisherM1
2015-01-08 14:08:53,361 - __main__ - INFO - number_iterations: 1
2015-01-08 14:08:53,361 - __main__ - INFO - finetune_lr: 0.1
2015-01-08 14:08:53,362 - __main__ - INFO - test_set_from_test: True
2015-01-08 14:08:53,364 - __main__ - INFO - with_auc_score: False
2015-01-08 14:08:53,365 - __main__ - INFO - training_epochs: 1
2015-01-08 14:09:19,385 - __main__ - INFO - DL: 1
2015-01-08 14:09:19,385 - __main__ - INFO - DL: 1
2015-01-08 14:09:19,388 - __main__ - INFO - Log: 0
2015-01-08 14:09:19,388 - __main__ - INFO - Log: 0
2015-01-08 14:09:19,388 - __main__ - INFO - DL_S: 1
2015-01-08 14:09:19,388 - __main__ - INFO - DL_S: 1
2015-01-08 14:09:19,391 - __main__ - INFO - SVM_POLY: 0
2015-01-08 14:09:19,391 - __main__ - INFO - SVM_POLY: 0
2015-01-08 14:09:19,392 - __main__ - INFO - reduce_ratio: 1
2015-01-08 14:09:19,392 - __main__ - INFO - reduce_ratio: 1
2015-01-08 14:09:19,394 - __main__ - INFO - hidden_layers_sizes: [200, 200]
2015-01-08 14:09:19,394 - __main__ - INFO - hidden_layers_sizes: [200, 200]
2015-01-08 14:09:19,395 - __main__ - INFO - corruption_levels: [0, 0]
2015-01-08 14:09:19,395 - __main__ - INFO - corruption_levels: [0, 0]
2015-01-08 14:09:19,398 - __main__ - INFO - pretrain_lr: 0.001
2015-01-08 14:09:19,398 - __main__ - INFO - pretrain_lr: 0.001
2015-01-08 14:09:19,398 - __main__ - INFO - SAE_S_SVM: 0
2015-01-08 14:09:19,398 - __main__ - INFO - SAE_S_SVM: 0
2015-01-08 14:09:19,401 - __main__ - INFO - SAE_SVM_POLY: 0
2015-01-08 14:09:19,401 - __main__ - INFO - SAE_SVM_POLY: 0
2015-01-08 14:09:19,403 - __main__ - INFO - SVM: 0
2015-01-08 14:09:19,403 - __main__ - INFO - SVM: 0
2015-01-08 14:09:19,404 - __main__ - INFO - SAE_S_SVM_RBF: 0
2015-01-08 14:09:19,404 - __main__ - INFO - SAE_S_SVM_RBF: 0
2015-01-08 14:09:19,408 - __main__ - INFO - number_of_training: [10000]
2015-01-08 14:09:19,408 - __main__ - INFO - number_of_training: [10000]
2015-01-08 14:09:19,413 - __main__ - INFO - SVM_RBF: 0
2015-01-08 14:09:19,413 - __main__ - INFO - SVM_RBF: 0
2015-01-08 14:09:19,415 - __main__ - INFO - batch_size: 30
2015-01-08 14:09:19,415 - __main__ - INFO - batch_size: 30
2015-01-08 14:09:19,420 - __main__ - INFO - SAE_S_SVM_POLY: 0
2015-01-08 14:09:19,420 - __main__ - INFO - SAE_S_SVM_POLY: 0
2015-01-08 14:09:19,423 - __main__ - INFO - SAE_SVM_RBF: 0
2015-01-08 14:09:19,423 - __main__ - INFO - SAE_SVM_RBF: 0
2015-01-08 14:09:19,426 - __main__ - INFO - SAE_SVM: 0
2015-01-08 14:09:19,426 - __main__ - INFO - SAE_SVM: 0
2015-01-08 14:09:19,430 - __main__ - INFO - pretraining_interations: 10
2015-01-08 14:09:19,430 - __main__ - INFO - pretraining_interations: 10
2015-01-08 14:09:19,434 - __main__ - INFO - fisher_mode: FisherM1
2015-01-08 14:09:19,434 - __main__ - INFO - fisher_mode: FisherM1
2015-01-08 14:09:19,437 - __main__ - INFO - number_iterations: 1
2015-01-08 14:09:19,437 - __main__ - INFO - number_iterations: 1
2015-01-08 14:09:19,440 - __main__ - INFO - finetune_lr: 0.1
2015-01-08 14:09:19,440 - __main__ - INFO - finetune_lr: 0.1
2015-01-08 14:09:19,444 - __main__ - INFO - test_set_from_test: True
2015-01-08 14:09:19,444 - __main__ - INFO - test_set_from_test: True
2015-01-08 14:09:19,447 - __main__ - INFO - with_auc_score: False
2015-01-08 14:09:19,447 - __main__ - INFO - with_auc_score: False
2015-01-08 14:09:19,450 - __main__ - INFO - training_epochs: 1
2015-01-08 14:09:19,450 - __main__ - INFO - training_epochs: 1
2015-01-08 14:16:19,611 - __main__ - INFO - DL: 1
2015-01-08 14:16:19,611 - __main__ - INFO - DL: 1
2015-01-08 14:16:19,611 - __main__ - INFO - DL: 1
2015-01-08 14:16:19,611 - __main__ - INFO - Log: 1
2015-01-08 14:16:19,611 - __main__ - INFO - Log: 1
2015-01-08 14:16:19,611 - __main__ - INFO - Log: 1
2015-01-08 14:16:19,611 - __main__ - INFO - DL_S: 1
2015-01-08 14:16:19,611 - __main__ - INFO - DL_S: 1
2015-01-08 14:16:19,611 - __main__ - INFO - DL_S: 1
2015-01-08 14:16:19,611 - __main__ - INFO - SVM_POLY: 1
2015-01-08 14:16:19,611 - __main__ - INFO - SVM_POLY: 1
2015-01-08 14:16:19,611 - __main__ - INFO - SVM_POLY: 1
2015-01-08 14:16:19,611 - __main__ - INFO - reduce_ratio: 1
2015-01-08 14:16:19,611 - __main__ - INFO - reduce_ratio: 1
2015-01-08 14:16:19,611 - __main__ - INFO - reduce_ratio: 1
2015-01-08 14:16:19,611 - __main__ - INFO - hidden_layers_sizes: [200, 200]
2015-01-08 14:16:19,611 - __main__ - INFO - hidden_layers_sizes: [200, 200]
2015-01-08 14:16:19,611 - __main__ - INFO - hidden_layers_sizes: [200, 200]
2015-01-08 14:16:19,611 - __main__ - INFO - corruption_levels: [0, 0]
2015-01-08 14:16:19,611 - __main__ - INFO - corruption_levels: [0, 0]
2015-01-08 14:16:19,611 - __main__ - INFO - corruption_levels: [0, 0]
2015-01-08 14:16:19,627 - __main__ - INFO - pretrain_lr: 0.001
2015-01-08 14:16:19,627 - __main__ - INFO - pretrain_lr: 0.001
2015-01-08 14:16:19,627 - __main__ - INFO - pretrain_lr: 0.001
2015-01-08 14:16:19,627 - __main__ - INFO - SAE_S_SVM: 1
2015-01-08 14:16:19,627 - __main__ - INFO - SAE_S_SVM: 1
2015-01-08 14:16:19,627 - __main__ - INFO - SAE_S_SVM: 1
2015-01-08 14:16:19,627 - __main__ - INFO - SAE_SVM_POLY: 1
2015-01-08 14:16:19,627 - __main__ - INFO - SAE_SVM_POLY: 1
2015-01-08 14:16:19,627 - __main__ - INFO - SAE_SVM_POLY: 1
2015-01-08 14:16:19,627 - __main__ - INFO - SVM: 1
2015-01-08 14:16:19,627 - __main__ - INFO - SVM: 1
2015-01-08 14:16:19,627 - __main__ - INFO - SVM: 1
2015-01-08 14:16:19,627 - __main__ - INFO - SAE_S_SVM_RBF: 1
2015-01-08 14:16:19,627 - __main__ - INFO - SAE_S_SVM_RBF: 1
2015-01-08 14:16:19,627 - __main__ - INFO - SAE_S_SVM_RBF: 1
2015-01-08 14:16:19,642 - __main__ - INFO - number_of_training: [10000]
2015-01-08 14:16:19,642 - __main__ - INFO - number_of_training: [10000]
2015-01-08 14:16:19,642 - __main__ - INFO - number_of_training: [10000]
2015-01-08 14:16:19,642 - __main__ - INFO - SVM_RBF: 1
2015-01-08 14:16:19,642 - __main__ - INFO - SVM_RBF: 1
2015-01-08 14:16:19,642 - __main__ - INFO - SVM_RBF: 1
2015-01-08 14:16:19,642 - __main__ - INFO - batch_size: 30
2015-01-08 14:16:19,642 - __main__ - INFO - batch_size: 30
2015-01-08 14:16:19,642 - __main__ - INFO - batch_size: 30
2015-01-08 14:16:19,642 - __main__ - INFO - SAE_S_SVM_POLY: 1
2015-01-08 14:16:19,642 - __main__ - INFO - SAE_S_SVM_POLY: 1
2015-01-08 14:16:19,642 - __main__ - INFO - SAE_S_SVM_POLY: 1
2015-01-08 14:16:19,642 - __main__ - INFO - SAE_SVM_RBF: 1
2015-01-08 14:16:19,642 - __main__ - INFO - SAE_SVM_RBF: 1
2015-01-08 14:16:19,642 - __main__ - INFO - SAE_SVM_RBF: 1
2015-01-08 14:16:19,642 - __main__ - INFO - SAE_SVM: 1
2015-01-08 14:16:19,642 - __main__ - INFO - SAE_SVM: 1
2015-01-08 14:16:19,642 - __main__ - INFO - SAE_SVM: 1
2015-01-08 14:16:19,642 - __main__ - INFO - pretraining_interations: 10000
2015-01-08 14:16:19,642 - __main__ - INFO - pretraining_interations: 10000
2015-01-08 14:16:19,642 - __main__ - INFO - pretraining_interations: 10000
2015-01-08 14:16:19,642 - __main__ - INFO - fisher_mode: FisherM1
2015-01-08 14:16:19,642 - __main__ - INFO - fisher_mode: FisherM1
2015-01-08 14:16:19,642 - __main__ - INFO - fisher_mode: FisherM1
2015-01-08 14:16:19,642 - __main__ - INFO - number_iterations: 1
2015-01-08 14:16:19,642 - __main__ - INFO - number_iterations: 1
2015-01-08 14:16:19,642 - __main__ - INFO - number_iterations: 1
2015-01-08 14:16:19,660 - __main__ - INFO - finetune_lr: 0.1
2015-01-08 14:16:19,660 - __main__ - INFO - finetune_lr: 0.1
2015-01-08 14:16:19,660 - __main__ - INFO - finetune_lr: 0.1
2015-01-08 14:16:19,661 - __main__ - INFO - test_set_from_test: True
2015-01-08 14:16:19,661 - __main__ - INFO - test_set_from_test: True
2015-01-08 14:16:19,661 - __main__ - INFO - test_set_from_test: True
2015-01-08 14:16:19,664 - __main__ - INFO - with_auc_score: False
2015-01-08 14:16:19,664 - __main__ - INFO - with_auc_score: False
2015-01-08 14:16:19,664 - __main__ - INFO - with_auc_score: False
2015-01-08 14:16:19,665 - __main__ - INFO - training_epochs: 300
2015-01-08 14:16:19,665 - __main__ - INFO - training_epochs: 300
2015-01-08 14:16:19,665 - __main__ - INFO - training_epochs: 300
2015-01-08 14:16:43,035 - __main__ - INFO - DL: 1
2015-01-08 14:16:43,035 - __main__ - INFO - Log: 1
2015-01-08 14:16:43,035 - __main__ - INFO - DL_S: 1
2015-01-08 14:16:43,035 - __main__ - INFO - SVM_POLY: 1
2015-01-08 14:16:43,051 - __main__ - INFO - reduce_ratio: 1
2015-01-08 14:16:43,051 - __main__ - INFO - hidden_layers_sizes: [200, 200]
2015-01-08 14:16:43,051 - __main__ - INFO - corruption_levels: [0, 0]
2015-01-08 14:16:43,051 - __main__ - INFO - pretrain_lr: 0.001
2015-01-08 14:16:43,051 - __main__ - INFO - SAE_S_SVM: 1
2015-01-08 14:16:43,051 - __main__ - INFO - SAE_SVM_POLY: 1
2015-01-08 14:16:43,051 - __main__ - INFO - SVM: 1
2015-01-08 14:16:43,065 - __main__ - INFO - SAE_S_SVM_RBF: 1
2015-01-08 14:16:43,065 - __main__ - INFO - number_of_training: [10000]
2015-01-08 14:16:43,065 - __main__ - INFO - SVM_RBF: 1
2015-01-08 14:16:43,065 - __main__ - INFO - batch_size: 30
2015-01-08 14:16:43,065 - __main__ - INFO - SAE_S_SVM_POLY: 1
2015-01-08 14:16:43,065 - __main__ - INFO - SAE_SVM_RBF: 1
2015-01-08 14:16:43,082 - __main__ - INFO - SAE_SVM: 1
2015-01-08 14:16:43,082 - __main__ - INFO - pretraining_interations: 10000
2015-01-08 14:16:43,082 - __main__ - INFO - fisher_mode: FisherM1
2015-01-08 14:16:43,082 - __main__ - INFO - number_iterations: 1
2015-01-08 14:16:43,082 - __main__ - INFO - finetune_lr: 0.1
2015-01-08 14:16:43,082 - __main__ - INFO - test_set_from_test: True
2015-01-08 14:16:43,082 - __main__ - INFO - with_auc_score: False
2015-01-08 14:16:43,082 - __main__ - INFO - training_epochs: 300
2015-01-08 12:07:14,364 - __main__ - INFO - DL: 1
2015-01-08 12:07:14,365 - __main__ - INFO - Log: 1
2015-01-08 12:07:14,365 - __main__ - INFO - DL_S: 1
2015-01-08 12:07:14,367 - __main__ - INFO - SVM_POLY: 1
2015-01-08 12:07:14,368 - __main__ - INFO - reduce_ratio: 1
2015-01-08 12:07:14,368 - __main__ - INFO - hidden_layers_sizes: [200, 200, 200, 200, 200]
2015-01-08 12:07:14,371 - __main__ - INFO - training_interations: 30000
2015-01-08 12:07:14,374 - __main__ - INFO - corruption_levels: [0.5, 0.5, 0.5, 0.5, 0.5]
2015-01-08 12:07:14,375 - __main__ - INFO - pretrain_lr: 0.001
2015-01-08 12:07:14,378 - __main__ - INFO - SAE_S_SVM: 1
2015-01-08 12:07:14,380 - __main__ - INFO - SAE_SVM_POLY: 1
2015-01-08 12:07:14,381 - __main__ - INFO - SVM: 1
2015-01-08 12:07:14,384 - __main__ - INFO - SAE_S_SVM_RBF: 1
2015-01-08 12:07:14,385 - __main__ - INFO - number_of_training: [10000]
2015-01-08 12:07:14,388 - __main__ - INFO - SVM_RBF: 1
2015-01-08 12:07:14,390 - __main__ - INFO - batch_size: 30
2015-01-08 12:07:14,391 - __main__ - INFO - SAE_S_SVM_POLY: 1
2015-01-08 12:07:14,392 - __main__ - INFO - SAE_SVM_RBF: 1
2015-01-08 12:07:14,394 - __main__ - INFO - SAE_SVM: 1
2015-01-08 12:07:14,397 - __main__ - INFO - pretraining_interations: 10000
2015-01-08 12:07:14,398 - __main__ - INFO - fisher_mode: FisherM1
2015-01-08 12:07:14,400 - __main__ - INFO - number_iterations: 1
2015-01-08 12:07:14,401 - __main__ - INFO - finetune_lr: 0.1
2015-01-08 12:07:14,404 - __main__ - INFO - test_set_from_test: True
2015-01-08 12:07:14,405 - __main__ - INFO - with_auc_score: False
2015-01-08 14:07:20,672 - __main__ - INFO - DL: 1
2015-01-08 14:07:20,672 - __main__ - INFO - Log: 1
2015-01-08 14:07:20,672 - __main__ - INFO - DL_S: 1
2015-01-08 14:07:20,672 - __main__ - INFO - SVM_POLY: 1
2015-01-08 14:07:20,672 - __main__ - INFO - reduce_ratio: 1
2015-01-08 14:07:20,672 - __main__ - INFO - hidden_layers_sizes: [200, 200, 200, 200, 200]
2015-01-08 14:07:20,672 - __main__ - INFO - training_interations: 30000
2015-01-08 14:07:20,672 - __main__ - INFO - corruption_levels: [0.5, 0.5, 0.5, 0.5, 0.5]
2015-01-08 14:07:20,673 - __main__ - INFO - pretrain_lr: 0.001
2015-01-08 14:07:20,673 - __main__ - INFO - SAE_S_SVM: 1
2015-01-08 14:07:20,673 - __main__ - INFO - SAE_SVM_POLY: 1
2015-01-08 14:07:20,673 - __main__ - INFO - SVM: 1
2015-01-08 14:07:20,673 - __main__ - INFO - SAE_S_SVM_RBF: 1
2015-01-08 14:07:20,673 - __main__ - INFO - number_of_training: [10000]
2015-01-08 14:07:20,673 - __main__ - INFO - SVM_RBF: 1
2015-01-08 14:07:20,673 - __main__ - INFO - batch_size: 30
2015-01-08 14:07:20,673 - __main__ - INFO - SAE_S_SVM_POLY: 1
2015-01-08 14:07:20,673 - __main__ - INFO - SAE_SVM_RBF: 1
2015-01-08 14:07:20,673 - __main__ - INFO - SAE_SVM: 1
2015-01-08 14:07:20,673 - __main__ - INFO - pretraining_interations: 10001
2015-01-08 14:07:20,673 - __main__ - INFO - fisher_mode: FisherM1
2015-01-08 14:07:20,673 - __main__ - INFO - number_iterations: 1
2015-01-08 14:07:20,673 - __main__ - INFO - finetune_lr: 0.1
2015-01-08 14:07:20,673 - __main__ - INFO - test_set_from_test: True
2015-01-08 14:07:20,673 - __main__ - INFO - with_auc_score: False
2015-01-08 14:08:20,670 - __main__ - INFO - DL: 1
2015-01-08 14:08:20,670 - __main__ - INFO - Log: 1
2015-01-08 14:08:20,670 - __main__ - INFO - DL_S: 1
2015-01-08 14:08:20,670 - __main__ - INFO - SVM_POLY: 1
2015-01-08 14:08:20,670 - __main__ - INFO - reduce_ratio: 1
2015-01-08 14:08:20,670 - __main__ - INFO - hidden_layers_sizes: [200, 200, 200, 200, 200]
2015-01-08 14:08:20,670 - __main__ - INFO - training_interations: 30000
2015-01-08 14:08:20,670 - __main__ - INFO - corruption_levels: [0.5, 0.5, 0.5, 0.5, 0.5]
2015-01-08 14:08:20,670 - __main__ - INFO - pretrain_lr: 0.001
2015-01-08 14:08:20,671 - __main__ - INFO - SAE_S_SVM: 1
2015-01-08 14:08:20,671 - __main__ - INFO - SAE_SVM_POLY: 1
2015-01-08 14:08:20,671 - __main__ - INFO - SVM: 1
2015-01-08 14:08:20,671 - __main__ - INFO - SAE_S_SVM_RBF: 1
2015-01-08 14:08:20,671 - __main__ - INFO - number_of_training: [10000]
2015-01-08 14:08:20,671 - __main__ - INFO - SVM_RBF: 1
2015-01-08 14:08:20,671 - __main__ - INFO - batch_size: 30
2015-01-08 14:08:20,671 - __main__ - INFO - SAE_S_SVM_POLY: 1
2015-01-08 14:08:20,671 - __main__ - INFO - SAE_SVM_RBF: 1
2015-01-08 14:08:20,671 - __main__ - INFO - SAE_SVM: 1
2015-01-08 14:08:20,671 - __main__ - INFO - pretraining_interations: 10001
2015-01-08 14:08:20,671 - __main__ - INFO - fisher_mode: FisherM1
2015-01-08 14:08:20,671 - __main__ - INFO - number_iterations: 1
2015-01-08 14:08:20,672 - __main__ - INFO - finetune_lr: 0.1
2015-01-08 14:08:20,672 - __main__ - INFO - test_set_from_test: True
2015-01-08 14:08:20,672 - __main__ - INFO - with_auc_score: False
2015-01-08 14:08:34,047 - __main__ - INFO - DL: 1
2015-01-08 14:08:34,047 - __main__ - INFO - Log: 1
2015-01-08 14:08:34,047 - __main__ - INFO - DL_S: 1
2015-01-08 14:08:34,047 - __main__ - INFO - SVM_POLY: 1
2015-01-08 14:08:34,047 - __main__ - INFO - reduce_ratio: 1
2015-01-08 14:08:34,048 - __main__ - INFO - hidden_layers_sizes: [200, 200, 200, 200, 200]
2015-01-08 14:08:34,048 - __main__ - INFO - training_interations: 30000
2015-01-08 14:08:34,048 - __main__ - INFO - corruption_levels: [0.5, 0.5, 0.5, 0.5, 0.5]
2015-01-08 14:08:34,048 - __main__ - INFO - pretrain_lr: 0.001
2015-01-08 14:08:34,048 - __main__ - INFO - SAE_S_SVM: 1
2015-01-08 14:08:34,048 - __main__ - INFO - SAE_SVM_POLY: 1
2015-01-08 14:08:34,048 - __main__ - INFO - SVM: 1
2015-01-08 14:08:34,048 - __main__ - INFO - SAE_S_SVM_RBF: 1
2015-01-08 14:08:34,048 - __main__ - INFO - number_of_training: [10000]
2015-01-08 14:08:34,048 - __main__ - INFO - SVM_RBF: 1
2015-01-08 14:08:34,048 - __main__ - INFO - batch_size: 30
2015-01-08 14:08:34,048 - __main__ - INFO - SAE_S_SVM_POLY: 1
2015-01-08 14:08:34,048 - __main__ - INFO - SAE_SVM_RBF: 1
2015-01-08 14:08:34,048 - __main__ - INFO - SAE_SVM: 1
2015-01-08 14:08:34,048 - __main__ - INFO - pretraining_interations: 10001
2015-01-08 14:08:34,048 - __main__ - INFO - fisher_mode: FisherM1
2015-01-08 14:08:34,048 - __main__ - INFO - number_iterations: 1
2015-01-08 14:08:34,048 - __main__ - INFO - finetune_lr: 0.1
2015-01-08 14:08:34,048 - __main__ - INFO - test_set_from_test: True
2015-01-08 14:08:34,048 - __main__ - INFO - with_auc_score: False
2015-01-08 14:14:47,175 - __main__ - INFO - DL: 1
2015-01-08 14:14:47,224 - __main__ - INFO - Log: 1
2015-01-08 14:14:47,224 - __main__ - INFO - DL_S: 1
2015-01-08 14:14:47,224 - __main__ - INFO - SVM_POLY: 1
2015-01-08 14:14:47,224 - __main__ - INFO - reduce_ratio: 1
2015-01-08 14:14:47,224 - __main__ - INFO - hidden_layers_sizes: [200, 200, 200, 200, 200]
2015-01-08 14:14:47,224 - __main__ - INFO - training_interations: 30000
2015-01-08 14:14:47,224 - __main__ - INFO - corruption_levels: [0, 0, 0, 0, 0]
2015-01-08 14:14:47,224 - __main__ - INFO - pretrain_lr: 0.001
2015-01-08 14:14:47,224 - __main__ - INFO - SAE_S_SVM: 1
2015-01-08 14:14:47,224 - __main__ - INFO - SAE_SVM_POLY: 1
2015-01-08 14:14:47,224 - __main__ - INFO - SVM: 1
2015-01-08 14:14:47,224 - __main__ - INFO - SAE_S_SVM_RBF: 1
2015-01-08 14:14:47,224 - __main__ - INFO - number_of_training: [10000]
2015-01-08 14:14:47,224 - __main__ - INFO - SVM_RBF: 1
2015-01-08 14:14:47,224 - __main__ - INFO - batch_size: 30
2015-01-08 14:14:47,224 - __main__ - INFO - SAE_S_SVM_POLY: 1
2015-01-08 14:14:47,224 - __main__ - INFO - SAE_SVM_RBF: 1
2015-01-08 14:14:47,224 - __main__ - INFO - SAE_SVM: 1
2015-01-08 14:14:47,224 - __main__ - INFO - pretraining_interations: 10002
2015-01-08 14:14:47,224 - __main__ - INFO - fisher_mode: FisherM1
2015-01-08 14:14:47,224 - __main__ - INFO - number_iterations: 1
2015-01-08 14:14:47,224 - __main__ - INFO - finetune_lr: 0.1
2015-01-08 14:14:47,225 - __main__ - INFO - test_set_from_test: True
2015-01-08 14:14:47,225 - __main__ - INFO - with_auc_score: False
2015-01-08 16:37:28,518 - __main__ - INFO - DL: 1
2015-01-08 16:37:28,518 - __main__ - INFO - Log: 1
2015-01-08 16:37:28,518 - __main__ - INFO - DL_S: 1
2015-01-08 16:37:28,518 - __main__ - INFO - SVM_POLY: 1
2015-01-08 16:37:28,518 - __main__ - INFO - reduce_ratio: 1
2015-01-08 16:37:28,518 - __main__ - INFO - hidden_layers_sizes: [200, 200]
2015-01-08 16:37:28,518 - __main__ - INFO - training_interations: 30000
2015-01-08 16:37:28,518 - __main__ - INFO - corruption_levels: [0, 0]
2015-01-08 16:37:28,519 - __main__ - INFO - pretrain_lr: 0.001
2015-01-08 16:37:28,519 - __main__ - INFO - SAE_S_SVM: 1
2015-01-08 16:37:28,519 - __main__ - INFO - SAE_SVM_POLY: 1
2015-01-08 16:37:28,519 - __main__ - INFO - SVM: 1
2015-01-08 16:37:28,519 - __main__ - INFO - SAE_S_SVM_RBF: 1
2015-01-08 16:37:28,519 - __main__ - INFO - number_of_training: [10000]
2015-01-08 16:37:28,519 - __main__ - INFO - SVM_RBF: 1
2015-01-08 16:37:28,519 - __main__ - INFO - batch_size: 30
2015-01-08 16:37:28,519 - __main__ - INFO - SAE_S_SVM_POLY: 1
2015-01-08 16:37:28,519 - __main__ - INFO - SAE_SVM_RBF: 1
2015-01-08 16:37:28,519 - __main__ - INFO - SAE_SVM: 1
2015-01-08 16:37:28,519 - __main__ - INFO - pretraining_interations: 10001
2015-01-08 16:37:28,519 - __main__ - INFO - fisher_mode: FisherM1
2015-01-08 16:37:28,519 - __main__ - INFO - number_iterations: 10
2015-01-08 16:37:28,519 - __main__ - INFO - finetune_lr: 0.1
2015-01-08 16:37:28,519 - __main__ - INFO - test_set_from_test: True
2015-01-08 16:37:28,519 - __main__ - INFO - with_auc_score: False
2015-01-08 16:37:44,409 - __main__ - INFO - DL: 1
2015-01-08 16:37:44,409 - __main__ - INFO - Log: 1
2015-01-08 16:37:44,409 - __main__ - INFO - DL_S: 1
2015-01-08 16:37:44,409 - __main__ - INFO - SVM_POLY: 1
2015-01-08 16:37:44,409 - __main__ - INFO - reduce_ratio: 1
2015-01-08 16:37:44,409 - __main__ - INFO - hidden_layers_sizes: [200, 200]
2015-01-08 16:37:44,409 - __main__ - INFO - training_interations: 30000
2015-01-08 16:37:44,410 - __main__ - INFO - corruption_levels: [0.25, 0.25]
2015-01-08 16:37:44,410 - __main__ - INFO - pretrain_lr: 0.001
2015-01-08 16:37:44,410 - __main__ - INFO - SAE_S_SVM: 1
2015-01-08 16:37:44,410 - __main__ - INFO - SAE_SVM_POLY: 1
2015-01-08 16:37:44,410 - __main__ - INFO - SVM: 1
2015-01-08 16:37:44,410 - __main__ - INFO - SAE_S_SVM_RBF: 1
2015-01-08 16:37:44,410 - __main__ - INFO - number_of_training: [10000]
2015-01-08 16:37:44,410 - __main__ - INFO - SVM_RBF: 1
2015-01-08 16:37:44,410 - __main__ - INFO - batch_size: 30
2015-01-08 16:37:44,410 - __main__ - INFO - SAE_S_SVM_POLY: 1
2015-01-08 16:37:44,410 - __main__ - INFO - SAE_SVM_RBF: 1
2015-01-08 16:37:44,410 - __main__ - INFO - SAE_SVM: 1
2015-01-08 16:37:44,410 - __main__ - INFO - pretraining_interations: 10002
2015-01-08 16:37:44,410 - __main__ - INFO - fisher_mode: FisherM1
2015-01-08 16:37:44,410 - __main__ - INFO - number_iterations: 10
2015-01-08 16:37:44,410 - __main__ - INFO - finetune_lr: 0.1
2015-01-08 16:37:44,410 - __main__ - INFO - test_set_from_test: True
2015-01-08 16:37:44,410 - __main__ - INFO - with_auc_score: False
2015-01-08 16:38:14,468 - __main__ - INFO - DL: 1
2015-01-08 16:38:14,468 - __main__ - INFO - Log: 1
2015-01-08 16:38:14,468 - __main__ - INFO - DL_S: 1
2015-01-08 16:38:14,468 - __main__ - INFO - SVM_POLY: 1
2015-01-08 16:38:14,468 - __main__ - INFO - reduce_ratio: 1
2015-01-08 16:38:14,468 - __main__ - INFO - hidden_layers_sizes: [200, 200, 200, 200, 200]
2015-01-08 16:38:14,468 - __main__ - INFO - training_interations: 30000
2015-01-08 16:38:14,468 - __main__ - INFO - corruption_levels: [0.25, 0.25, 0.25, 0.25, 0.25]
2015-01-08 16:38:14,468 - __main__ - INFO - pretrain_lr: 0.001
2015-01-08 16:38:14,468 - __main__ - INFO - SAE_S_SVM: 1
2015-01-08 16:38:14,469 - __main__ - INFO - SAE_SVM_POLY: 1
2015-01-08 16:38:14,469 - __main__ - INFO - SVM: 1
2015-01-08 16:38:14,469 - __main__ - INFO - SAE_S_SVM_RBF: 1
2015-01-08 16:38:14,469 - __main__ - INFO - number_of_training: [10000]
2015-01-08 16:38:14,469 - __main__ - INFO - SVM_RBF: 1
2015-01-08 16:38:14,469 - __main__ - INFO - batch_size: 30
2015-01-08 16:38:14,469 - __main__ - INFO - SAE_S_SVM_POLY: 1
2015-01-08 16:38:14,469 - __main__ - INFO - SAE_SVM_RBF: 1
2015-01-08 16:38:14,469 - __main__ - INFO - SAE_SVM: 1
2015-01-08 16:38:14,469 - __main__ - INFO - pretraining_interations: 10003
2015-01-08 16:38:14,469 - __main__ - INFO - fisher_mode: FisherM1
2015-01-08 16:38:14,469 - __main__ - INFO - number_iterations: 10
2015-01-08 16:38:14,469 - __main__ - INFO - finetune_lr: 0.1
2015-01-08 16:38:14,469 - __main__ - INFO - test_set_from_test: True
2015-01-08 16:38:14,469 - __main__ - INFO - with_auc_score: False
