2015-05-19 13:22:06,652 - __main__ - INFO - DL: 1
2015-05-19 13:22:06,652 - __main__ - INFO - SAE_SVM_RBF_COMBO: 0
2015-05-19 13:22:06,652 - __main__ - INFO - DL_S_new_sparsity: 0
2015-05-19 13:22:06,652 - __main__ - INFO - DL_S: 0
2015-05-19 13:22:06,652 - __main__ - INFO - DL_U: 0
2015-05-19 13:22:06,653 - __main__ - INFO - SAE_S_SVM_POLY: 0
2015-05-19 13:22:06,653 - __main__ - INFO - reduce_ratio: 1
2015-05-19 13:22:06,653 - __main__ - INFO - pretrain_lr: 0.001
2015-05-19 13:22:06,653 - __main__ - INFO - DL_S_new: 0
2015-05-19 13:22:06,653 - __main__ - INFO - hidden_layers_sizes: [500, 500, 500]
2015-05-19 13:22:06,653 - __main__ - INFO - training_interations: 20001
2015-05-19 13:22:06,653 - __main__ - INFO - Sda_xy_with_first: 1
2015-05-19 13:22:06,653 - __main__ - INFO - corruption_levels: [0, 0, 0]
2015-05-19 13:22:06,653 - __main__ - INFO - filename: ddi_examples_40_60_over2top_diff_name_2014.txt
2015-05-19 13:22:06,653 - __main__ - INFO - SAE_S_SVM: 1
2015-05-19 13:22:06,653 - __main__ - INFO - DL_S_new_Drop_out: 0
2015-05-19 13:22:06,654 - __main__ - INFO - SVM: 1
2015-05-19 13:22:06,654 - __main__ - INFO - SAE_S_SVM_RBF: 1
2015-05-19 13:22:06,654 - __main__ - INFO - number_of_training: [10000]
2015-05-19 13:22:06,654 - __main__ - INFO - SVM_RBF: 1
2015-05-19 13:22:06,654 - __main__ - INFO - batch_size: 100
2015-05-19 13:22:06,654 - __main__ - INFO - SVM_POLY: 0
2015-05-19 13:22:06,654 - __main__ - INFO - DL_xy: 1
2015-05-19 13:22:06,654 - __main__ - INFO - SAE_SVM_RBF: 1
2015-05-19 13:22:06,654 - __main__ - INFO - SAE_SVM: 1
2015-05-19 13:22:06,654 - __main__ - INFO - DL_S_new_contraction: 0
2015-05-19 13:22:06,654 - __main__ - INFO - DL_S_new_weight_decay: 0
2015-05-19 13:22:06,655 - __main__ - INFO - pretraining_interations: 20000
2015-05-19 13:22:06,655 - __main__ - INFO - fisher_mode: FisherM1ONLY
2015-05-19 13:22:06,655 - __main__ - INFO - SAE_SVM_COMBO: 1
2015-05-19 13:22:06,655 - __main__ - INFO - number_iterations: 1
2015-05-19 13:22:06,655 - __main__ - INFO - finetune_lr: 1
2015-05-19 13:22:06,655 - __main__ - INFO - n_cores: 1
2015-05-19 13:22:06,655 - __main__ - INFO - test_set_from_test: True
2015-05-19 13:22:06,655 - __main__ - INFO - with_auc_score: False
2015-05-19 13:22:06,655 - __main__ - INFO - Sda_new: 1
2015-05-19 23:47:23,307 - __main__ - INFO - DL: 1
2015-05-19 23:47:23,308 - __main__ - INFO - SAE_SVM_RBF_COMBO: 0
2015-05-19 23:47:23,308 - __main__ - INFO - DL_S_new_sparsity: 0
2015-05-19 23:47:23,308 - __main__ - INFO - DL_S: 0
2015-05-19 23:47:23,308 - __main__ - INFO - DL_U: 0
2015-05-19 23:47:23,308 - __main__ - INFO - SAE_S_SVM_POLY: 0
2015-05-19 23:47:23,308 - __main__ - INFO - reduce_ratio: 1
2015-05-19 23:47:23,308 - __main__ - INFO - pretrain_lr: 0.001
2015-05-19 23:47:23,308 - __main__ - INFO - DL_S_new: 1
2015-05-19 23:47:23,308 - __main__ - INFO - hidden_layers_sizes: [500, 500, 500]
2015-05-19 23:47:23,309 - __main__ - INFO - training_interations: 20002
2015-05-19 23:47:23,309 - __main__ - INFO - Sda_xy_with_first: 1
2015-05-19 23:47:23,309 - __main__ - INFO - corruption_levels: [0, 0, 0]
2015-05-19 23:47:23,309 - __main__ - INFO - filename: ddi_examples_40_60_over2top_diff_name_2014.txt
2015-05-19 23:47:23,309 - __main__ - INFO - SAE_S_SVM: 1
2015-05-19 23:47:23,309 - __main__ - INFO - DL_S_new_Drop_out: 0
2015-05-19 23:47:23,309 - __main__ - INFO - SVM: 1
2015-05-19 23:47:23,309 - __main__ - INFO - SAE_S_SVM_RBF: 1
2015-05-19 23:47:23,309 - __main__ - INFO - number_of_training: [10000]
2015-05-19 23:47:23,309 - __main__ - INFO - SVM_RBF: 1
2015-05-19 23:47:23,309 - __main__ - INFO - batch_size: 100
2015-05-19 23:47:23,310 - __main__ - INFO - SVM_POLY: 0
2015-05-19 23:47:23,310 - __main__ - INFO - DL_xy: 1
2015-05-19 23:47:23,310 - __main__ - INFO - SAE_SVM_RBF: 1
2015-05-19 23:47:23,310 - __main__ - INFO - SAE_SVM: 1
2015-05-19 23:47:23,310 - __main__ - INFO - DL_S_new_contraction: 0
2015-05-19 23:47:23,310 - __main__ - INFO - DL_S_new_weight_decay: 0
2015-05-19 23:47:23,310 - __main__ - INFO - pretraining_interations: 20002
2015-05-19 23:47:23,310 - __main__ - INFO - fisher_mode: FisherM1ONLY
2015-05-19 23:47:23,310 - __main__ - INFO - SAE_SVM_COMBO: 1
2015-05-19 23:47:23,310 - __main__ - INFO - number_iterations: 1
2015-05-19 23:47:23,310 - __main__ - INFO - finetune_lr: 1
2015-05-19 23:47:23,311 - __main__ - INFO - n_cores: 1
2015-05-19 23:47:23,311 - __main__ - INFO - test_set_from_test: True
2015-05-19 23:47:23,311 - __main__ - INFO - with_auc_score: False
2015-05-19 23:47:23,311 - __main__ - INFO - Sda_new: 1
