2015-01-09 14:11:48,556 - __main__ - INFO - DL: 1
2015-01-09 14:11:48,556 - __main__ - INFO - Log: 1
2015-01-09 14:11:48,556 - __main__ - INFO - DL_S: 1
2015-01-09 14:11:48,556 - __main__ - INFO - SVM_POLY: 1
2015-01-09 14:11:48,556 - __main__ - INFO - reduce_ratio: 1
2015-01-09 14:11:48,556 - __main__ - INFO - hidden_layers_sizes: [200, 200, 200, 200, 200]
2015-01-09 14:11:48,556 - __main__ - INFO - training_interations: 30000
2015-01-09 14:11:48,556 - __main__ - INFO - corruption_levels: [0, 0, 0, 0, 0]
2015-01-09 14:11:48,556 - __main__ - INFO - pretrain_lr: 0.001
2015-01-09 14:11:48,556 - __main__ - INFO - SAE_S_SVM: 1
2015-01-09 14:11:48,556 - __main__ - INFO - SAE_SVM_POLY: 1
2015-01-09 14:11:48,556 - __main__ - INFO - SVM: 1
2015-01-09 14:11:48,557 - __main__ - INFO - SAE_S_SVM_RBF: 1
2015-01-09 14:11:48,557 - __main__ - INFO - number_of_training: [10000]
2015-01-09 14:11:48,557 - __main__ - INFO - SVM_RBF: 1
2015-01-09 14:11:48,557 - __main__ - INFO - batch_size: 30
2015-01-09 14:11:48,557 - __main__ - INFO - SAE_S_SVM_POLY: 1
2015-01-09 14:11:48,557 - __main__ - INFO - SAE_SVM_RBF: 1
2015-01-09 14:11:48,557 - __main__ - INFO - SAE_SVM: 1
2015-01-09 14:11:48,557 - __main__ - INFO - pretraining_interations: 10004
2015-01-09 14:11:48,557 - __main__ - INFO - fisher_mode: FisherM1
2015-01-09 14:11:48,557 - __main__ - INFO - number_iterations: 10
2015-01-09 14:11:48,557 - __main__ - INFO - finetune_lr: 0.1
2015-01-09 14:11:48,557 - __main__ - INFO - test_set_from_test: True
2015-01-09 14:11:48,557 - __main__ - INFO - with_auc_score: False
2015-01-09 14:38:00,621 - __main__ - INFO - DL: 1
2015-01-09 14:38:00,621 - __main__ - INFO - Log: 1
2015-01-09 14:38:00,621 - __main__ - INFO - DL_S: 1
2015-01-09 14:38:00,621 - __main__ - INFO - SVM_POLY: 1
2015-01-09 14:38:00,621 - __main__ - INFO - reduce_ratio: 1
2015-01-09 14:38:00,621 - __main__ - INFO - hidden_layers_sizes: [200, 200]
2015-01-09 14:38:00,621 - __main__ - INFO - training_interations: 30000
2015-01-09 14:38:00,621 - __main__ - INFO - corruption_levels: [0, 0]
2015-01-09 14:38:00,621 - __main__ - INFO - pretrain_lr: 0.001
2015-01-09 14:38:00,621 - __main__ - INFO - SAE_S_SVM: 1
2015-01-09 14:38:00,621 - __main__ - INFO - SAE_SVM_POLY: 1
2015-01-09 14:38:00,621 - __main__ - INFO - SVM: 1
2015-01-09 14:38:00,621 - __main__ - INFO - SAE_S_SVM_RBF: 1
2015-01-09 14:38:00,621 - __main__ - INFO - number_of_training: [10000]
2015-01-09 14:38:00,622 - __main__ - INFO - SVM_RBF: 1
2015-01-09 14:38:00,622 - __main__ - INFO - batch_size: 30
2015-01-09 14:38:00,622 - __main__ - INFO - SAE_S_SVM_POLY: 1
2015-01-09 14:38:00,622 - __main__ - INFO - SAE_SVM_RBF: 1
2015-01-09 14:38:00,622 - __main__ - INFO - SAE_SVM: 1
2015-01-09 14:38:00,622 - __main__ - INFO - pretraining_interations: 10001
2015-01-09 14:38:00,622 - __main__ - INFO - fisher_mode: FisherM1
2015-01-09 14:38:00,622 - __main__ - INFO - number_iterations: 10
2015-01-09 14:38:00,622 - __main__ - INFO - finetune_lr: 0.1
2015-01-09 14:38:00,622 - __main__ - INFO - test_set_from_test: True
2015-01-09 14:38:00,622 - __main__ - INFO - with_auc_score: False
2015-01-09 15:59:20,230 - __main__ - INFO - DL: 1
2015-01-09 15:59:20,230 - __main__ - INFO - hidden_layers_sizes: [200, 200]
2015-01-09 15:59:20,230 - __main__ - INFO - DL_S: 1
2015-01-09 15:59:20,230 - __main__ - INFO - SVM_POLY: 1
2015-01-09 15:59:20,230 - __main__ - INFO - reduce_ratio: 1
2015-01-09 15:59:20,230 - __main__ - INFO - Log: 1
2015-01-09 15:59:20,230 - __main__ - INFO - training_interations: 50001
2015-01-09 15:59:20,230 - __main__ - INFO - corruption_levels: [0, 0]
2015-01-09 15:59:20,230 - __main__ - INFO - pretrain_lr: 0.001
2015-01-09 15:59:20,230 - __main__ - INFO - SAE_S_SVM: 1
2015-01-09 15:59:20,230 - __main__ - INFO - SAE_SVM_POLY: 1
2015-01-09 15:59:20,230 - __main__ - INFO - SVM: 1
2015-01-09 15:59:20,230 - __main__ - INFO - SAE_S_SVM_RBF: 1
2015-01-09 15:59:20,230 - __main__ - INFO - number_of_training: [10000]
2015-01-09 15:59:20,230 - __main__ - INFO - SVM_RBF: 1
2015-01-09 15:59:20,230 - __main__ - INFO - batch_size: 30
2015-01-09 15:59:20,231 - __main__ - INFO - SAE_S_SVM_POLY: 1
2015-01-09 15:59:20,231 - __main__ - INFO - SAE_SVM_RBF: 1
2015-01-09 15:59:20,231 - __main__ - INFO - SAE_SVM: 1
2015-01-09 15:59:20,231 - __main__ - INFO - pretraining_interations: 50001
2015-01-09 15:59:20,231 - __main__ - INFO - number_iterations: 10
2015-01-09 15:59:20,231 - __main__ - INFO - finetune_lr: 0.1
2015-01-09 15:59:20,231 - __main__ - INFO - test_set_from_test: True
2015-01-09 15:59:20,231 - __main__ - INFO - with_auc_score: False
2015-01-09 15:59:46,740 - __main__ - INFO - DL: 1
2015-01-09 15:59:46,741 - __main__ - INFO - hidden_layers_sizes: [200, 200]
2015-01-09 15:59:46,741 - __main__ - INFO - DL_S: 1
2015-01-09 15:59:46,741 - __main__ - INFO - SVM_POLY: 1
2015-01-09 15:59:46,741 - __main__ - INFO - reduce_ratio: 1
2015-01-09 15:59:46,741 - __main__ - INFO - Log: 1
2015-01-09 15:59:46,741 - __main__ - INFO - training_interations: 50002
2015-01-09 15:59:46,741 - __main__ - INFO - corruption_levels: [0.25, 0.25]
2015-01-09 15:59:46,741 - __main__ - INFO - pretrain_lr: 0.001
2015-01-09 15:59:46,741 - __main__ - INFO - SAE_S_SVM: 1
2015-01-09 15:59:46,741 - __main__ - INFO - SAE_SVM_POLY: 1
2015-01-09 15:59:46,741 - __main__ - INFO - SVM: 1
2015-01-09 15:59:46,741 - __main__ - INFO - SAE_S_SVM_RBF: 1
2015-01-09 15:59:46,741 - __main__ - INFO - number_of_training: [10000]
2015-01-09 15:59:46,741 - __main__ - INFO - SVM_RBF: 1
2015-01-09 15:59:46,741 - __main__ - INFO - batch_size: 30
2015-01-09 15:59:46,741 - __main__ - INFO - SAE_S_SVM_POLY: 1
2015-01-09 15:59:46,741 - __main__ - INFO - SAE_SVM_RBF: 1
2015-01-09 15:59:46,741 - __main__ - INFO - SAE_SVM: 1
2015-01-09 15:59:46,741 - __main__ - INFO - pretraining_interations: 50002
2015-01-09 15:59:46,741 - __main__ - INFO - number_iterations: 10
2015-01-09 15:59:46,741 - __main__ - INFO - finetune_lr: 0.1
2015-01-09 15:59:46,741 - __main__ - INFO - test_set_from_test: True
2015-01-09 15:59:46,741 - __main__ - INFO - with_auc_score: False
2015-01-09 16:06:37,966 - __main__ - INFO - DL: 1
2015-01-09 16:06:37,966 - __main__ - INFO - hidden_layers_sizes: [200, 200, 200, 200, 200]
2015-01-09 16:06:37,966 - __main__ - INFO - DL_S: 1
2015-01-09 16:06:37,966 - __main__ - INFO - SVM_POLY: 1
2015-01-09 16:06:37,966 - __main__ - INFO - reduce_ratio: 1
2015-01-09 16:06:37,966 - __main__ - INFO - Log: 1
2015-01-09 16:06:37,966 - __main__ - INFO - training_interations: 50003
2015-01-09 16:06:37,966 - __main__ - INFO - corruption_levels: [0, 0, 0, 0, 0]
2015-01-09 16:06:37,966 - __main__ - INFO - pretrain_lr: 0.001
2015-01-09 16:06:37,966 - __main__ - INFO - SAE_S_SVM: 1
2015-01-09 16:06:37,966 - __main__ - INFO - SAE_SVM_POLY: 1
2015-01-09 16:06:37,966 - __main__ - INFO - SVM: 1
2015-01-09 16:06:37,966 - __main__ - INFO - SAE_S_SVM_RBF: 1
2015-01-09 16:06:37,967 - __main__ - INFO - number_of_training: [10000]
2015-01-09 16:06:37,967 - __main__ - INFO - SVM_RBF: 1
2015-01-09 16:06:37,967 - __main__ - INFO - batch_size: 30
2015-01-09 16:06:37,967 - __main__ - INFO - SAE_S_SVM_POLY: 1
2015-01-09 16:06:37,967 - __main__ - INFO - SAE_SVM_RBF: 1
2015-01-09 16:06:37,967 - __main__ - INFO - SAE_SVM: 1
2015-01-09 16:06:37,967 - __main__ - INFO - pretraining_interations: 50003
2015-01-09 16:06:37,967 - __main__ - INFO - number_iterations: 10
2015-01-09 16:06:37,967 - __main__ - INFO - finetune_lr: 0.1
2015-01-09 16:06:37,967 - __main__ - INFO - test_set_from_test: True
2015-01-09 16:06:37,967 - __main__ - INFO - with_auc_score: False
2015-01-09 16:10:51,421 - __main__ - INFO - DL: 1
2015-01-09 16:10:51,434 - __main__ - INFO - hidden_layers_sizes: [200, 200, 200, 200, 200]
2015-01-09 16:10:51,434 - __main__ - INFO - DL_S: 1
2015-01-09 16:10:51,434 - __main__ - INFO - SVM_POLY: 1
2015-01-09 16:10:51,434 - __main__ - INFO - reduce_ratio: 1
2015-01-09 16:10:51,434 - __main__ - INFO - Log: 1
2015-01-09 16:10:51,434 - __main__ - INFO - training_interations: 50004
2015-01-09 16:10:51,434 - __main__ - INFO - corruption_levels: [0.25, 0.25, 0.25, 0.25, 0.25]
2015-01-09 16:10:51,434 - __main__ - INFO - pretrain_lr: 0.001
2015-01-09 16:10:51,434 - __main__ - INFO - SAE_S_SVM: 1
2015-01-09 16:10:51,434 - __main__ - INFO - SAE_SVM_POLY: 1
2015-01-09 16:10:51,435 - __main__ - INFO - SVM: 1
2015-01-09 16:10:51,435 - __main__ - INFO - SAE_S_SVM_RBF: 1
2015-01-09 16:10:51,435 - __main__ - INFO - number_of_training: [10000]
2015-01-09 16:10:51,435 - __main__ - INFO - SVM_RBF: 1
2015-01-09 16:10:51,435 - __main__ - INFO - batch_size: 30
2015-01-09 16:10:51,435 - __main__ - INFO - SAE_S_SVM_POLY: 1
2015-01-09 16:10:51,435 - __main__ - INFO - SAE_SVM_RBF: 1
2015-01-09 16:10:51,435 - __main__ - INFO - SAE_SVM: 1
2015-01-09 16:10:51,435 - __main__ - INFO - pretraining_interations: 50004
2015-01-09 16:10:51,435 - __main__ - INFO - number_iterations: 10
2015-01-09 16:10:51,435 - __main__ - INFO - finetune_lr: 0.1
2015-01-09 16:10:51,435 - __main__ - INFO - test_set_from_test: True
2015-01-09 16:10:51,435 - __main__ - INFO - with_auc_score: False
2015-01-09 16:22:26,919 - __main__ - INFO - DL: 1
2015-01-09 16:22:26,919 - __main__ - INFO - hidden_layers_sizes: [200, 200, 200, 200, 200]
2015-01-09 16:22:26,919 - __main__ - INFO - DL_S: 1
2015-01-09 16:22:26,919 - __main__ - INFO - SVM_POLY: 1
2015-01-09 16:22:26,919 - __main__ - INFO - reduce_ratio: 1
2015-01-09 16:22:26,920 - __main__ - INFO - Log: 1
2015-01-09 16:22:26,920 - __main__ - INFO - training_interations: 50004
2015-01-09 16:22:26,920 - __main__ - INFO - corruption_levels: [0.25, 0.25, 0.25, 0.25, 0.25]
2015-01-09 16:22:26,920 - __main__ - INFO - pretrain_lr: 0.001
2015-01-09 16:22:26,920 - __main__ - INFO - SAE_S_SVM: 1
2015-01-09 16:22:26,920 - __main__ - INFO - SAE_SVM_POLY: 1
2015-01-09 16:22:26,920 - __main__ - INFO - SVM: 1
2015-01-09 16:22:26,920 - __main__ - INFO - SAE_S_SVM_RBF: 1
2015-01-09 16:22:26,920 - __main__ - INFO - number_of_training: [10000]
2015-01-09 16:22:26,920 - __main__ - INFO - SVM_RBF: 1
2015-01-09 16:22:26,920 - __main__ - INFO - batch_size: 30
2015-01-09 16:22:26,920 - __main__ - INFO - SAE_S_SVM_POLY: 1
2015-01-09 16:22:26,920 - __main__ - INFO - SAE_SVM_RBF: 1
2015-01-09 16:22:26,920 - __main__ - INFO - SAE_SVM: 1
2015-01-09 16:22:26,920 - __main__ - INFO - pretraining_interations: 50004
2015-01-09 16:22:26,920 - __main__ - INFO - number_iterations: 10
2015-01-09 16:22:26,920 - __main__ - INFO - finetune_lr: 0.1
2015-01-09 16:22:26,920 - __main__ - INFO - test_set_from_test: True
2015-01-09 16:22:26,920 - __main__ - INFO - with_auc_score: False
2015-01-09 16:31:57,716 - __main__ - INFO - DL: 1
2015-01-09 16:31:57,746 - __main__ - INFO - hidden_layers_sizes: [200, 200]
2015-01-09 16:31:57,746 - __main__ - INFO - DL_S: 1
2015-01-09 16:31:57,746 - __main__ - INFO - SVM_POLY: 1
2015-01-09 16:31:57,746 - __main__ - INFO - reduce_ratio: 1
2015-01-09 16:31:57,746 - __main__ - INFO - Log: 1
2015-01-09 16:31:57,746 - __main__ - INFO - training_interations: 50002
2015-01-09 16:31:57,746 - __main__ - INFO - corruption_levels: [0.25, 0.25]
2015-01-09 16:31:57,746 - __main__ - INFO - pretrain_lr: 0.001
2015-01-09 16:31:57,746 - __main__ - INFO - SAE_S_SVM: 1
2015-01-09 16:31:57,746 - __main__ - INFO - SAE_SVM_POLY: 1
2015-01-09 16:31:57,747 - __main__ - INFO - SVM: 1
2015-01-09 16:31:57,747 - __main__ - INFO - SAE_S_SVM_RBF: 1
2015-01-09 16:31:57,747 - __main__ - INFO - number_of_training: [10000]
2015-01-09 16:31:57,747 - __main__ - INFO - SVM_RBF: 1
2015-01-09 16:31:57,747 - __main__ - INFO - batch_size: 30
2015-01-09 16:31:57,747 - __main__ - INFO - SAE_S_SVM_POLY: 1
2015-01-09 16:31:57,747 - __main__ - INFO - SAE_SVM_RBF: 1
2015-01-09 16:31:57,747 - __main__ - INFO - SAE_SVM: 1
2015-01-09 16:31:57,747 - __main__ - INFO - pretraining_interations: 50002
2015-01-09 16:31:57,747 - __main__ - INFO - number_iterations: 10
2015-01-09 16:31:57,747 - __main__ - INFO - finetune_lr: 0.1
2015-01-09 16:31:57,747 - __main__ - INFO - test_set_from_test: True
2015-01-09 16:31:57,747 - __main__ - INFO - with_auc_score: False
